CRITICAL - 2024-02-09 09:48:36 --> CodeIgniter\View\Exceptions\ViewException: Invalid file: "Templates/header_form.php"
in SYSTEMPATH\Exceptions\FrameworkException.php on line 39.
 1 SYSTEMPATH\View\View.php(216): CodeIgniter\Exceptions\FrameworkException::forInvalidFile('Templates/header_form.php')
 2 SYSTEMPATH\Common.php(1178): CodeIgniter\View\View->render('Templates/header_form', [], true)
 3 APPPATH\Controllers\Connexion.php(19): view('Templates/header_form', [...])
 4 APPPATH\Controllers\Connexion.php(9): App\Controllers\Connexion->authentification('login')
 5 SYSTEMPATH\CodeIgniter.php(941): App\Controllers\Connexion->index()
 6 SYSTEMPATH\CodeIgniter.php(502): CodeIgniter\CodeIgniter->runController(Object(App\Controllers\Connexion))
 7 SYSTEMPATH\CodeIgniter.php(361): CodeIgniter\CodeIgniter->handleRequest(null, Object(Config\Cache), false)
 8 FCPATH\index.php(79): CodeIgniter\CodeIgniter->run()
CRITICAL - 2024-02-09 09:48:50 --> CodeIgniter\View\Exceptions\ViewException: Invalid file: "Templates/header_form.php"
in SYSTEMPATH\Exceptions\FrameworkException.php on line 39.
 1 SYSTEMPATH\View\View.php(216): CodeIgniter\Exceptions\FrameworkException::forInvalidFile('Templates/header_form.php')
 2 SYSTEMPATH\Common.php(1178): CodeIgniter\View\View->render('Templates/header_form', [], true)
 3 APPPATH\Controllers\Connexion.php(19): view('Templates/header_form', [...])
 4 APPPATH\Controllers\Connexion.php(9): App\Controllers\Connexion->authentification('login')
 5 SYSTEMPATH\CodeIgniter.php(941): App\Controllers\Connexion->index()
 6 SYSTEMPATH\CodeIgniter.php(502): CodeIgniter\CodeIgniter->runController(Object(App\Controllers\Connexion))
 7 SYSTEMPATH\CodeIgniter.php(361): CodeIgniter\CodeIgniter->handleRequest(null, Object(Config\Cache), false)
 8 FCPATH\index.php(79): CodeIgniter\CodeIgniter->run()
CRITICAL - 2024-02-09 09:51:22 --> ParseError: syntax error, unexpected token "endif", expecting end of file
in APPPATH\Views\Templates\header.php on line 23.
 1 SYSTEMPATH\View\View.php(231): CodeIgniter\View\View->CodeIgniter\View\{closure}()
 2 SYSTEMPATH\Common.php(1178): CodeIgniter\View\View->render('Templates/header', [], true)
 3 APPPATH\Controllers\Connexion.php(19): view('Templates/header', [...])
 4 APPPATH\Controllers\Connexion.php(9): App\Controllers\Connexion->authentification('login')
 5 SYSTEMPATH\CodeIgniter.php(941): App\Controllers\Connexion->index()
 6 SYSTEMPATH\CodeIgniter.php(502): CodeIgniter\CodeIgniter->runController(Object(App\Controllers\Connexion))
 7 SYSTEMPATH\CodeIgniter.php(361): CodeIgniter\CodeIgniter->handleRequest(null, Object(Config\Cache), false)
 8 FCPATH\index.php(79): CodeIgniter\CodeIgniter->run()
