INFO - 2024-03-04 15:45:30 --> Session: Class initialized using 'CodeIgniter\Session\Handlers\FileHandler' driver.
WARNING - 2024-03-04 15:45:30 --> [DEPRECATED] Creation of dynamic property App\Controllers\Accueil::$session is deprecated in APPPATH\Controllers\BaseController.php on line 56.
 1 SYSTEMPATH\CodeIgniter.php(914): App\Controllers\BaseController->initController(Object(CodeIgniter\HTTP\IncomingRequest), Object(CodeIgniter\HTTP\Response), Object(CodeIgniter\Log\Logger))
 2 SYSTEMPATH\CodeIgniter.php(493): CodeIgniter\CodeIgniter->createController()
 3 SYSTEMPATH\CodeIgniter.php(361): CodeIgniter\CodeIgniter->handleRequest(null, Object(Config\Cache), false)
 4 FCPATH\index.php(79): CodeIgniter\CodeIgniter->run()
INFO - 2024-03-04 15:45:35 --> Session: Class initialized using 'CodeIgniter\Session\Handlers\FileHandler' driver.
WARNING - 2024-03-04 15:45:35 --> [DEPRECATED] Creation of dynamic property App\Controllers\Authentification::$session is deprecated in APPPATH\Controllers\BaseController.php on line 56.
 1 SYSTEMPATH\CodeIgniter.php(914): App\Controllers\BaseController->initController(Object(CodeIgniter\HTTP\IncomingRequest), Object(CodeIgniter\HTTP\Response), Object(CodeIgniter\Log\Logger))
 2 SYSTEMPATH\CodeIgniter.php(493): CodeIgniter\CodeIgniter->createController()
 3 SYSTEMPATH\CodeIgniter.php(361): CodeIgniter\CodeIgniter->handleRequest(null, Object(Config\Cache), false)
 4 FCPATH\index.php(79): CodeIgniter\CodeIgniter->run()
INFO - 2024-03-04 15:45:38 --> Session: Class initialized using 'CodeIgniter\Session\Handlers\FileHandler' driver.
WARNING - 2024-03-04 15:45:38 --> [DEPRECATED] Creation of dynamic property App\Controllers\Authentification::$session is deprecated in APPPATH\Controllers\BaseController.php on line 56.
 1 SYSTEMPATH\CodeIgniter.php(914): App\Controllers\BaseController->initController(Object(CodeIgniter\HTTP\IncomingRequest), Object(CodeIgniter\HTTP\Response), Object(CodeIgniter\Log\Logger))
 2 SYSTEMPATH\CodeIgniter.php(493): CodeIgniter\CodeIgniter->createController()
 3 SYSTEMPATH\CodeIgniter.php(361): CodeIgniter\CodeIgniter->handleRequest(null, Object(Config\Cache), false)
 4 FCPATH\index.php(79): CodeIgniter\CodeIgniter->run()
WARNING - 2024-03-04 15:45:39 --> Session: Sessions is enabled, and one exists. Please don't $session->start();
INFO - 2024-03-04 15:45:39 --> Session: Class initialized using 'CodeIgniter\Session\Handlers\FileHandler' driver.
WARNING - 2024-03-04 15:45:39 --> [DEPRECATED] Creation of dynamic property App\Controllers\Compte::$session is deprecated in APPPATH\Controllers\BaseController.php on line 56.
 1 SYSTEMPATH\CodeIgniter.php(914): App\Controllers\BaseController->initController(Object(CodeIgniter\HTTP\IncomingRequest), Object(CodeIgniter\HTTP\Response), Object(CodeIgniter\Log\Logger))
 2 SYSTEMPATH\CodeIgniter.php(493): CodeIgniter\CodeIgniter->createController()
 3 SYSTEMPATH\CodeIgniter.php(361): CodeIgniter\CodeIgniter->handleRequest(null, Object(Config\Cache), false)
 4 FCPATH\index.php(79): CodeIgniter\CodeIgniter->run()
WARNING - 2024-03-04 15:45:39 --> Session: Sessions is enabled, and one exists. Please don't $session->start();
INFO - 2024-03-04 15:45:42 --> Session: Class initialized using 'CodeIgniter\Session\Handlers\FileHandler' driver.
WARNING - 2024-03-04 15:45:42 --> [DEPRECATED] Creation of dynamic property App\Controllers\Compte::$session is deprecated in APPPATH\Controllers\BaseController.php on line 56.
 1 SYSTEMPATH\CodeIgniter.php(914): App\Controllers\BaseController->initController(Object(CodeIgniter\HTTP\IncomingRequest), Object(CodeIgniter\HTTP\Response), Object(CodeIgniter\Log\Logger))
 2 SYSTEMPATH\CodeIgniter.php(493): CodeIgniter\CodeIgniter->createController()
 3 SYSTEMPATH\CodeIgniter.php(361): CodeIgniter\CodeIgniter->handleRequest(null, Object(Config\Cache), false)
 4 FCPATH\index.php(79): CodeIgniter\CodeIgniter->run()
CRITICAL - 2024-03-04 15:45:42 --> Error: Class "CommandeModel" not found
in APPPATH\Views\Pages\User\profil.php on line 9.
 1 SYSTEMPATH\View\View.php(228): include()
 2 SYSTEMPATH\View\View.php(231): CodeIgniter\View\View->CodeIgniter\View\{closure}()
 3 SYSTEMPATH\Common.php(1178): CodeIgniter\View\View->render('Pages/User/profil', [], true)
 4 APPPATH\Controllers\Compte.php(45): view('Pages/User/profil')
 5 SYSTEMPATH\CodeIgniter.php(941): App\Controllers\Compte->parametre()
 6 SYSTEMPATH\CodeIgniter.php(502): CodeIgniter\CodeIgniter->runController(Object(App\Controllers\Compte))
 7 SYSTEMPATH\CodeIgniter.php(361): CodeIgniter\CodeIgniter->handleRequest(null, Object(Config\Cache), false)
 8 FCPATH\index.php(79): CodeIgniter\CodeIgniter->run()
INFO - 2024-03-04 15:47:19 --> Session: Class initialized using 'CodeIgniter\Session\Handlers\FileHandler' driver.
WARNING - 2024-03-04 15:47:19 --> [DEPRECATED] Creation of dynamic property App\Controllers\Compte::$session is deprecated in APPPATH\Controllers\BaseController.php on line 56.
 1 SYSTEMPATH\CodeIgniter.php(914): App\Controllers\BaseController->initController(Object(CodeIgniter\HTTP\IncomingRequest), Object(CodeIgniter\HTTP\Response), Object(CodeIgniter\Log\Logger))
 2 SYSTEMPATH\CodeIgniter.php(493): CodeIgniter\CodeIgniter->createController()
 3 SYSTEMPATH\CodeIgniter.php(361): CodeIgniter\CodeIgniter->handleRequest(null, Object(Config\Cache), false)
 4 FCPATH\index.php(79): CodeIgniter\CodeIgniter->run()
CRITICAL - 2024-03-04 15:47:19 --> CodeIgniter\Database\Exceptions\DatabaseException: You must set the database table to be used with your query.
in SYSTEMPATH\Database\BaseConnection.php on line 884.
 1 SYSTEMPATH\Model.php(662): CodeIgniter\Database\BaseConnection->table(null)
 2 SYSTEMPATH\Model.php(864): CodeIgniter\Model->builder()
 3 APPPATH\Views\Pages\User\profil.php(10): CodeIgniter\Model->__call('getSociete', [...])
 4 SYSTEMPATH\View\View.php(228): include('C:\\Users\\user\\xampp\\htdocs\\v4bis\\app\\Views\\Pages\\User\\profil.php')
 5 SYSTEMPATH\View\View.php(231): CodeIgniter\View\View->CodeIgniter\View\{closure}()
 6 SYSTEMPATH\Common.php(1178): CodeIgniter\View\View->render('Pages/User/profil', [], true)
 7 APPPATH\Controllers\Compte.php(45): view('Pages/User/profil')
 8 SYSTEMPATH\CodeIgniter.php(941): App\Controllers\Compte->parametre()
 9 SYSTEMPATH\CodeIgniter.php(502): CodeIgniter\CodeIgniter->runController(Object(App\Controllers\Compte))
10 SYSTEMPATH\CodeIgniter.php(361): CodeIgniter\CodeIgniter->handleRequest(null, Object(Config\Cache), false)
11 FCPATH\index.php(79): CodeIgniter\CodeIgniter->run()
INFO - 2024-03-04 15:48:10 --> Session: Class initialized using 'CodeIgniter\Session\Handlers\FileHandler' driver.
WARNING - 2024-03-04 15:48:10 --> [DEPRECATED] Creation of dynamic property App\Controllers\Compte::$session is deprecated in APPPATH\Controllers\BaseController.php on line 56.
 1 SYSTEMPATH\CodeIgniter.php(914): App\Controllers\BaseController->initController(Object(CodeIgniter\HTTP\IncomingRequest), Object(CodeIgniter\HTTP\Response), Object(CodeIgniter\Log\Logger))
 2 SYSTEMPATH\CodeIgniter.php(493): CodeIgniter\CodeIgniter->createController()
 3 SYSTEMPATH\CodeIgniter.php(361): CodeIgniter\CodeIgniter->handleRequest(null, Object(Config\Cache), false)
 4 FCPATH\index.php(79): CodeIgniter\CodeIgniter->run()
CRITICAL - 2024-03-04 15:48:10 --> ErrorException: Undefined variable $commandeModel
in APPPATH\Views\Pages\User\profil.php on line 10.
 1 APPPATH\Views\Pages\User\profil.php(10): CodeIgniter\Debug\Exceptions->errorHandler(2, 'Undefined variable $commandeModel', 'C:\\Users\\user\\xampp\\htdocs\\v4bis\\app\\Views\\Pages\\User\\profil.php', 10)
 2 SYSTEMPATH\View\View.php(228): include('C:\\Users\\user\\xampp\\htdocs\\v4bis\\app\\Views\\Pages\\User\\profil.php')
 3 SYSTEMPATH\View\View.php(231): CodeIgniter\View\View->CodeIgniter\View\{closure}()
 4 SYSTEMPATH\Common.php(1178): CodeIgniter\View\View->render('Pages/User/profil', [], true)
 5 APPPATH\Controllers\Compte.php(45): view('Pages/User/profil')
 6 SYSTEMPATH\CodeIgniter.php(941): App\Controllers\Compte->parametre()
 7 SYSTEMPATH\CodeIgniter.php(502): CodeIgniter\CodeIgniter->runController(Object(App\Controllers\Compte))
 8 SYSTEMPATH\CodeIgniter.php(361): CodeIgniter\CodeIgniter->handleRequest(null, Object(Config\Cache), false)
 9 FCPATH\index.php(79): CodeIgniter\CodeIgniter->run()
INFO - 2024-03-04 15:48:44 --> Session: Class initialized using 'CodeIgniter\Session\Handlers\FileHandler' driver.
WARNING - 2024-03-04 15:48:44 --> [DEPRECATED] Creation of dynamic property App\Controllers\Compte::$session is deprecated in APPPATH\Controllers\BaseController.php on line 56.
 1 SYSTEMPATH\CodeIgniter.php(914): App\Controllers\BaseController->initController(Object(CodeIgniter\HTTP\IncomingRequest), Object(CodeIgniter\HTTP\Response), Object(CodeIgniter\Log\Logger))
 2 SYSTEMPATH\CodeIgniter.php(493): CodeIgniter\CodeIgniter->createController()
 3 SYSTEMPATH\CodeIgniter.php(361): CodeIgniter\CodeIgniter->handleRequest(null, Object(Config\Cache), false)
 4 FCPATH\index.php(79): CodeIgniter\CodeIgniter->run()
CRITICAL - 2024-03-04 15:48:44 --> ErrorException: Undefined variable $commandeModel
in APPPATH\Views\Pages\User\profil.php on line 10.
 1 APPPATH\Views\Pages\User\profil.php(10): CodeIgniter\Debug\Exceptions->errorHandler(2, 'Undefined variable $commandeModel', 'C:\\Users\\user\\xampp\\htdocs\\v4bis\\app\\Views\\Pages\\User\\profil.php', 10)
 2 SYSTEMPATH\View\View.php(228): include('C:\\Users\\user\\xampp\\htdocs\\v4bis\\app\\Views\\Pages\\User\\profil.php')
 3 SYSTEMPATH\View\View.php(231): CodeIgniter\View\View->CodeIgniter\View\{closure}()
 4 SYSTEMPATH\Common.php(1178): CodeIgniter\View\View->render('Pages/User/profil', [], true)
 5 APPPATH\Controllers\Compte.php(45): view('Pages/User/profil')
 6 SYSTEMPATH\CodeIgniter.php(941): App\Controllers\Compte->parametre()
 7 SYSTEMPATH\CodeIgniter.php(502): CodeIgniter\CodeIgniter->runController(Object(App\Controllers\Compte))
 8 SYSTEMPATH\CodeIgniter.php(361): CodeIgniter\CodeIgniter->handleRequest(null, Object(Config\Cache), false)
 9 FCPATH\index.php(79): CodeIgniter\CodeIgniter->run()
INFO - 2024-03-04 15:50:13 --> Session: Class initialized using 'CodeIgniter\Session\Handlers\FileHandler' driver.
WARNING - 2024-03-04 15:50:13 --> [DEPRECATED] Creation of dynamic property App\Controllers\Compte::$session is deprecated in APPPATH\Controllers\BaseController.php on line 56.
 1 SYSTEMPATH\CodeIgniter.php(914): App\Controllers\BaseController->initController(Object(CodeIgniter\HTTP\IncomingRequest), Object(CodeIgniter\HTTP\Response), Object(CodeIgniter\Log\Logger))
 2 SYSTEMPATH\CodeIgniter.php(493): CodeIgniter\CodeIgniter->createController()
 3 SYSTEMPATH\CodeIgniter.php(361): CodeIgniter\CodeIgniter->handleRequest(null, Object(Config\Cache), false)
 4 FCPATH\index.php(79): CodeIgniter\CodeIgniter->run()
CRITICAL - 2024-03-04 15:50:13 --> Error: Class "CommandeModel" not found
in APPPATH\Views\Pages\User\profil.php on line 10.
 1 SYSTEMPATH\View\View.php(228): include()
 2 SYSTEMPATH\View\View.php(231): CodeIgniter\View\View->CodeIgniter\View\{closure}()
 3 SYSTEMPATH\Common.php(1178): CodeIgniter\View\View->render('Pages/User/profil', [], true)
 4 APPPATH\Controllers\Compte.php(45): view('Pages/User/profil')
 5 SYSTEMPATH\CodeIgniter.php(941): App\Controllers\Compte->parametre()
 6 SYSTEMPATH\CodeIgniter.php(502): CodeIgniter\CodeIgniter->runController(Object(App\Controllers\Compte))
 7 SYSTEMPATH\CodeIgniter.php(361): CodeIgniter\CodeIgniter->handleRequest(null, Object(Config\Cache), false)
 8 FCPATH\index.php(79): CodeIgniter\CodeIgniter->run()
INFO - 2024-03-04 15:50:23 --> Session: Class initialized using 'CodeIgniter\Session\Handlers\FileHandler' driver.
WARNING - 2024-03-04 15:50:23 --> [DEPRECATED] Creation of dynamic property App\Controllers\Compte::$session is deprecated in APPPATH\Controllers\BaseController.php on line 56.
 1 SYSTEMPATH\CodeIgniter.php(914): App\Controllers\BaseController->initController(Object(CodeIgniter\HTTP\IncomingRequest), Object(CodeIgniter\HTTP\Response), Object(CodeIgniter\Log\Logger))
 2 SYSTEMPATH\CodeIgniter.php(493): CodeIgniter\CodeIgniter->createController()
 3 SYSTEMPATH\CodeIgniter.php(361): CodeIgniter\CodeIgniter->handleRequest(null, Object(Config\Cache), false)
 4 FCPATH\index.php(79): CodeIgniter\CodeIgniter->run()
CRITICAL - 2024-03-04 15:50:23 --> CodeIgniter\Database\Exceptions\DatabaseException: You must set the database table to be used with your query.
in SYSTEMPATH\Database\BaseConnection.php on line 884.
 1 SYSTEMPATH\Model.php(662): CodeIgniter\Database\BaseConnection->table(null)
 2 SYSTEMPATH\Model.php(864): CodeIgniter\Model->builder()
 3 APPPATH\Views\Pages\User\profil.php(12): CodeIgniter\Model->__call('getSociete', [...])
 4 SYSTEMPATH\View\View.php(228): include('C:\\Users\\user\\xampp\\htdocs\\v4bis\\app\\Views\\Pages\\User\\profil.php')
 5 SYSTEMPATH\View\View.php(231): CodeIgniter\View\View->CodeIgniter\View\{closure}()
 6 SYSTEMPATH\Common.php(1178): CodeIgniter\View\View->render('Pages/User/profil', [], true)
 7 APPPATH\Controllers\Compte.php(45): view('Pages/User/profil')
 8 SYSTEMPATH\CodeIgniter.php(941): App\Controllers\Compte->parametre()
 9 SYSTEMPATH\CodeIgniter.php(502): CodeIgniter\CodeIgniter->runController(Object(App\Controllers\Compte))
10 SYSTEMPATH\CodeIgniter.php(361): CodeIgniter\CodeIgniter->handleRequest(null, Object(Config\Cache), false)
11 FCPATH\index.php(79): CodeIgniter\CodeIgniter->run()
INFO - 2024-03-04 15:52:06 --> Session: Class initialized using 'CodeIgniter\Session\Handlers\FileHandler' driver.
WARNING - 2024-03-04 15:52:06 --> [DEPRECATED] Creation of dynamic property App\Controllers\Compte::$session is deprecated in APPPATH\Controllers\BaseController.php on line 56.
 1 SYSTEMPATH\CodeIgniter.php(914): App\Controllers\BaseController->initController(Object(CodeIgniter\HTTP\IncomingRequest), Object(CodeIgniter\HTTP\Response), Object(CodeIgniter\Log\Logger))
 2 SYSTEMPATH\CodeIgniter.php(493): CodeIgniter\CodeIgniter->createController()
 3 SYSTEMPATH\CodeIgniter.php(361): CodeIgniter\CodeIgniter->handleRequest(null, Object(Config\Cache), false)
 4 FCPATH\index.php(79): CodeIgniter\CodeIgniter->run()
CRITICAL - 2024-03-04 15:52:06 --> CodeIgniter\Database\Exceptions\DatabaseException: You must set the database table to be used with your query.
in SYSTEMPATH\Database\BaseConnection.php on line 884.
 1 SYSTEMPATH\Model.php(662): CodeIgniter\Database\BaseConnection->table(null)
 2 SYSTEMPATH\Model.php(864): CodeIgniter\Model->builder()
 3 APPPATH\Views\Pages\User\profil.php(12): CodeIgniter\Model->__call('get_societe_profil', [...])
 4 SYSTEMPATH\View\View.php(228): include('C:\\Users\\user\\xampp\\htdocs\\v4bis\\app\\Views\\Pages\\User\\profil.php')
 5 SYSTEMPATH\View\View.php(231): CodeIgniter\View\View->CodeIgniter\View\{closure}()
 6 SYSTEMPATH\Common.php(1178): CodeIgniter\View\View->render('Pages/User/profil', [], true)
 7 APPPATH\Controllers\Compte.php(45): view('Pages/User/profil')
 8 SYSTEMPATH\CodeIgniter.php(941): App\Controllers\Compte->parametre()
 9 SYSTEMPATH\CodeIgniter.php(502): CodeIgniter\CodeIgniter->runController(Object(App\Controllers\Compte))
10 SYSTEMPATH\CodeIgniter.php(361): CodeIgniter\CodeIgniter->handleRequest(null, Object(Config\Cache), false)
11 FCPATH\index.php(79): CodeIgniter\CodeIgniter->run()
INFO - 2024-03-04 15:56:35 --> Session: Class initialized using 'CodeIgniter\Session\Handlers\FileHandler' driver.
WARNING - 2024-03-04 15:56:35 --> [DEPRECATED] Creation of dynamic property App\Controllers\Compte::$session is deprecated in APPPATH\Controllers\BaseController.php on line 56.
 1 SYSTEMPATH\CodeIgniter.php(914): App\Controllers\BaseController->initController(Object(CodeIgniter\HTTP\IncomingRequest), Object(CodeIgniter\HTTP\Response), Object(CodeIgniter\Log\Logger))
 2 SYSTEMPATH\CodeIgniter.php(493): CodeIgniter\CodeIgniter->createController()
 3 SYSTEMPATH\CodeIgniter.php(361): CodeIgniter\CodeIgniter->handleRequest(null, Object(Config\Cache), false)
 4 FCPATH\index.php(79): CodeIgniter\CodeIgniter->run()
ERROR - 2024-03-04 15:56:36 --> mysqli_sql_exception: Unknown column 'mdpdate_création' in 'field list' in C:\Users\user\xampp\htdocs\v4bis\system\Database\MySQLi\Connection.php:306
Stack trace:
#0 C:\Users\user\xampp\htdocs\v4bis\system\Database\MySQLi\Connection.php(306): mysqli->query('SELECT `societe...', 0)
#1 C:\Users\user\xampp\htdocs\v4bis\system\Database\BaseConnection.php(693): CodeIgniter\Database\MySQLi\Connection->execute('SELECT `societe...')
#2 C:\Users\user\xampp\htdocs\v4bis\system\Database\BaseConnection.php(607): CodeIgniter\Database\BaseConnection->simpleQuery('SELECT `societe...')
#3 C:\Users\user\xampp\htdocs\v4bis\system\Database\BaseBuilder.php(1616): CodeIgniter\Database\BaseConnection->query('SELECT `societe...', Array, false)
#4 C:\Users\user\xampp\htdocs\v4bis\app\Models\commande_model.php(38): CodeIgniter\Database\BaseBuilder->get()
#5 C:\Users\user\xampp\htdocs\v4bis\app\Views\Pages\User\profil.php(12): App\Models\commande_model->get_user('1')
#6 C:\Users\user\xampp\htdocs\v4bis\system\View\View.php(228): include('C:\\Users\\user\\x...')
#7 C:\Users\user\xampp\htdocs\v4bis\system\View\View.php(231): CodeIgniter\View\View->CodeIgniter\View\{closure}()
#8 C:\Users\user\xampp\htdocs\v4bis\system\Common.php(1178): CodeIgniter\View\View->render('Pages/User/prof...', Array, true)
#9 C:\Users\user\xampp\htdocs\v4bis\app\Controllers\Compte.php(45): view('Pages/User/prof...')
#10 C:\Users\user\xampp\htdocs\v4bis\system\CodeIgniter.php(941): App\Controllers\Compte->parametre()
#11 C:\Users\user\xampp\htdocs\v4bis\system\CodeIgniter.php(502): CodeIgniter\CodeIgniter->runController(Object(App\Controllers\Compte))
#12 C:\Users\user\xampp\htdocs\v4bis\system\CodeIgniter.php(361): CodeIgniter\CodeIgniter->handleRequest(NULL, Object(Config\Cache), false)
#13 C:\Users\user\xampp\htdocs\v4bis\index.php(79): CodeIgniter\CodeIgniter->run()
#14 {main}
CRITICAL - 2024-03-04 15:56:36 --> CodeIgniter\Database\Exceptions\DatabaseException: Unknown column 'mdpdate_création' in 'field list'
in SYSTEMPATH\Database\BaseConnection.php on line 647.
 1 SYSTEMPATH\Database\BaseBuilder.php(1616): CodeIgniter\Database\BaseConnection->query('SELECT `societe`, `email`, `mdpdate_création`, `date_modification`
FROM `utilisateur`
JOIN `client` ON `client`.`id_client` = `utilisateur`.`id_utilisateur`
WHERE `client`.`id_client` = :client.id_client:', [...], false)
 2 APPPATH\Models\commande_model.php(38): CodeIgniter\Database\BaseBuilder->get()
 3 APPPATH\Views\Pages\User\profil.php(12): App\Models\commande_model->get_user('1')
 4 SYSTEMPATH\View\View.php(228): include('C:\\Users\\user\\xampp\\htdocs\\v4bis\\app\\Views\\Pages\\User\\profil.php')
 5 SYSTEMPATH\View\View.php(231): CodeIgniter\View\View->CodeIgniter\View\{closure}()
 6 SYSTEMPATH\Common.php(1178): CodeIgniter\View\View->render('Pages/User/profil', [], true)
 7 APPPATH\Controllers\Compte.php(45): view('Pages/User/profil')
 8 SYSTEMPATH\CodeIgniter.php(941): App\Controllers\Compte->parametre()
 9 SYSTEMPATH\CodeIgniter.php(502): CodeIgniter\CodeIgniter->runController(Object(App\Controllers\Compte))
10 SYSTEMPATH\CodeIgniter.php(361): CodeIgniter\CodeIgniter->handleRequest(null, Object(Config\Cache), false)
11 FCPATH\index.php(79): CodeIgniter\CodeIgniter->run()
CRITICAL - 2024-03-04 15:56:36 --> [Caused by] CodeIgniter\Database\Exceptions\DatabaseException: Unknown column 'mdpdate_création' in 'field list'
in SYSTEMPATH\Database\MySQLi\Connection.php on line 311.
 1 SYSTEMPATH\Database\BaseConnection.php(693): CodeIgniter\Database\MySQLi\Connection->execute('SELECT `societe`, `email`, `mdpdate_création`, `date_modification`
FROM `utilisateur`
JOIN `client` ON `client`.`id_client` = `utilisateur`.`id_utilisateur`
WHERE `client`.`id_client` = \'1\'')
 2 SYSTEMPATH\Database\BaseConnection.php(607): CodeIgniter\Database\BaseConnection->simpleQuery('SELECT `societe`, `email`, `mdpdate_création`, `date_modification`
FROM `utilisateur`
JOIN `client` ON `client`.`id_client` = `utilisateur`.`id_utilisateur`
WHERE `client`.`id_client` = \'1\'')
 3 SYSTEMPATH\Database\BaseBuilder.php(1616): CodeIgniter\Database\BaseConnection->query('SELECT `societe`, `email`, `mdpdate_création`, `date_modification`
FROM `utilisateur`
JOIN `client` ON `client`.`id_client` = `utilisateur`.`id_utilisateur`
WHERE `client`.`id_client` = :client.id_client:', [...], false)
 4 APPPATH\Models\commande_model.php(38): CodeIgniter\Database\BaseBuilder->get()
 5 APPPATH\Views\Pages\User\profil.php(12): App\Models\commande_model->get_user('1')
 6 SYSTEMPATH\View\View.php(228): include('C:\\Users\\user\\xampp\\htdocs\\v4bis\\app\\Views\\Pages\\User\\profil.php')
 7 SYSTEMPATH\View\View.php(231): CodeIgniter\View\View->CodeIgniter\View\{closure}()
 8 SYSTEMPATH\Common.php(1178): CodeIgniter\View\View->render('Pages/User/profil', [], true)
 9 APPPATH\Controllers\Compte.php(45): view('Pages/User/profil')
10 SYSTEMPATH\CodeIgniter.php(941): App\Controllers\Compte->parametre()
11 SYSTEMPATH\CodeIgniter.php(502): CodeIgniter\CodeIgniter->runController(Object(App\Controllers\Compte))
12 SYSTEMPATH\CodeIgniter.php(361): CodeIgniter\CodeIgniter->handleRequest(null, Object(Config\Cache), false)
13 FCPATH\index.php(79): CodeIgniter\CodeIgniter->run()
CRITICAL - 2024-03-04 15:56:36 --> [Caused by] mysqli_sql_exception: Unknown column 'mdpdate_création' in 'field list'
in SYSTEMPATH\Database\MySQLi\Connection.php on line 306.
 1 SYSTEMPATH\Database\MySQLi\Connection.php(306): mysqli->query('SELECT `societe`, `email`, `mdpdate_création`, `date_modification`
FROM `utilisateur`
JOIN `client` ON `client`.`id_client` = `utilisateur`.`id_utilisateur`
WHERE `client`.`id_client` = \'1\'', 0)
 2 SYSTEMPATH\Database\BaseConnection.php(693): CodeIgniter\Database\MySQLi\Connection->execute('SELECT `societe`, `email`, `mdpdate_création`, `date_modification`
FROM `utilisateur`
JOIN `client` ON `client`.`id_client` = `utilisateur`.`id_utilisateur`
WHERE `client`.`id_client` = \'1\'')
 3 SYSTEMPATH\Database\BaseConnection.php(607): CodeIgniter\Database\BaseConnection->simpleQuery('SELECT `societe`, `email`, `mdpdate_création`, `date_modification`
FROM `utilisateur`
JOIN `client` ON `client`.`id_client` = `utilisateur`.`id_utilisateur`
WHERE `client`.`id_client` = \'1\'')
 4 SYSTEMPATH\Database\BaseBuilder.php(1616): CodeIgniter\Database\BaseConnection->query('SELECT `societe`, `email`, `mdpdate_création`, `date_modification`
FROM `utilisateur`
JOIN `client` ON `client`.`id_client` = `utilisateur`.`id_utilisateur`
WHERE `client`.`id_client` = :client.id_client:', [...], false)
 5 APPPATH\Models\commande_model.php(38): CodeIgniter\Database\BaseBuilder->get()
 6 APPPATH\Views\Pages\User\profil.php(12): App\Models\commande_model->get_user('1')
 7 SYSTEMPATH\View\View.php(228): include('C:\\Users\\user\\xampp\\htdocs\\v4bis\\app\\Views\\Pages\\User\\profil.php')
 8 SYSTEMPATH\View\View.php(231): CodeIgniter\View\View->CodeIgniter\View\{closure}()
 9 SYSTEMPATH\Common.php(1178): CodeIgniter\View\View->render('Pages/User/profil', [], true)
10 APPPATH\Controllers\Compte.php(45): view('Pages/User/profil')
11 SYSTEMPATH\CodeIgniter.php(941): App\Controllers\Compte->parametre()
12 SYSTEMPATH\CodeIgniter.php(502): CodeIgniter\CodeIgniter->runController(Object(App\Controllers\Compte))
13 SYSTEMPATH\CodeIgniter.php(361): CodeIgniter\CodeIgniter->handleRequest(null, Object(Config\Cache), false)
14 FCPATH\index.php(79): CodeIgniter\CodeIgniter->run()
INFO - 2024-03-04 15:57:49 --> Session: Class initialized using 'CodeIgniter\Session\Handlers\FileHandler' driver.
WARNING - 2024-03-04 15:57:49 --> [DEPRECATED] Creation of dynamic property App\Controllers\Compte::$session is deprecated in APPPATH\Controllers\BaseController.php on line 56.
 1 SYSTEMPATH\CodeIgniter.php(914): App\Controllers\BaseController->initController(Object(CodeIgniter\HTTP\IncomingRequest), Object(CodeIgniter\HTTP\Response), Object(CodeIgniter\Log\Logger))
 2 SYSTEMPATH\CodeIgniter.php(493): CodeIgniter\CodeIgniter->createController()
 3 SYSTEMPATH\CodeIgniter.php(361): CodeIgniter\CodeIgniter->handleRequest(null, Object(Config\Cache), false)
 4 FCPATH\index.php(79): CodeIgniter\CodeIgniter->run()
CRITICAL - 2024-03-04 15:57:49 --> CodeIgniter\Database\Exceptions\DatabaseException: You must set the database table to be used with your query.
in SYSTEMPATH\Database\BaseConnection.php on line 884.
 1 SYSTEMPATH\Model.php(662): CodeIgniter\Database\BaseConnection->table(null)
 2 SYSTEMPATH\Model.php(864): CodeIgniter\Model->builder()
 3 APPPATH\Views\Pages\User\profil.php(12): CodeIgniter\Model->__call('get_user', [...])
 4 SYSTEMPATH\View\View.php(228): include('C:\\Users\\user\\xampp\\htdocs\\v4bis\\app\\Views\\Pages\\User\\profil.php')
 5 SYSTEMPATH\View\View.php(231): CodeIgniter\View\View->CodeIgniter\View\{closure}()
 6 SYSTEMPATH\Common.php(1178): CodeIgniter\View\View->render('Pages/User/profil', [], true)
 7 APPPATH\Controllers\Compte.php(45): view('Pages/User/profil')
 8 SYSTEMPATH\CodeIgniter.php(941): App\Controllers\Compte->parametre()
 9 SYSTEMPATH\CodeIgniter.php(502): CodeIgniter\CodeIgniter->runController(Object(App\Controllers\Compte))
10 SYSTEMPATH\CodeIgniter.php(361): CodeIgniter\CodeIgniter->handleRequest(null, Object(Config\Cache), false)
11 FCPATH\index.php(79): CodeIgniter\CodeIgniter->run()
INFO - 2024-03-04 15:58:56 --> Session: Class initialized using 'CodeIgniter\Session\Handlers\FileHandler' driver.
WARNING - 2024-03-04 15:58:56 --> [DEPRECATED] Creation of dynamic property App\Controllers\Compte::$session is deprecated in APPPATH\Controllers\BaseController.php on line 56.
 1 SYSTEMPATH\CodeIgniter.php(914): App\Controllers\BaseController->initController(Object(CodeIgniter\HTTP\IncomingRequest), Object(CodeIgniter\HTTP\Response), Object(CodeIgniter\Log\Logger))
 2 SYSTEMPATH\CodeIgniter.php(493): CodeIgniter\CodeIgniter->createController()
 3 SYSTEMPATH\CodeIgniter.php(361): CodeIgniter\CodeIgniter->handleRequest(null, Object(Config\Cache), false)
 4 FCPATH\index.php(79): CodeIgniter\CodeIgniter->run()
CRITICAL - 2024-03-04 15:58:56 --> ErrorException: Undefined variable $societe
in APPPATH\Views\Pages\User\profil.php on line 31.
 1 APPPATH\Views\Pages\User\profil.php(31): CodeIgniter\Debug\Exceptions->errorHandler(2, 'Undefined variable $societe', 'C:\\Users\\user\\xampp\\htdocs\\v4bis\\app\\Views\\Pages\\User\\profil.php', 31)
 2 SYSTEMPATH\View\View.php(228): include('C:\\Users\\user\\xampp\\htdocs\\v4bis\\app\\Views\\Pages\\User\\profil.php')
 3 SYSTEMPATH\View\View.php(231): CodeIgniter\View\View->CodeIgniter\View\{closure}()
 4 SYSTEMPATH\Common.php(1178): CodeIgniter\View\View->render('Pages/User/profil', [], true)
 5 APPPATH\Controllers\Compte.php(45): view('Pages/User/profil')
 6 SYSTEMPATH\CodeIgniter.php(941): App\Controllers\Compte->parametre()
 7 SYSTEMPATH\CodeIgniter.php(502): CodeIgniter\CodeIgniter->runController(Object(App\Controllers\Compte))
 8 SYSTEMPATH\CodeIgniter.php(361): CodeIgniter\CodeIgniter->handleRequest(null, Object(Config\Cache), false)
 9 FCPATH\index.php(79): CodeIgniter\CodeIgniter->run()
INFO - 2024-03-04 16:01:36 --> Session: Class initialized using 'CodeIgniter\Session\Handlers\FileHandler' driver.
WARNING - 2024-03-04 16:01:36 --> [DEPRECATED] Creation of dynamic property App\Controllers\Compte::$session is deprecated in APPPATH\Controllers\BaseController.php on line 56.
 1 SYSTEMPATH\CodeIgniter.php(914): App\Controllers\BaseController->initController(Object(CodeIgniter\HTTP\IncomingRequest), Object(CodeIgniter\HTTP\Response), Object(CodeIgniter\Log\Logger))
 2 SYSTEMPATH\CodeIgniter.php(493): CodeIgniter\CodeIgniter->createController()
 3 SYSTEMPATH\CodeIgniter.php(361): CodeIgniter\CodeIgniter->handleRequest(null, Object(Config\Cache), false)
 4 FCPATH\index.php(79): CodeIgniter\CodeIgniter->run()
CRITICAL - 2024-03-04 16:01:37 --> ErrorException: Attempt to read property "societe" on array
in APPPATH\Views\Pages\User\profil.php on line 31.
 1 APPPATH\Views\Pages\User\profil.php(31): CodeIgniter\Debug\Exceptions->errorHandler(2, 'Attempt to read property "societe" on array', 'C:\\Users\\user\\xampp\\htdocs\\v4bis\\app\\Views\\Pages\\User\\profil.php', 31)
 2 SYSTEMPATH\View\View.php(228): include('C:\\Users\\user\\xampp\\htdocs\\v4bis\\app\\Views\\Pages\\User\\profil.php')
 3 SYSTEMPATH\View\View.php(231): CodeIgniter\View\View->CodeIgniter\View\{closure}()
 4 SYSTEMPATH\Common.php(1178): CodeIgniter\View\View->render('Pages/User/profil', [], true)
 5 APPPATH\Controllers\Compte.php(45): view('Pages/User/profil')
 6 SYSTEMPATH\CodeIgniter.php(941): App\Controllers\Compte->parametre()
 7 SYSTEMPATH\CodeIgniter.php(502): CodeIgniter\CodeIgniter->runController(Object(App\Controllers\Compte))
 8 SYSTEMPATH\CodeIgniter.php(361): CodeIgniter\CodeIgniter->handleRequest(null, Object(Config\Cache), false)
 9 FCPATH\index.php(79): CodeIgniter\CodeIgniter->run()
INFO - 2024-03-04 16:02:41 --> Session: Class initialized using 'CodeIgniter\Session\Handlers\FileHandler' driver.
WARNING - 2024-03-04 16:02:41 --> [DEPRECATED] Creation of dynamic property App\Controllers\Compte::$session is deprecated in APPPATH\Controllers\BaseController.php on line 56.
 1 SYSTEMPATH\CodeIgniter.php(914): App\Controllers\BaseController->initController(Object(CodeIgniter\HTTP\IncomingRequest), Object(CodeIgniter\HTTP\Response), Object(CodeIgniter\Log\Logger))
 2 SYSTEMPATH\CodeIgniter.php(493): CodeIgniter\CodeIgniter->createController()
 3 SYSTEMPATH\CodeIgniter.php(361): CodeIgniter\CodeIgniter->handleRequest(null, Object(Config\Cache), false)
 4 FCPATH\index.php(79): CodeIgniter\CodeIgniter->run()
CRITICAL - 2024-03-04 16:02:41 --> ErrorException: Attempt to read property "societe" on array
in APPPATH\Views\Pages\User\profil.php on line 31.
 1 APPPATH\Views\Pages\User\profil.php(31): CodeIgniter\Debug\Exceptions->errorHandler(2, 'Attempt to read property "societe" on array', 'C:\\Users\\user\\xampp\\htdocs\\v4bis\\app\\Views\\Pages\\User\\profil.php', 31)
 2 SYSTEMPATH\View\View.php(228): include('C:\\Users\\user\\xampp\\htdocs\\v4bis\\app\\Views\\Pages\\User\\profil.php')
 3 SYSTEMPATH\View\View.php(231): CodeIgniter\View\View->CodeIgniter\View\{closure}()
 4 SYSTEMPATH\Common.php(1178): CodeIgniter\View\View->render('Pages/User/profil', [], true)
 5 APPPATH\Controllers\Compte.php(45): view('Pages/User/profil')
 6 SYSTEMPATH\CodeIgniter.php(941): App\Controllers\Compte->parametre()
 7 SYSTEMPATH\CodeIgniter.php(502): CodeIgniter\CodeIgniter->runController(Object(App\Controllers\Compte))
 8 SYSTEMPATH\CodeIgniter.php(361): CodeIgniter\CodeIgniter->handleRequest(null, Object(Config\Cache), false)
 9 FCPATH\index.php(79): CodeIgniter\CodeIgniter->run()
INFO - 2024-03-04 16:02:42 --> Session: Class initialized using 'CodeIgniter\Session\Handlers\FileHandler' driver.
WARNING - 2024-03-04 16:02:42 --> [DEPRECATED] Creation of dynamic property App\Controllers\Compte::$session is deprecated in APPPATH\Controllers\BaseController.php on line 56.
 1 SYSTEMPATH\CodeIgniter.php(914): App\Controllers\BaseController->initController(Object(CodeIgniter\HTTP\IncomingRequest), Object(CodeIgniter\HTTP\Response), Object(CodeIgniter\Log\Logger))
 2 SYSTEMPATH\CodeIgniter.php(493): CodeIgniter\CodeIgniter->createController()
 3 SYSTEMPATH\CodeIgniter.php(361): CodeIgniter\CodeIgniter->handleRequest(null, Object(Config\Cache), false)
 4 FCPATH\index.php(79): CodeIgniter\CodeIgniter->run()
CRITICAL - 2024-03-04 16:02:42 --> ErrorException: Attempt to read property "societe" on array
in APPPATH\Views\Pages\User\profil.php on line 31.
 1 APPPATH\Views\Pages\User\profil.php(31): CodeIgniter\Debug\Exceptions->errorHandler(2, 'Attempt to read property "societe" on array', 'C:\\Users\\user\\xampp\\htdocs\\v4bis\\app\\Views\\Pages\\User\\profil.php', 31)
 2 SYSTEMPATH\View\View.php(228): include('C:\\Users\\user\\xampp\\htdocs\\v4bis\\app\\Views\\Pages\\User\\profil.php')
 3 SYSTEMPATH\View\View.php(231): CodeIgniter\View\View->CodeIgniter\View\{closure}()
 4 SYSTEMPATH\Common.php(1178): CodeIgniter\View\View->render('Pages/User/profil', [], true)
 5 APPPATH\Controllers\Compte.php(45): view('Pages/User/profil')
 6 SYSTEMPATH\CodeIgniter.php(941): App\Controllers\Compte->parametre()
 7 SYSTEMPATH\CodeIgniter.php(502): CodeIgniter\CodeIgniter->runController(Object(App\Controllers\Compte))
 8 SYSTEMPATH\CodeIgniter.php(361): CodeIgniter\CodeIgniter->handleRequest(null, Object(Config\Cache), false)
 9 FCPATH\index.php(79): CodeIgniter\CodeIgniter->run()
INFO - 2024-03-04 16:02:43 --> Session: Class initialized using 'CodeIgniter\Session\Handlers\FileHandler' driver.
WARNING - 2024-03-04 16:02:43 --> [DEPRECATED] Creation of dynamic property App\Controllers\Compte::$session is deprecated in APPPATH\Controllers\BaseController.php on line 56.
 1 SYSTEMPATH\CodeIgniter.php(914): App\Controllers\BaseController->initController(Object(CodeIgniter\HTTP\IncomingRequest), Object(CodeIgniter\HTTP\Response), Object(CodeIgniter\Log\Logger))
 2 SYSTEMPATH\CodeIgniter.php(493): CodeIgniter\CodeIgniter->createController()
 3 SYSTEMPATH\CodeIgniter.php(361): CodeIgniter\CodeIgniter->handleRequest(null, Object(Config\Cache), false)
 4 FCPATH\index.php(79): CodeIgniter\CodeIgniter->run()
CRITICAL - 2024-03-04 16:02:43 --> ErrorException: Attempt to read property "societe" on array
in APPPATH\Views\Pages\User\profil.php on line 31.
 1 APPPATH\Views\Pages\User\profil.php(31): CodeIgniter\Debug\Exceptions->errorHandler(2, 'Attempt to read property "societe" on array', 'C:\\Users\\user\\xampp\\htdocs\\v4bis\\app\\Views\\Pages\\User\\profil.php', 31)
 2 SYSTEMPATH\View\View.php(228): include('C:\\Users\\user\\xampp\\htdocs\\v4bis\\app\\Views\\Pages\\User\\profil.php')
 3 SYSTEMPATH\View\View.php(231): CodeIgniter\View\View->CodeIgniter\View\{closure}()
 4 SYSTEMPATH\Common.php(1178): CodeIgniter\View\View->render('Pages/User/profil', [], true)
 5 APPPATH\Controllers\Compte.php(45): view('Pages/User/profil')
 6 SYSTEMPATH\CodeIgniter.php(941): App\Controllers\Compte->parametre()
 7 SYSTEMPATH\CodeIgniter.php(502): CodeIgniter\CodeIgniter->runController(Object(App\Controllers\Compte))
 8 SYSTEMPATH\CodeIgniter.php(361): CodeIgniter\CodeIgniter->handleRequest(null, Object(Config\Cache), false)
 9 FCPATH\index.php(79): CodeIgniter\CodeIgniter->run()
INFO - 2024-03-04 16:05:16 --> Session: Class initialized using 'CodeIgniter\Session\Handlers\FileHandler' driver.
WARNING - 2024-03-04 16:05:16 --> [DEPRECATED] Creation of dynamic property App\Controllers\Compte::$session is deprecated in APPPATH\Controllers\BaseController.php on line 56.
 1 SYSTEMPATH\CodeIgniter.php(914): App\Controllers\BaseController->initController(Object(CodeIgniter\HTTP\IncomingRequest), Object(CodeIgniter\HTTP\Response), Object(CodeIgniter\Log\Logger))
 2 SYSTEMPATH\CodeIgniter.php(493): CodeIgniter\CodeIgniter->createController()
 3 SYSTEMPATH\CodeIgniter.php(361): CodeIgniter\CodeIgniter->handleRequest(null, Object(Config\Cache), false)
 4 FCPATH\index.php(79): CodeIgniter\CodeIgniter->run()
CRITICAL - 2024-03-04 16:05:16 --> Error: Cannot use object of type stdClass as array
in APPPATH\Views\Pages\User\profil.php on line 31.
 1 SYSTEMPATH\View\View.php(228): include()
 2 SYSTEMPATH\View\View.php(231): CodeIgniter\View\View->CodeIgniter\View\{closure}()
 3 SYSTEMPATH\Common.php(1178): CodeIgniter\View\View->render('Pages/User/profil', [], true)
 4 APPPATH\Controllers\Compte.php(45): view('Pages/User/profil')
 5 SYSTEMPATH\CodeIgniter.php(941): App\Controllers\Compte->parametre()
 6 SYSTEMPATH\CodeIgniter.php(502): CodeIgniter\CodeIgniter->runController(Object(App\Controllers\Compte))
 7 SYSTEMPATH\CodeIgniter.php(361): CodeIgniter\CodeIgniter->handleRequest(null, Object(Config\Cache), false)
 8 FCPATH\index.php(79): CodeIgniter\CodeIgniter->run()
INFO - 2024-03-04 16:05:58 --> Session: Class initialized using 'CodeIgniter\Session\Handlers\FileHandler' driver.
WARNING - 2024-03-04 16:05:58 --> [DEPRECATED] Creation of dynamic property App\Controllers\Compte::$session is deprecated in APPPATH\Controllers\BaseController.php on line 56.
 1 SYSTEMPATH\CodeIgniter.php(914): App\Controllers\BaseController->initController(Object(CodeIgniter\HTTP\IncomingRequest), Object(CodeIgniter\HTTP\Response), Object(CodeIgniter\Log\Logger))
 2 SYSTEMPATH\CodeIgniter.php(493): CodeIgniter\CodeIgniter->createController()
 3 SYSTEMPATH\CodeIgniter.php(361): CodeIgniter\CodeIgniter->handleRequest(null, Object(Config\Cache), false)
 4 FCPATH\index.php(79): CodeIgniter\CodeIgniter->run()
INFO - 2024-03-04 16:07:18 --> Session: Class initialized using 'CodeIgniter\Session\Handlers\FileHandler' driver.
WARNING - 2024-03-04 16:07:18 --> [DEPRECATED] Creation of dynamic property App\Controllers\Compte::$session is deprecated in APPPATH\Controllers\BaseController.php on line 56.
 1 SYSTEMPATH\CodeIgniter.php(914): App\Controllers\BaseController->initController(Object(CodeIgniter\HTTP\IncomingRequest), Object(CodeIgniter\HTTP\Response), Object(CodeIgniter\Log\Logger))
 2 SYSTEMPATH\CodeIgniter.php(493): CodeIgniter\CodeIgniter->createController()
 3 SYSTEMPATH\CodeIgniter.php(361): CodeIgniter\CodeIgniter->handleRequest(null, Object(Config\Cache), false)
 4 FCPATH\index.php(79): CodeIgniter\CodeIgniter->run()
INFO - 2024-03-04 16:09:32 --> Session: Class initialized using 'CodeIgniter\Session\Handlers\FileHandler' driver.
WARNING - 2024-03-04 16:09:32 --> [DEPRECATED] Creation of dynamic property App\Controllers\Compte::$session is deprecated in APPPATH\Controllers\BaseController.php on line 56.
 1 SYSTEMPATH\CodeIgniter.php(914): App\Controllers\BaseController->initController(Object(CodeIgniter\HTTP\IncomingRequest), Object(CodeIgniter\HTTP\Response), Object(CodeIgniter\Log\Logger))
 2 SYSTEMPATH\CodeIgniter.php(493): CodeIgniter\CodeIgniter->createController()
 3 SYSTEMPATH\CodeIgniter.php(361): CodeIgniter\CodeIgniter->handleRequest(null, Object(Config\Cache), false)
 4 FCPATH\index.php(79): CodeIgniter\CodeIgniter->run()
INFO - 2024-03-04 16:09:45 --> Session: Class initialized using 'CodeIgniter\Session\Handlers\FileHandler' driver.
WARNING - 2024-03-04 16:09:45 --> [DEPRECATED] Creation of dynamic property App\Controllers\Compte::$session is deprecated in APPPATH\Controllers\BaseController.php on line 56.
 1 SYSTEMPATH\CodeIgniter.php(914): App\Controllers\BaseController->initController(Object(CodeIgniter\HTTP\IncomingRequest), Object(CodeIgniter\HTTP\Response), Object(CodeIgniter\Log\Logger))
 2 SYSTEMPATH\CodeIgniter.php(493): CodeIgniter\CodeIgniter->createController()
 3 SYSTEMPATH\CodeIgniter.php(361): CodeIgniter\CodeIgniter->handleRequest(null, Object(Config\Cache), false)
 4 FCPATH\index.php(79): CodeIgniter\CodeIgniter->run()
INFO - 2024-03-04 16:10:44 --> Session: Class initialized using 'CodeIgniter\Session\Handlers\FileHandler' driver.
WARNING - 2024-03-04 16:10:44 --> [DEPRECATED] Creation of dynamic property App\Controllers\Compte::$session is deprecated in APPPATH\Controllers\BaseController.php on line 56.
 1 SYSTEMPATH\CodeIgniter.php(914): App\Controllers\BaseController->initController(Object(CodeIgniter\HTTP\IncomingRequest), Object(CodeIgniter\HTTP\Response), Object(CodeIgniter\Log\Logger))
 2 SYSTEMPATH\CodeIgniter.php(493): CodeIgniter\CodeIgniter->createController()
 3 SYSTEMPATH\CodeIgniter.php(361): CodeIgniter\CodeIgniter->handleRequest(null, Object(Config\Cache), false)
 4 FCPATH\index.php(79): CodeIgniter\CodeIgniter->run()
CRITICAL - 2024-03-04 16:10:44 --> Error: Cannot use object of type stdClass as array
in APPPATH\Views\Pages\User\profil.php on line 32.
 1 SYSTEMPATH\View\View.php(228): include()
 2 SYSTEMPATH\View\View.php(231): CodeIgniter\View\View->CodeIgniter\View\{closure}()
 3 SYSTEMPATH\Common.php(1178): CodeIgniter\View\View->render('Pages/User/profil', [], true)
 4 APPPATH\Controllers\Compte.php(45): view('Pages/User/profil')
 5 SYSTEMPATH\CodeIgniter.php(941): App\Controllers\Compte->parametre()
 6 SYSTEMPATH\CodeIgniter.php(502): CodeIgniter\CodeIgniter->runController(Object(App\Controllers\Compte))
 7 SYSTEMPATH\CodeIgniter.php(361): CodeIgniter\CodeIgniter->handleRequest(null, Object(Config\Cache), false)
 8 FCPATH\index.php(79): CodeIgniter\CodeIgniter->run()
INFO - 2024-03-04 16:10:54 --> Session: Class initialized using 'CodeIgniter\Session\Handlers\FileHandler' driver.
WARNING - 2024-03-04 16:10:54 --> [DEPRECATED] Creation of dynamic property App\Controllers\Compte::$session is deprecated in APPPATH\Controllers\BaseController.php on line 56.
 1 SYSTEMPATH\CodeIgniter.php(914): App\Controllers\BaseController->initController(Object(CodeIgniter\HTTP\IncomingRequest), Object(CodeIgniter\HTTP\Response), Object(CodeIgniter\Log\Logger))
 2 SYSTEMPATH\CodeIgniter.php(493): CodeIgniter\CodeIgniter->createController()
 3 SYSTEMPATH\CodeIgniter.php(361): CodeIgniter\CodeIgniter->handleRequest(null, Object(Config\Cache), false)
 4 FCPATH\index.php(79): CodeIgniter\CodeIgniter->run()
WARNING - 2024-03-04 16:10:54 --> Session: Sessions is enabled, and one exists. Please don't $session->start();
INFO - 2024-03-04 16:11:22 --> Session: Class initialized using 'CodeIgniter\Session\Handlers\FileHandler' driver.
WARNING - 2024-03-04 16:11:22 --> [DEPRECATED] Creation of dynamic property App\Controllers\Compte::$session is deprecated in APPPATH\Controllers\BaseController.php on line 56.
 1 SYSTEMPATH\CodeIgniter.php(914): App\Controllers\BaseController->initController(Object(CodeIgniter\HTTP\IncomingRequest), Object(CodeIgniter\HTTP\Response), Object(CodeIgniter\Log\Logger))
 2 SYSTEMPATH\CodeIgniter.php(493): CodeIgniter\CodeIgniter->createController()
 3 SYSTEMPATH\CodeIgniter.php(361): CodeIgniter\CodeIgniter->handleRequest(null, Object(Config\Cache), false)
 4 FCPATH\index.php(79): CodeIgniter\CodeIgniter->run()
WARNING - 2024-03-04 16:11:22 --> Session: Sessions is enabled, and one exists. Please don't $session->start();
CRITICAL - 2024-03-04 16:11:22 --> ErrorException: Undefined variable $pcommande
in APPPATH\Views\Pages\tableau\tab_article.php on line 14.
 1 APPPATH\Views\Pages\tableau\tab_article.php(14): CodeIgniter\Debug\Exceptions->errorHandler(2, 'Undefined variable $pcommande', 'C:\\Users\\user\\xampp\\htdocs\\v4bis\\app\\Views\\Pages\\tableau\\tab_article.php', 14)
 2 SYSTEMPATH\View\View.php(228): include('C:\\Users\\user\\xampp\\htdocs\\v4bis\\app\\Views\\Pages\\tableau\\tab_article.php')
 3 SYSTEMPATH\View\View.php(231): CodeIgniter\View\View->CodeIgniter\View\{closure}()
 4 SYSTEMPATH\Common.php(1178): CodeIgniter\View\View->render('Pages/tableau/tab_article', [], true)
 5 APPPATH\Controllers\Compte.php(22): view('Pages/tableau/tab_article')
 6 APPPATH\Controllers\Compte.php(11): App\Controllers\Compte->article()
 7 SYSTEMPATH\CodeIgniter.php(941): App\Controllers\Compte->index()
 8 SYSTEMPATH\CodeIgniter.php(502): CodeIgniter\CodeIgniter->runController(Object(App\Controllers\Compte))
 9 SYSTEMPATH\CodeIgniter.php(361): CodeIgniter\CodeIgniter->handleRequest(null, Object(Config\Cache), false)
10 FCPATH\index.php(79): CodeIgniter\CodeIgniter->run()
INFO - 2024-03-04 16:11:30 --> Session: Class initialized using 'CodeIgniter\Session\Handlers\FileHandler' driver.
WARNING - 2024-03-04 16:11:30 --> [DEPRECATED] Creation of dynamic property App\Controllers\Compte::$session is deprecated in APPPATH\Controllers\BaseController.php on line 56.
 1 SYSTEMPATH\CodeIgniter.php(914): App\Controllers\BaseController->initController(Object(CodeIgniter\HTTP\IncomingRequest), Object(CodeIgniter\HTTP\Response), Object(CodeIgniter\Log\Logger))
 2 SYSTEMPATH\CodeIgniter.php(493): CodeIgniter\CodeIgniter->createController()
 3 SYSTEMPATH\CodeIgniter.php(361): CodeIgniter\CodeIgniter->handleRequest(null, Object(Config\Cache), false)
 4 FCPATH\index.php(79): CodeIgniter\CodeIgniter->run()
WARNING - 2024-03-04 16:11:30 --> Session: Sessions is enabled, and one exists. Please don't $session->start();
CRITICAL - 2024-03-04 16:11:30 --> ErrorException: Undefined variable $commande
in APPPATH\Views\Pages\tableau\tab_article.php on line 14.
 1 APPPATH\Views\Pages\tableau\tab_article.php(14): CodeIgniter\Debug\Exceptions->errorHandler(2, 'Undefined variable $commande', 'C:\\Users\\user\\xampp\\htdocs\\v4bis\\app\\Views\\Pages\\tableau\\tab_article.php', 14)
 2 SYSTEMPATH\View\View.php(228): include('C:\\Users\\user\\xampp\\htdocs\\v4bis\\app\\Views\\Pages\\tableau\\tab_article.php')
 3 SYSTEMPATH\View\View.php(231): CodeIgniter\View\View->CodeIgniter\View\{closure}()
 4 SYSTEMPATH\Common.php(1178): CodeIgniter\View\View->render('Pages/tableau/tab_article', [], true)
 5 APPPATH\Controllers\Compte.php(22): view('Pages/tableau/tab_article')
 6 APPPATH\Controllers\Compte.php(11): App\Controllers\Compte->article()
 7 SYSTEMPATH\CodeIgniter.php(941): App\Controllers\Compte->index()
 8 SYSTEMPATH\CodeIgniter.php(502): CodeIgniter\CodeIgniter->runController(Object(App\Controllers\Compte))
 9 SYSTEMPATH\CodeIgniter.php(361): CodeIgniter\CodeIgniter->handleRequest(null, Object(Config\Cache), false)
10 FCPATH\index.php(79): CodeIgniter\CodeIgniter->run()
INFO - 2024-03-04 16:11:35 --> Session: Class initialized using 'CodeIgniter\Session\Handlers\FileHandler' driver.
WARNING - 2024-03-04 16:11:35 --> [DEPRECATED] Creation of dynamic property App\Controllers\Compte::$session is deprecated in APPPATH\Controllers\BaseController.php on line 56.
 1 SYSTEMPATH\CodeIgniter.php(914): App\Controllers\BaseController->initController(Object(CodeIgniter\HTTP\IncomingRequest), Object(CodeIgniter\HTTP\Response), Object(CodeIgniter\Log\Logger))
 2 SYSTEMPATH\CodeIgniter.php(493): CodeIgniter\CodeIgniter->createController()
 3 SYSTEMPATH\CodeIgniter.php(361): CodeIgniter\CodeIgniter->handleRequest(null, Object(Config\Cache), false)
 4 FCPATH\index.php(79): CodeIgniter\CodeIgniter->run()
WARNING - 2024-03-04 16:11:35 --> Session: Sessions is enabled, and one exists. Please don't $session->start();
INFO - 2024-03-04 16:11:43 --> Session: Class initialized using 'CodeIgniter\Session\Handlers\FileHandler' driver.
WARNING - 2024-03-04 16:11:43 --> [DEPRECATED] Creation of dynamic property App\Controllers\Compte::$session is deprecated in APPPATH\Controllers\BaseController.php on line 56.
 1 SYSTEMPATH\CodeIgniter.php(914): App\Controllers\BaseController->initController(Object(CodeIgniter\HTTP\IncomingRequest), Object(CodeIgniter\HTTP\Response), Object(CodeIgniter\Log\Logger))
 2 SYSTEMPATH\CodeIgniter.php(493): CodeIgniter\CodeIgniter->createController()
 3 SYSTEMPATH\CodeIgniter.php(361): CodeIgniter\CodeIgniter->handleRequest(null, Object(Config\Cache), false)
 4 FCPATH\index.php(79): CodeIgniter\CodeIgniter->run()
WARNING - 2024-03-04 16:11:43 --> Session: Sessions is enabled, and one exists. Please don't $session->start();
INFO - 2024-03-04 16:12:12 --> Session: Class initialized using 'CodeIgniter\Session\Handlers\FileHandler' driver.
WARNING - 2024-03-04 16:12:12 --> [DEPRECATED] Creation of dynamic property App\Controllers\Compte::$session is deprecated in APPPATH\Controllers\BaseController.php on line 56.
 1 SYSTEMPATH\CodeIgniter.php(914): App\Controllers\BaseController->initController(Object(CodeIgniter\HTTP\IncomingRequest), Object(CodeIgniter\HTTP\Response), Object(CodeIgniter\Log\Logger))
 2 SYSTEMPATH\CodeIgniter.php(493): CodeIgniter\CodeIgniter->createController()
 3 SYSTEMPATH\CodeIgniter.php(361): CodeIgniter\CodeIgniter->handleRequest(null, Object(Config\Cache), false)
 4 FCPATH\index.php(79): CodeIgniter\CodeIgniter->run()
WARNING - 2024-03-04 16:12:12 --> Session: Sessions is enabled, and one exists. Please don't $session->start();
INFO - 2024-03-04 16:12:26 --> Session: Class initialized using 'CodeIgniter\Session\Handlers\FileHandler' driver.
WARNING - 2024-03-04 16:12:26 --> [DEPRECATED] Creation of dynamic property App\Controllers\Compte::$session is deprecated in APPPATH\Controllers\BaseController.php on line 56.
 1 SYSTEMPATH\CodeIgniter.php(914): App\Controllers\BaseController->initController(Object(CodeIgniter\HTTP\IncomingRequest), Object(CodeIgniter\HTTP\Response), Object(CodeIgniter\Log\Logger))
 2 SYSTEMPATH\CodeIgniter.php(493): CodeIgniter\CodeIgniter->createController()
 3 SYSTEMPATH\CodeIgniter.php(361): CodeIgniter\CodeIgniter->handleRequest(null, Object(Config\Cache), false)
 4 FCPATH\index.php(79): CodeIgniter\CodeIgniter->run()
CRITICAL - 2024-03-04 16:12:26 --> Error: Cannot use object of type stdClass as array
in APPPATH\Views\Pages\User\profil.php on line 32.
 1 SYSTEMPATH\View\View.php(228): include()
 2 SYSTEMPATH\View\View.php(231): CodeIgniter\View\View->CodeIgniter\View\{closure}()
 3 SYSTEMPATH\Common.php(1178): CodeIgniter\View\View->render('Pages/User/profil', [], true)
 4 APPPATH\Controllers\Compte.php(45): view('Pages/User/profil')
 5 SYSTEMPATH\CodeIgniter.php(941): App\Controllers\Compte->parametre()
 6 SYSTEMPATH\CodeIgniter.php(502): CodeIgniter\CodeIgniter->runController(Object(App\Controllers\Compte))
 7 SYSTEMPATH\CodeIgniter.php(361): CodeIgniter\CodeIgniter->handleRequest(null, Object(Config\Cache), false)
 8 FCPATH\index.php(79): CodeIgniter\CodeIgniter->run()
INFO - 2024-03-04 16:13:09 --> Session: Class initialized using 'CodeIgniter\Session\Handlers\FileHandler' driver.
WARNING - 2024-03-04 16:13:09 --> [DEPRECATED] Creation of dynamic property App\Controllers\Compte::$session is deprecated in APPPATH\Controllers\BaseController.php on line 56.
 1 SYSTEMPATH\CodeIgniter.php(914): App\Controllers\BaseController->initController(Object(CodeIgniter\HTTP\IncomingRequest), Object(CodeIgniter\HTTP\Response), Object(CodeIgniter\Log\Logger))
 2 SYSTEMPATH\CodeIgniter.php(493): CodeIgniter\CodeIgniter->createController()
 3 SYSTEMPATH\CodeIgniter.php(361): CodeIgniter\CodeIgniter->handleRequest(null, Object(Config\Cache), false)
 4 FCPATH\index.php(79): CodeIgniter\CodeIgniter->run()
CRITICAL - 2024-03-04 16:13:09 --> ErrorException: Undefined array key "societe"
in APPPATH\Views\Pages\User\profil.php on line 32.
 1 APPPATH\Views\Pages\User\profil.php(32): CodeIgniter\Debug\Exceptions->errorHandler(2, 'Undefined array key "societe"', 'C:\\Users\\user\\xampp\\htdocs\\v4bis\\app\\Views\\Pages\\User\\profil.php', 32)
 2 SYSTEMPATH\View\View.php(228): include('C:\\Users\\user\\xampp\\htdocs\\v4bis\\app\\Views\\Pages\\User\\profil.php')
 3 SYSTEMPATH\View\View.php(231): CodeIgniter\View\View->CodeIgniter\View\{closure}()
 4 SYSTEMPATH\Common.php(1178): CodeIgniter\View\View->render('Pages/User/profil', [], true)
 5 APPPATH\Controllers\Compte.php(45): view('Pages/User/profil')
 6 SYSTEMPATH\CodeIgniter.php(941): App\Controllers\Compte->parametre()
 7 SYSTEMPATH\CodeIgniter.php(502): CodeIgniter\CodeIgniter->runController(Object(App\Controllers\Compte))
 8 SYSTEMPATH\CodeIgniter.php(361): CodeIgniter\CodeIgniter->handleRequest(null, Object(Config\Cache), false)
 9 FCPATH\index.php(79): CodeIgniter\CodeIgniter->run()
INFO - 2024-03-04 16:13:33 --> Session: Class initialized using 'CodeIgniter\Session\Handlers\FileHandler' driver.
WARNING - 2024-03-04 16:13:33 --> [DEPRECATED] Creation of dynamic property App\Controllers\Compte::$session is deprecated in APPPATH\Controllers\BaseController.php on line 56.
 1 SYSTEMPATH\CodeIgniter.php(914): App\Controllers\BaseController->initController(Object(CodeIgniter\HTTP\IncomingRequest), Object(CodeIgniter\HTTP\Response), Object(CodeIgniter\Log\Logger))
 2 SYSTEMPATH\CodeIgniter.php(493): CodeIgniter\CodeIgniter->createController()
 3 SYSTEMPATH\CodeIgniter.php(361): CodeIgniter\CodeIgniter->handleRequest(null, Object(Config\Cache), false)
 4 FCPATH\index.php(79): CodeIgniter\CodeIgniter->run()
CRITICAL - 2024-03-04 16:13:33 --> ErrorException: Attempt to read property "societe" on array
in APPPATH\Views\Pages\User\profil.php on line 32.
 1 APPPATH\Views\Pages\User\profil.php(32): CodeIgniter\Debug\Exceptions->errorHandler(2, 'Attempt to read property "societe" on array', 'C:\\Users\\user\\xampp\\htdocs\\v4bis\\app\\Views\\Pages\\User\\profil.php', 32)
 2 SYSTEMPATH\View\View.php(228): include('C:\\Users\\user\\xampp\\htdocs\\v4bis\\app\\Views\\Pages\\User\\profil.php')
 3 SYSTEMPATH\View\View.php(231): CodeIgniter\View\View->CodeIgniter\View\{closure}()
 4 SYSTEMPATH\Common.php(1178): CodeIgniter\View\View->render('Pages/User/profil', [], true)
 5 APPPATH\Controllers\Compte.php(45): view('Pages/User/profil')
 6 SYSTEMPATH\CodeIgniter.php(941): App\Controllers\Compte->parametre()
 7 SYSTEMPATH\CodeIgniter.php(502): CodeIgniter\CodeIgniter->runController(Object(App\Controllers\Compte))
 8 SYSTEMPATH\CodeIgniter.php(361): CodeIgniter\CodeIgniter->handleRequest(null, Object(Config\Cache), false)
 9 FCPATH\index.php(79): CodeIgniter\CodeIgniter->run()
INFO - 2024-03-04 16:13:44 --> Session: Class initialized using 'CodeIgniter\Session\Handlers\FileHandler' driver.
WARNING - 2024-03-04 16:13:44 --> [DEPRECATED] Creation of dynamic property App\Controllers\Compte::$session is deprecated in APPPATH\Controllers\BaseController.php on line 56.
 1 SYSTEMPATH\CodeIgniter.php(914): App\Controllers\BaseController->initController(Object(CodeIgniter\HTTP\IncomingRequest), Object(CodeIgniter\HTTP\Response), Object(CodeIgniter\Log\Logger))
 2 SYSTEMPATH\CodeIgniter.php(493): CodeIgniter\CodeIgniter->createController()
 3 SYSTEMPATH\CodeIgniter.php(361): CodeIgniter\CodeIgniter->handleRequest(null, Object(Config\Cache), false)
 4 FCPATH\index.php(79): CodeIgniter\CodeIgniter->run()
CRITICAL - 2024-03-04 16:13:44 --> ErrorException: Attempt to read property "société" on array
in APPPATH\Views\Pages\User\profil.php on line 32.
 1 APPPATH\Views\Pages\User\profil.php(32): CodeIgniter\Debug\Exceptions->errorHandler(2, 'Attempt to read property "société" on array', 'C:\\Users\\user\\xampp\\htdocs\\v4bis\\app\\Views\\Pages\\User\\profil.php', 32)
 2 SYSTEMPATH\View\View.php(228): include('C:\\Users\\user\\xampp\\htdocs\\v4bis\\app\\Views\\Pages\\User\\profil.php')
 3 SYSTEMPATH\View\View.php(231): CodeIgniter\View\View->CodeIgniter\View\{closure}()
 4 SYSTEMPATH\Common.php(1178): CodeIgniter\View\View->render('Pages/User/profil', [], true)
 5 APPPATH\Controllers\Compte.php(45): view('Pages/User/profil')
 6 SYSTEMPATH\CodeIgniter.php(941): App\Controllers\Compte->parametre()
 7 SYSTEMPATH\CodeIgniter.php(502): CodeIgniter\CodeIgniter->runController(Object(App\Controllers\Compte))
 8 SYSTEMPATH\CodeIgniter.php(361): CodeIgniter\CodeIgniter->handleRequest(null, Object(Config\Cache), false)
 9 FCPATH\index.php(79): CodeIgniter\CodeIgniter->run()
INFO - 2024-03-04 16:14:08 --> Session: Class initialized using 'CodeIgniter\Session\Handlers\FileHandler' driver.
WARNING - 2024-03-04 16:14:08 --> [DEPRECATED] Creation of dynamic property App\Controllers\Compte::$session is deprecated in APPPATH\Controllers\BaseController.php on line 56.
 1 SYSTEMPATH\CodeIgniter.php(914): App\Controllers\BaseController->initController(Object(CodeIgniter\HTTP\IncomingRequest), Object(CodeIgniter\HTTP\Response), Object(CodeIgniter\Log\Logger))
 2 SYSTEMPATH\CodeIgniter.php(493): CodeIgniter\CodeIgniter->createController()
 3 SYSTEMPATH\CodeIgniter.php(361): CodeIgniter\CodeIgniter->handleRequest(null, Object(Config\Cache), false)
 4 FCPATH\index.php(79): CodeIgniter\CodeIgniter->run()
CRITICAL - 2024-03-04 16:14:08 --> ErrorException: Undefined array key "societe"
in APPPATH\Views\Pages\User\profil.php on line 32.
 1 APPPATH\Views\Pages\User\profil.php(32): CodeIgniter\Debug\Exceptions->errorHandler(2, 'Undefined array key "societe"', 'C:\\Users\\user\\xampp\\htdocs\\v4bis\\app\\Views\\Pages\\User\\profil.php', 32)
 2 SYSTEMPATH\View\View.php(228): include('C:\\Users\\user\\xampp\\htdocs\\v4bis\\app\\Views\\Pages\\User\\profil.php')
 3 SYSTEMPATH\View\View.php(231): CodeIgniter\View\View->CodeIgniter\View\{closure}()
 4 SYSTEMPATH\Common.php(1178): CodeIgniter\View\View->render('Pages/User/profil', [], true)
 5 APPPATH\Controllers\Compte.php(45): view('Pages/User/profil')
 6 SYSTEMPATH\CodeIgniter.php(941): App\Controllers\Compte->parametre()
 7 SYSTEMPATH\CodeIgniter.php(502): CodeIgniter\CodeIgniter->runController(Object(App\Controllers\Compte))
 8 SYSTEMPATH\CodeIgniter.php(361): CodeIgniter\CodeIgniter->handleRequest(null, Object(Config\Cache), false)
 9 FCPATH\index.php(79): CodeIgniter\CodeIgniter->run()
INFO - 2024-03-04 16:16:44 --> Session: Class initialized using 'CodeIgniter\Session\Handlers\FileHandler' driver.
WARNING - 2024-03-04 16:16:44 --> [DEPRECATED] Creation of dynamic property App\Controllers\Compte::$session is deprecated in APPPATH\Controllers\BaseController.php on line 56.
 1 SYSTEMPATH\CodeIgniter.php(914): App\Controllers\BaseController->initController(Object(CodeIgniter\HTTP\IncomingRequest), Object(CodeIgniter\HTTP\Response), Object(CodeIgniter\Log\Logger))
 2 SYSTEMPATH\CodeIgniter.php(493): CodeIgniter\CodeIgniter->createController()
 3 SYSTEMPATH\CodeIgniter.php(361): CodeIgniter\CodeIgniter->handleRequest(null, Object(Config\Cache), false)
 4 FCPATH\index.php(79): CodeIgniter\CodeIgniter->run()
CRITICAL - 2024-03-04 16:16:44 --> ErrorException: Attempt to read property "societe" on array
in APPPATH\Views\Pages\User\profil.php on line 32.
 1 APPPATH\Views\Pages\User\profil.php(32): CodeIgniter\Debug\Exceptions->errorHandler(2, 'Attempt to read property "societe" on array', 'C:\\Users\\user\\xampp\\htdocs\\v4bis\\app\\Views\\Pages\\User\\profil.php', 32)
 2 SYSTEMPATH\View\View.php(228): include('C:\\Users\\user\\xampp\\htdocs\\v4bis\\app\\Views\\Pages\\User\\profil.php')
 3 SYSTEMPATH\View\View.php(231): CodeIgniter\View\View->CodeIgniter\View\{closure}()
 4 SYSTEMPATH\Common.php(1178): CodeIgniter\View\View->render('Pages/User/profil', [], true)
 5 APPPATH\Controllers\Compte.php(45): view('Pages/User/profil')
 6 SYSTEMPATH\CodeIgniter.php(941): App\Controllers\Compte->parametre()
 7 SYSTEMPATH\CodeIgniter.php(502): CodeIgniter\CodeIgniter->runController(Object(App\Controllers\Compte))
 8 SYSTEMPATH\CodeIgniter.php(361): CodeIgniter\CodeIgniter->handleRequest(null, Object(Config\Cache), false)
 9 FCPATH\index.php(79): CodeIgniter\CodeIgniter->run()
INFO - 2024-03-04 16:17:20 --> Session: Class initialized using 'CodeIgniter\Session\Handlers\FileHandler' driver.
WARNING - 2024-03-04 16:17:20 --> [DEPRECATED] Creation of dynamic property App\Controllers\Compte::$session is deprecated in APPPATH\Controllers\BaseController.php on line 56.
 1 SYSTEMPATH\CodeIgniter.php(914): App\Controllers\BaseController->initController(Object(CodeIgniter\HTTP\IncomingRequest), Object(CodeIgniter\HTTP\Response), Object(CodeIgniter\Log\Logger))
 2 SYSTEMPATH\CodeIgniter.php(493): CodeIgniter\CodeIgniter->createController()
 3 SYSTEMPATH\CodeIgniter.php(361): CodeIgniter\CodeIgniter->handleRequest(null, Object(Config\Cache), false)
 4 FCPATH\index.php(79): CodeIgniter\CodeIgniter->run()
INFO - 2024-03-04 16:21:52 --> Session: Class initialized using 'CodeIgniter\Session\Handlers\FileHandler' driver.
WARNING - 2024-03-04 16:21:52 --> [DEPRECATED] Creation of dynamic property App\Controllers\Compte::$session is deprecated in APPPATH\Controllers\BaseController.php on line 56.
 1 SYSTEMPATH\CodeIgniter.php(914): App\Controllers\BaseController->initController(Object(CodeIgniter\HTTP\IncomingRequest), Object(CodeIgniter\HTTP\Response), Object(CodeIgniter\Log\Logger))
 2 SYSTEMPATH\CodeIgniter.php(493): CodeIgniter\CodeIgniter->createController()
 3 SYSTEMPATH\CodeIgniter.php(361): CodeIgniter\CodeIgniter->handleRequest(null, Object(Config\Cache), false)
 4 FCPATH\index.php(79): CodeIgniter\CodeIgniter->run()
CRITICAL - 2024-03-04 16:21:53 --> ErrorException: Undefined property: stdClass::$mail
in APPPATH\Views\Pages\User\profil.php on line 40.
 1 APPPATH\Views\Pages\User\profil.php(40): CodeIgniter\Debug\Exceptions->errorHandler(2, 'Undefined property: stdClass::$mail', 'C:\\Users\\user\\xampp\\htdocs\\v4bis\\app\\Views\\Pages\\User\\profil.php', 40)
 2 SYSTEMPATH\View\View.php(228): include('C:\\Users\\user\\xampp\\htdocs\\v4bis\\app\\Views\\Pages\\User\\profil.php')
 3 SYSTEMPATH\View\View.php(231): CodeIgniter\View\View->CodeIgniter\View\{closure}()
 4 SYSTEMPATH\Common.php(1178): CodeIgniter\View\View->render('Pages/User/profil', [], true)
 5 APPPATH\Controllers\Compte.php(45): view('Pages/User/profil')
 6 SYSTEMPATH\CodeIgniter.php(941): App\Controllers\Compte->parametre()
 7 SYSTEMPATH\CodeIgniter.php(502): CodeIgniter\CodeIgniter->runController(Object(App\Controllers\Compte))
 8 SYSTEMPATH\CodeIgniter.php(361): CodeIgniter\CodeIgniter->handleRequest(null, Object(Config\Cache), false)
 9 FCPATH\index.php(79): CodeIgniter\CodeIgniter->run()
INFO - 2024-03-04 16:22:01 --> Session: Class initialized using 'CodeIgniter\Session\Handlers\FileHandler' driver.
WARNING - 2024-03-04 16:22:01 --> [DEPRECATED] Creation of dynamic property App\Controllers\Compte::$session is deprecated in APPPATH\Controllers\BaseController.php on line 56.
 1 SYSTEMPATH\CodeIgniter.php(914): App\Controllers\BaseController->initController(Object(CodeIgniter\HTTP\IncomingRequest), Object(CodeIgniter\HTTP\Response), Object(CodeIgniter\Log\Logger))
 2 SYSTEMPATH\CodeIgniter.php(493): CodeIgniter\CodeIgniter->createController()
 3 SYSTEMPATH\CodeIgniter.php(361): CodeIgniter\CodeIgniter->handleRequest(null, Object(Config\Cache), false)
 4 FCPATH\index.php(79): CodeIgniter\CodeIgniter->run()
INFO - 2024-03-04 16:22:11 --> Session: Class initialized using 'CodeIgniter\Session\Handlers\FileHandler' driver.
WARNING - 2024-03-04 16:22:11 --> [DEPRECATED] Creation of dynamic property App\Controllers\Compte::$session is deprecated in APPPATH\Controllers\BaseController.php on line 56.
 1 SYSTEMPATH\CodeIgniter.php(914): App\Controllers\BaseController->initController(Object(CodeIgniter\HTTP\IncomingRequest), Object(CodeIgniter\HTTP\Response), Object(CodeIgniter\Log\Logger))
 2 SYSTEMPATH\CodeIgniter.php(493): CodeIgniter\CodeIgniter->createController()
 3 SYSTEMPATH\CodeIgniter.php(361): CodeIgniter\CodeIgniter->handleRequest(null, Object(Config\Cache), false)
 4 FCPATH\index.php(79): CodeIgniter\CodeIgniter->run()
INFO - 2024-03-04 16:22:28 --> Session: Class initialized using 'CodeIgniter\Session\Handlers\FileHandler' driver.
WARNING - 2024-03-04 16:22:28 --> [DEPRECATED] Creation of dynamic property App\Controllers\Compte::$session is deprecated in APPPATH\Controllers\BaseController.php on line 56.
 1 SYSTEMPATH\CodeIgniter.php(914): App\Controllers\BaseController->initController(Object(CodeIgniter\HTTP\IncomingRequest), Object(CodeIgniter\HTTP\Response), Object(CodeIgniter\Log\Logger))
 2 SYSTEMPATH\CodeIgniter.php(493): CodeIgniter\CodeIgniter->createController()
 3 SYSTEMPATH\CodeIgniter.php(361): CodeIgniter\CodeIgniter->handleRequest(null, Object(Config\Cache), false)
 4 FCPATH\index.php(79): CodeIgniter\CodeIgniter->run()
INFO - 2024-03-04 16:24:20 --> Session: Class initialized using 'CodeIgniter\Session\Handlers\FileHandler' driver.
WARNING - 2024-03-04 16:24:20 --> [DEPRECATED] Creation of dynamic property App\Controllers\Compte::$session is deprecated in APPPATH\Controllers\BaseController.php on line 56.
 1 SYSTEMPATH\CodeIgniter.php(914): App\Controllers\BaseController->initController(Object(CodeIgniter\HTTP\IncomingRequest), Object(CodeIgniter\HTTP\Response), Object(CodeIgniter\Log\Logger))
 2 SYSTEMPATH\CodeIgniter.php(493): CodeIgniter\CodeIgniter->createController()
 3 SYSTEMPATH\CodeIgniter.php(361): CodeIgniter\CodeIgniter->handleRequest(null, Object(Config\Cache), false)
 4 FCPATH\index.php(79): CodeIgniter\CodeIgniter->run()
INFO - 2024-03-04 16:24:23 --> Session: Class initialized using 'CodeIgniter\Session\Handlers\FileHandler' driver.
WARNING - 2024-03-04 16:24:23 --> [DEPRECATED] Creation of dynamic property App\Controllers\Compte::$session is deprecated in APPPATH\Controllers\BaseController.php on line 56.
 1 SYSTEMPATH\CodeIgniter.php(914): App\Controllers\BaseController->initController(Object(CodeIgniter\HTTP\IncomingRequest), Object(CodeIgniter\HTTP\Response), Object(CodeIgniter\Log\Logger))
 2 SYSTEMPATH\CodeIgniter.php(493): CodeIgniter\CodeIgniter->createController()
 3 SYSTEMPATH\CodeIgniter.php(361): CodeIgniter\CodeIgniter->handleRequest(null, Object(Config\Cache), false)
 4 FCPATH\index.php(79): CodeIgniter\CodeIgniter->run()
INFO - 2024-03-04 16:24:23 --> Session: Class initialized using 'CodeIgniter\Session\Handlers\FileHandler' driver.
WARNING - 2024-03-04 16:24:23 --> [DEPRECATED] Creation of dynamic property App\Controllers\Accueil::$session is deprecated in APPPATH\Controllers\BaseController.php on line 56.
 1 SYSTEMPATH\CodeIgniter.php(914): App\Controllers\BaseController->initController(Object(CodeIgniter\HTTP\IncomingRequest), Object(CodeIgniter\HTTP\Response), Object(CodeIgniter\Log\Logger))
 2 SYSTEMPATH\CodeIgniter.php(493): CodeIgniter\CodeIgniter->createController()
 3 SYSTEMPATH\CodeIgniter.php(361): CodeIgniter\CodeIgniter->handleRequest(null, Object(Config\Cache), false)
 4 FCPATH\index.php(79): CodeIgniter\CodeIgniter->run()
INFO - 2024-03-04 16:24:28 --> Session: Class initialized using 'CodeIgniter\Session\Handlers\FileHandler' driver.
WARNING - 2024-03-04 16:24:28 --> [DEPRECATED] Creation of dynamic property App\Controllers\Authentification::$session is deprecated in APPPATH\Controllers\BaseController.php on line 56.
 1 SYSTEMPATH\CodeIgniter.php(914): App\Controllers\BaseController->initController(Object(CodeIgniter\HTTP\IncomingRequest), Object(CodeIgniter\HTTP\Response), Object(CodeIgniter\Log\Logger))
 2 SYSTEMPATH\CodeIgniter.php(493): CodeIgniter\CodeIgniter->createController()
 3 SYSTEMPATH\CodeIgniter.php(361): CodeIgniter\CodeIgniter->handleRequest(null, Object(Config\Cache), false)
 4 FCPATH\index.php(79): CodeIgniter\CodeIgniter->run()
INFO - 2024-03-04 16:24:31 --> Session: Class initialized using 'CodeIgniter\Session\Handlers\FileHandler' driver.
WARNING - 2024-03-04 16:24:31 --> [DEPRECATED] Creation of dynamic property App\Controllers\Authentification::$session is deprecated in APPPATH\Controllers\BaseController.php on line 56.
 1 SYSTEMPATH\CodeIgniter.php(914): App\Controllers\BaseController->initController(Object(CodeIgniter\HTTP\IncomingRequest), Object(CodeIgniter\HTTP\Response), Object(CodeIgniter\Log\Logger))
 2 SYSTEMPATH\CodeIgniter.php(493): CodeIgniter\CodeIgniter->createController()
 3 SYSTEMPATH\CodeIgniter.php(361): CodeIgniter\CodeIgniter->handleRequest(null, Object(Config\Cache), false)
 4 FCPATH\index.php(79): CodeIgniter\CodeIgniter->run()
WARNING - 2024-03-04 16:24:31 --> Session: Sessions is enabled, and one exists. Please don't $session->start();
INFO - 2024-03-04 16:24:31 --> Session: Class initialized using 'CodeIgniter\Session\Handlers\FileHandler' driver.
WARNING - 2024-03-04 16:24:31 --> [DEPRECATED] Creation of dynamic property App\Controllers\Compte::$session is deprecated in APPPATH\Controllers\BaseController.php on line 56.
 1 SYSTEMPATH\CodeIgniter.php(914): App\Controllers\BaseController->initController(Object(CodeIgniter\HTTP\IncomingRequest), Object(CodeIgniter\HTTP\Response), Object(CodeIgniter\Log\Logger))
 2 SYSTEMPATH\CodeIgniter.php(493): CodeIgniter\CodeIgniter->createController()
 3 SYSTEMPATH\CodeIgniter.php(361): CodeIgniter\CodeIgniter->handleRequest(null, Object(Config\Cache), false)
 4 FCPATH\index.php(79): CodeIgniter\CodeIgniter->run()
WARNING - 2024-03-04 16:24:31 --> Session: Sessions is enabled, and one exists. Please don't $session->start();
INFO - 2024-03-04 16:27:09 --> Session: Class initialized using 'CodeIgniter\Session\Handlers\FileHandler' driver.
WARNING - 2024-03-04 16:27:09 --> [DEPRECATED] Creation of dynamic property App\Controllers\Compte::$session is deprecated in APPPATH\Controllers\BaseController.php on line 56.
 1 SYSTEMPATH\CodeIgniter.php(914): App\Controllers\BaseController->initController(Object(CodeIgniter\HTTP\IncomingRequest), Object(CodeIgniter\HTTP\Response), Object(CodeIgniter\Log\Logger))
 2 SYSTEMPATH\CodeIgniter.php(493): CodeIgniter\CodeIgniter->createController()
 3 SYSTEMPATH\CodeIgniter.php(361): CodeIgniter\CodeIgniter->handleRequest(null, Object(Config\Cache), false)
 4 FCPATH\index.php(79): CodeIgniter\CodeIgniter->run()
WARNING - 2024-03-04 16:27:09 --> Session: Sessions is enabled, and one exists. Please don't $session->start();
INFO - 2024-03-04 16:27:11 --> Session: Class initialized using 'CodeIgniter\Session\Handlers\FileHandler' driver.
WARNING - 2024-03-04 16:27:11 --> [DEPRECATED] Creation of dynamic property App\Controllers\Compte::$session is deprecated in APPPATH\Controllers\BaseController.php on line 56.
 1 SYSTEMPATH\CodeIgniter.php(914): App\Controllers\BaseController->initController(Object(CodeIgniter\HTTP\IncomingRequest), Object(CodeIgniter\HTTP\Response), Object(CodeIgniter\Log\Logger))
 2 SYSTEMPATH\CodeIgniter.php(493): CodeIgniter\CodeIgniter->createController()
 3 SYSTEMPATH\CodeIgniter.php(361): CodeIgniter\CodeIgniter->handleRequest(null, Object(Config\Cache), false)
 4 FCPATH\index.php(79): CodeIgniter\CodeIgniter->run()
INFO - 2024-03-04 16:27:21 --> Session: Class initialized using 'CodeIgniter\Session\Handlers\FileHandler' driver.
WARNING - 2024-03-04 16:27:21 --> [DEPRECATED] Creation of dynamic property App\Controllers\Compte::$session is deprecated in APPPATH\Controllers\BaseController.php on line 56.
 1 SYSTEMPATH\CodeIgniter.php(914): App\Controllers\BaseController->initController(Object(CodeIgniter\HTTP\IncomingRequest), Object(CodeIgniter\HTTP\Response), Object(CodeIgniter\Log\Logger))
 2 SYSTEMPATH\CodeIgniter.php(493): CodeIgniter\CodeIgniter->createController()
 3 SYSTEMPATH\CodeIgniter.php(361): CodeIgniter\CodeIgniter->handleRequest(null, Object(Config\Cache), false)
 4 FCPATH\index.php(79): CodeIgniter\CodeIgniter->run()
