INFO - 2024-03-05 15:15:09 --> Session: Class initialized using 'CodeIgniter\Session\Handlers\FileHandler' driver.
WARNING - 2024-03-05 15:15:09 --> [DEPRECATED] Creation of dynamic property App\Controllers\Accueil::$session is deprecated in APPPATH\Controllers\BaseController.php on line 56.
 1 SYSTEMPATH\CodeIgniter.php(914): App\Controllers\BaseController->initController(Object(CodeIgniter\HTTP\IncomingRequest), Object(CodeIgniter\HTTP\Response), Object(CodeIgniter\Log\Logger))
 2 SYSTEMPATH\CodeIgniter.php(493): CodeIgniter\CodeIgniter->createController()
 3 SYSTEMPATH\CodeIgniter.php(361): CodeIgniter\CodeIgniter->handleRequest(null, Object(Config\Cache), false)
 4 FCPATH\index.php(79): CodeIgniter\CodeIgniter->run()
INFO - 2024-03-05 15:15:13 --> Session: Class initialized using 'CodeIgniter\Session\Handlers\FileHandler' driver.
WARNING - 2024-03-05 15:15:13 --> [DEPRECATED] Creation of dynamic property App\Controllers\Inscription::$session is deprecated in APPPATH\Controllers\BaseController.php on line 56.
 1 SYSTEMPATH\CodeIgniter.php(914): App\Controllers\BaseController->initController(Object(CodeIgniter\HTTP\IncomingRequest), Object(CodeIgniter\HTTP\Response), Object(CodeIgniter\Log\Logger))
 2 SYSTEMPATH\CodeIgniter.php(493): CodeIgniter\CodeIgniter->createController()
 3 SYSTEMPATH\CodeIgniter.php(361): CodeIgniter\CodeIgniter->handleRequest(null, Object(Config\Cache), false)
 4 FCPATH\index.php(79): CodeIgniter\CodeIgniter->run()
INFO - 2024-03-05 15:15:18 --> Session: Class initialized using 'CodeIgniter\Session\Handlers\FileHandler' driver.
WARNING - 2024-03-05 15:15:18 --> [DEPRECATED] Creation of dynamic property App\Controllers\Inscription::$session is deprecated in APPPATH\Controllers\BaseController.php on line 56.
 1 SYSTEMPATH\CodeIgniter.php(914): App\Controllers\BaseController->initController(Object(CodeIgniter\HTTP\IncomingRequest), Object(CodeIgniter\HTTP\Response), Object(CodeIgniter\Log\Logger))
 2 SYSTEMPATH\CodeIgniter.php(493): CodeIgniter\CodeIgniter->createController()
 3 SYSTEMPATH\CodeIgniter.php(361): CodeIgniter\CodeIgniter->handleRequest(null, Object(Config\Cache), false)
 4 FCPATH\index.php(79): CodeIgniter\CodeIgniter->run()
ERROR - 2024-03-05 15:15:19 --> mysqli_sql_exception: Operation impossible in C:\Users\user\xampp\htdocs\v4bis\system\Database\MySQLi\Connection.php:306
Stack trace:
#0 C:\Users\user\xampp\htdocs\v4bis\system\Database\MySQLi\Connection.php(306): mysqli->query('INSERT INTO `ut...', 0)
#1 C:\Users\user\xampp\htdocs\v4bis\system\Database\BaseConnection.php(693): CodeIgniter\Database\MySQLi\Connection->execute('INSERT INTO `ut...')
#2 C:\Users\user\xampp\htdocs\v4bis\system\Database\BaseConnection.php(607): CodeIgniter\Database\BaseConnection->simpleQuery('INSERT INTO `ut...')
#3 C:\Users\user\xampp\htdocs\v4bis\system\Database\BaseBuilder.php(2307): CodeIgniter\Database\BaseConnection->query('INSERT INTO `ut...', Array, false)
#4 C:\Users\user\xampp\htdocs\v4bis\system\Model.php(326): CodeIgniter\Database\BaseBuilder->insert()
#5 C:\Users\user\xampp\htdocs\v4bis\system\BaseModel.php(802): CodeIgniter\Model->doInsert(Array)
#6 C:\Users\user\xampp\htdocs\v4bis\system\Model.php(744): CodeIgniter\BaseModel->insert(Array, true)
#7 C:\Users\user\xampp\htdocs\v4bis\app\Models\SessionModel.php(15): CodeIgniter\Model->insert(Array)
#8 C:\Users\user\xampp\htdocs\v4bis\app\Controllers\Inscription.php(58): App\Models\SessionModel::insert_utilisateur(Array)
#9 C:\Users\user\xampp\htdocs\v4bis\system\CodeIgniter.php(941): App\Controllers\Inscription->enregistrement()
#10 C:\Users\user\xampp\htdocs\v4bis\system\CodeIgniter.php(502): CodeIgniter\CodeIgniter->runController(Object(App\Controllers\Inscription))
#11 C:\Users\user\xampp\htdocs\v4bis\system\CodeIgniter.php(361): CodeIgniter\CodeIgniter->handleRequest(NULL, Object(Config\Cache), false)
#12 C:\Users\user\xampp\htdocs\v4bis\index.php(79): CodeIgniter\CodeIgniter->run()
#13 {main}
CRITICAL - 2024-03-05 15:15:19 --> CodeIgniter\Database\Exceptions\DatabaseException: Operation impossible
in SYSTEMPATH\Database\BaseConnection.php on line 647.
 1 SYSTEMPATH\Database\BaseBuilder.php(2307): CodeIgniter\Database\BaseConnection->query('INSERT INTO `utilisateur` (`societe`, `mdp`, `id_user_societe`, `date_création`, `date_modification`) VALUES (:societe:, :mdp:, :id_user_societe:, :date_création:, :date_modification:)', [...], false)
 2 SYSTEMPATH\Model.php(326): CodeIgniter\Database\BaseBuilder->insert()
 3 SYSTEMPATH\BaseModel.php(802): CodeIgniter\Model->doInsert([...])
 4 SYSTEMPATH\Model.php(744): CodeIgniter\BaseModel->insert([...], true)
 5 APPPATH\Models\SessionModel.php(15): CodeIgniter\Model->insert([...])
 6 APPPATH\Controllers\Inscription.php(58): App\Models\SessionModel::insert_utilisateur([...])
 7 SYSTEMPATH\CodeIgniter.php(941): App\Controllers\Inscription->enregistrement()
 8 SYSTEMPATH\CodeIgniter.php(502): CodeIgniter\CodeIgniter->runController(Object(App\Controllers\Inscription))
 9 SYSTEMPATH\CodeIgniter.php(361): CodeIgniter\CodeIgniter->handleRequest(null, Object(Config\Cache), false)
10 FCPATH\index.php(79): CodeIgniter\CodeIgniter->run()
CRITICAL - 2024-03-05 15:15:19 --> [Caused by] CodeIgniter\Database\Exceptions\DatabaseException: Operation impossible
in SYSTEMPATH\Database\MySQLi\Connection.php on line 311.
 1 SYSTEMPATH\Database\BaseConnection.php(693): CodeIgniter\Database\MySQLi\Connection->execute('INSERT INTO `utilisateur` (`societe`, `mdp`, `id_user_societe`, `date_création`, `date_modification`) VALUES (\'asminfo\', \'$2y$10$S8V3ERQ.Ru05WkXFdHiN4Oh/e6Nh6ExmjtfwmG5B3QGr0mE9QrYlK\', 1, \'2024-03-05 15:15:19\', \'2024-03-05 15:15:19\')')
 2 SYSTEMPATH\Database\BaseConnection.php(607): CodeIgniter\Database\BaseConnection->simpleQuery('INSERT INTO `utilisateur` (`societe`, `mdp`, `id_user_societe`, `date_création`, `date_modification`) VALUES (\'asminfo\', \'$2y$10$S8V3ERQ.Ru05WkXFdHiN4Oh/e6Nh6ExmjtfwmG5B3QGr0mE9QrYlK\', 1, \'2024-03-05 15:15:19\', \'2024-03-05 15:15:19\')')
 3 SYSTEMPATH\Database\BaseBuilder.php(2307): CodeIgniter\Database\BaseConnection->query('INSERT INTO `utilisateur` (`societe`, `mdp`, `id_user_societe`, `date_création`, `date_modification`) VALUES (:societe:, :mdp:, :id_user_societe:, :date_création:, :date_modification:)', [...], false)
 4 SYSTEMPATH\Model.php(326): CodeIgniter\Database\BaseBuilder->insert()
 5 SYSTEMPATH\BaseModel.php(802): CodeIgniter\Model->doInsert([...])
 6 SYSTEMPATH\Model.php(744): CodeIgniter\BaseModel->insert([...], true)
 7 APPPATH\Models\SessionModel.php(15): CodeIgniter\Model->insert([...])
 8 APPPATH\Controllers\Inscription.php(58): App\Models\SessionModel::insert_utilisateur([...])
 9 SYSTEMPATH\CodeIgniter.php(941): App\Controllers\Inscription->enregistrement()
10 SYSTEMPATH\CodeIgniter.php(502): CodeIgniter\CodeIgniter->runController(Object(App\Controllers\Inscription))
11 SYSTEMPATH\CodeIgniter.php(361): CodeIgniter\CodeIgniter->handleRequest(null, Object(Config\Cache), false)
12 FCPATH\index.php(79): CodeIgniter\CodeIgniter->run()
CRITICAL - 2024-03-05 15:15:19 --> [Caused by] mysqli_sql_exception: Operation impossible
in SYSTEMPATH\Database\MySQLi\Connection.php on line 306.
 1 SYSTEMPATH\Database\MySQLi\Connection.php(306): mysqli->query('INSERT INTO `utilisateur` (`societe`, `mdp`, `id_user_societe`, `date_création`, `date_modification`) VALUES (\'asminfo\', \'$2y$10$S8V3ERQ.Ru05WkXFdHiN4Oh/e6Nh6ExmjtfwmG5B3QGr0mE9QrYlK\', 1, \'2024-03-05 15:15:19\', \'2024-03-05 15:15:19\')', 0)
 2 SYSTEMPATH\Database\BaseConnection.php(693): CodeIgniter\Database\MySQLi\Connection->execute('INSERT INTO `utilisateur` (`societe`, `mdp`, `id_user_societe`, `date_création`, `date_modification`) VALUES (\'asminfo\', \'$2y$10$S8V3ERQ.Ru05WkXFdHiN4Oh/e6Nh6ExmjtfwmG5B3QGr0mE9QrYlK\', 1, \'2024-03-05 15:15:19\', \'2024-03-05 15:15:19\')')
 3 SYSTEMPATH\Database\BaseConnection.php(607): CodeIgniter\Database\BaseConnection->simpleQuery('INSERT INTO `utilisateur` (`societe`, `mdp`, `id_user_societe`, `date_création`, `date_modification`) VALUES (\'asminfo\', \'$2y$10$S8V3ERQ.Ru05WkXFdHiN4Oh/e6Nh6ExmjtfwmG5B3QGr0mE9QrYlK\', 1, \'2024-03-05 15:15:19\', \'2024-03-05 15:15:19\')')
 4 SYSTEMPATH\Database\BaseBuilder.php(2307): CodeIgniter\Database\BaseConnection->query('INSERT INTO `utilisateur` (`societe`, `mdp`, `id_user_societe`, `date_création`, `date_modification`) VALUES (:societe:, :mdp:, :id_user_societe:, :date_création:, :date_modification:)', [...], false)
 5 SYSTEMPATH\Model.php(326): CodeIgniter\Database\BaseBuilder->insert()
 6 SYSTEMPATH\BaseModel.php(802): CodeIgniter\Model->doInsert([...])
 7 SYSTEMPATH\Model.php(744): CodeIgniter\BaseModel->insert([...], true)
 8 APPPATH\Models\SessionModel.php(15): CodeIgniter\Model->insert([...])
 9 APPPATH\Controllers\Inscription.php(58): App\Models\SessionModel::insert_utilisateur([...])
10 SYSTEMPATH\CodeIgniter.php(941): App\Controllers\Inscription->enregistrement()
11 SYSTEMPATH\CodeIgniter.php(502): CodeIgniter\CodeIgniter->runController(Object(App\Controllers\Inscription))
12 SYSTEMPATH\CodeIgniter.php(361): CodeIgniter\CodeIgniter->handleRequest(null, Object(Config\Cache), false)
13 FCPATH\index.php(79): CodeIgniter\CodeIgniter->run()
INFO - 2024-03-05 15:20:20 --> Session: Class initialized using 'CodeIgniter\Session\Handlers\FileHandler' driver.
WARNING - 2024-03-05 15:20:20 --> [DEPRECATED] Creation of dynamic property App\Controllers\Inscription::$session is deprecated in APPPATH\Controllers\BaseController.php on line 56.
 1 SYSTEMPATH\CodeIgniter.php(914): App\Controllers\BaseController->initController(Object(CodeIgniter\HTTP\IncomingRequest), Object(CodeIgniter\HTTP\Response), Object(CodeIgniter\Log\Logger))
 2 SYSTEMPATH\CodeIgniter.php(493): CodeIgniter\CodeIgniter->createController()
 3 SYSTEMPATH\CodeIgniter.php(361): CodeIgniter\CodeIgniter->handleRequest(null, Object(Config\Cache), false)
 4 FCPATH\index.php(79): CodeIgniter\CodeIgniter->run()
ERROR - 2024-03-05 15:20:20 --> mysqli_sql_exception: Operation impossible in C:\Users\user\xampp\htdocs\v4bis\system\Database\MySQLi\Connection.php:306
Stack trace:
#0 C:\Users\user\xampp\htdocs\v4bis\system\Database\MySQLi\Connection.php(306): mysqli->query('INSERT INTO `ut...', 0)
#1 C:\Users\user\xampp\htdocs\v4bis\system\Database\BaseConnection.php(693): CodeIgniter\Database\MySQLi\Connection->execute('INSERT INTO `ut...')
#2 C:\Users\user\xampp\htdocs\v4bis\system\Database\BaseConnection.php(607): CodeIgniter\Database\BaseConnection->simpleQuery('INSERT INTO `ut...')
#3 C:\Users\user\xampp\htdocs\v4bis\system\Database\BaseBuilder.php(2307): CodeIgniter\Database\BaseConnection->query('INSERT INTO `ut...', Array, false)
#4 C:\Users\user\xampp\htdocs\v4bis\system\Model.php(326): CodeIgniter\Database\BaseBuilder->insert()
#5 C:\Users\user\xampp\htdocs\v4bis\system\BaseModel.php(802): CodeIgniter\Model->doInsert(Array)
#6 C:\Users\user\xampp\htdocs\v4bis\system\Model.php(744): CodeIgniter\BaseModel->insert(Array, true)
#7 C:\Users\user\xampp\htdocs\v4bis\app\Models\SessionModel.php(15): CodeIgniter\Model->insert(Array)
#8 C:\Users\user\xampp\htdocs\v4bis\app\Controllers\Inscription.php(58): App\Models\SessionModel::insert_utilisateur(Array)
#9 C:\Users\user\xampp\htdocs\v4bis\system\CodeIgniter.php(941): App\Controllers\Inscription->enregistrement()
#10 C:\Users\user\xampp\htdocs\v4bis\system\CodeIgniter.php(502): CodeIgniter\CodeIgniter->runController(Object(App\Controllers\Inscription))
#11 C:\Users\user\xampp\htdocs\v4bis\system\CodeIgniter.php(361): CodeIgniter\CodeIgniter->handleRequest(NULL, Object(Config\Cache), false)
#12 C:\Users\user\xampp\htdocs\v4bis\index.php(79): CodeIgniter\CodeIgniter->run()
#13 {main}
CRITICAL - 2024-03-05 15:20:20 --> CodeIgniter\Database\Exceptions\DatabaseException: Operation impossible
in SYSTEMPATH\Database\BaseConnection.php on line 647.
 1 SYSTEMPATH\Database\BaseBuilder.php(2307): CodeIgniter\Database\BaseConnection->query('INSERT INTO `utilisateur` (`societe`, `mdp`, `id_user_societe`, `date_création`, `date_modification`) VALUES (:societe:, :mdp:, :id_user_societe:, :date_création:, :date_modification:)', [...], false)
 2 SYSTEMPATH\Model.php(326): CodeIgniter\Database\BaseBuilder->insert()
 3 SYSTEMPATH\BaseModel.php(802): CodeIgniter\Model->doInsert([...])
 4 SYSTEMPATH\Model.php(744): CodeIgniter\BaseModel->insert([...], true)
 5 APPPATH\Models\SessionModel.php(15): CodeIgniter\Model->insert([...])
 6 APPPATH\Controllers\Inscription.php(58): App\Models\SessionModel::insert_utilisateur([...])
 7 SYSTEMPATH\CodeIgniter.php(941): App\Controllers\Inscription->enregistrement()
 8 SYSTEMPATH\CodeIgniter.php(502): CodeIgniter\CodeIgniter->runController(Object(App\Controllers\Inscription))
 9 SYSTEMPATH\CodeIgniter.php(361): CodeIgniter\CodeIgniter->handleRequest(null, Object(Config\Cache), false)
10 FCPATH\index.php(79): CodeIgniter\CodeIgniter->run()
CRITICAL - 2024-03-05 15:20:20 --> [Caused by] CodeIgniter\Database\Exceptions\DatabaseException: Operation impossible
in SYSTEMPATH\Database\MySQLi\Connection.php on line 311.
 1 SYSTEMPATH\Database\BaseConnection.php(693): CodeIgniter\Database\MySQLi\Connection->execute('INSERT INTO `utilisateur` (`societe`, `mdp`, `id_user_societe`, `date_création`, `date_modification`) VALUES (\'asminfo\', \'$2y$10$wUVMRpJbU1dJnLzPrn1HVeqWZsesLy55J1VyHWJUrgTUyVq64wcTm\', 1, \'2024-03-05 15:20:20\', \'2024-03-05 15:20:20\')')
 2 SYSTEMPATH\Database\BaseConnection.php(607): CodeIgniter\Database\BaseConnection->simpleQuery('INSERT INTO `utilisateur` (`societe`, `mdp`, `id_user_societe`, `date_création`, `date_modification`) VALUES (\'asminfo\', \'$2y$10$wUVMRpJbU1dJnLzPrn1HVeqWZsesLy55J1VyHWJUrgTUyVq64wcTm\', 1, \'2024-03-05 15:20:20\', \'2024-03-05 15:20:20\')')
 3 SYSTEMPATH\Database\BaseBuilder.php(2307): CodeIgniter\Database\BaseConnection->query('INSERT INTO `utilisateur` (`societe`, `mdp`, `id_user_societe`, `date_création`, `date_modification`) VALUES (:societe:, :mdp:, :id_user_societe:, :date_création:, :date_modification:)', [...], false)
 4 SYSTEMPATH\Model.php(326): CodeIgniter\Database\BaseBuilder->insert()
 5 SYSTEMPATH\BaseModel.php(802): CodeIgniter\Model->doInsert([...])
 6 SYSTEMPATH\Model.php(744): CodeIgniter\BaseModel->insert([...], true)
 7 APPPATH\Models\SessionModel.php(15): CodeIgniter\Model->insert([...])
 8 APPPATH\Controllers\Inscription.php(58): App\Models\SessionModel::insert_utilisateur([...])
 9 SYSTEMPATH\CodeIgniter.php(941): App\Controllers\Inscription->enregistrement()
10 SYSTEMPATH\CodeIgniter.php(502): CodeIgniter\CodeIgniter->runController(Object(App\Controllers\Inscription))
11 SYSTEMPATH\CodeIgniter.php(361): CodeIgniter\CodeIgniter->handleRequest(null, Object(Config\Cache), false)
12 FCPATH\index.php(79): CodeIgniter\CodeIgniter->run()
CRITICAL - 2024-03-05 15:20:20 --> [Caused by] mysqli_sql_exception: Operation impossible
in SYSTEMPATH\Database\MySQLi\Connection.php on line 306.
 1 SYSTEMPATH\Database\MySQLi\Connection.php(306): mysqli->query('INSERT INTO `utilisateur` (`societe`, `mdp`, `id_user_societe`, `date_création`, `date_modification`) VALUES (\'asminfo\', \'$2y$10$wUVMRpJbU1dJnLzPrn1HVeqWZsesLy55J1VyHWJUrgTUyVq64wcTm\', 1, \'2024-03-05 15:20:20\', \'2024-03-05 15:20:20\')', 0)
 2 SYSTEMPATH\Database\BaseConnection.php(693): CodeIgniter\Database\MySQLi\Connection->execute('INSERT INTO `utilisateur` (`societe`, `mdp`, `id_user_societe`, `date_création`, `date_modification`) VALUES (\'asminfo\', \'$2y$10$wUVMRpJbU1dJnLzPrn1HVeqWZsesLy55J1VyHWJUrgTUyVq64wcTm\', 1, \'2024-03-05 15:20:20\', \'2024-03-05 15:20:20\')')
 3 SYSTEMPATH\Database\BaseConnection.php(607): CodeIgniter\Database\BaseConnection->simpleQuery('INSERT INTO `utilisateur` (`societe`, `mdp`, `id_user_societe`, `date_création`, `date_modification`) VALUES (\'asminfo\', \'$2y$10$wUVMRpJbU1dJnLzPrn1HVeqWZsesLy55J1VyHWJUrgTUyVq64wcTm\', 1, \'2024-03-05 15:20:20\', \'2024-03-05 15:20:20\')')
 4 SYSTEMPATH\Database\BaseBuilder.php(2307): CodeIgniter\Database\BaseConnection->query('INSERT INTO `utilisateur` (`societe`, `mdp`, `id_user_societe`, `date_création`, `date_modification`) VALUES (:societe:, :mdp:, :id_user_societe:, :date_création:, :date_modification:)', [...], false)
 5 SYSTEMPATH\Model.php(326): CodeIgniter\Database\BaseBuilder->insert()
 6 SYSTEMPATH\BaseModel.php(802): CodeIgniter\Model->doInsert([...])
 7 SYSTEMPATH\Model.php(744): CodeIgniter\BaseModel->insert([...], true)
 8 APPPATH\Models\SessionModel.php(15): CodeIgniter\Model->insert([...])
 9 APPPATH\Controllers\Inscription.php(58): App\Models\SessionModel::insert_utilisateur([...])
10 SYSTEMPATH\CodeIgniter.php(941): App\Controllers\Inscription->enregistrement()
11 SYSTEMPATH\CodeIgniter.php(502): CodeIgniter\CodeIgniter->runController(Object(App\Controllers\Inscription))
12 SYSTEMPATH\CodeIgniter.php(361): CodeIgniter\CodeIgniter->handleRequest(null, Object(Config\Cache), false)
13 FCPATH\index.php(79): CodeIgniter\CodeIgniter->run()
INFO - 2024-03-05 15:20:21 --> Session: Class initialized using 'CodeIgniter\Session\Handlers\FileHandler' driver.
WARNING - 2024-03-05 15:20:21 --> [DEPRECATED] Creation of dynamic property App\Controllers\Inscription::$session is deprecated in APPPATH\Controllers\BaseController.php on line 56.
 1 SYSTEMPATH\CodeIgniter.php(914): App\Controllers\BaseController->initController(Object(CodeIgniter\HTTP\IncomingRequest), Object(CodeIgniter\HTTP\Response), Object(CodeIgniter\Log\Logger))
 2 SYSTEMPATH\CodeIgniter.php(493): CodeIgniter\CodeIgniter->createController()
 3 SYSTEMPATH\CodeIgniter.php(361): CodeIgniter\CodeIgniter->handleRequest(null, Object(Config\Cache), false)
 4 FCPATH\index.php(79): CodeIgniter\CodeIgniter->run()
INFO - 2024-03-05 15:20:24 --> Session: Class initialized using 'CodeIgniter\Session\Handlers\FileHandler' driver.
WARNING - 2024-03-05 15:20:24 --> [DEPRECATED] Creation of dynamic property App\Controllers\Inscription::$session is deprecated in APPPATH\Controllers\BaseController.php on line 56.
 1 SYSTEMPATH\CodeIgniter.php(914): App\Controllers\BaseController->initController(Object(CodeIgniter\HTTP\IncomingRequest), Object(CodeIgniter\HTTP\Response), Object(CodeIgniter\Log\Logger))
 2 SYSTEMPATH\CodeIgniter.php(493): CodeIgniter\CodeIgniter->createController()
 3 SYSTEMPATH\CodeIgniter.php(361): CodeIgniter\CodeIgniter->handleRequest(null, Object(Config\Cache), false)
 4 FCPATH\index.php(79): CodeIgniter\CodeIgniter->run()
INFO - 2024-03-05 15:20:29 --> Session: Class initialized using 'CodeIgniter\Session\Handlers\FileHandler' driver.
WARNING - 2024-03-05 15:20:29 --> [DEPRECATED] Creation of dynamic property App\Controllers\Inscription::$session is deprecated in APPPATH\Controllers\BaseController.php on line 56.
 1 SYSTEMPATH\CodeIgniter.php(914): App\Controllers\BaseController->initController(Object(CodeIgniter\HTTP\IncomingRequest), Object(CodeIgniter\HTTP\Response), Object(CodeIgniter\Log\Logger))
 2 SYSTEMPATH\CodeIgniter.php(493): CodeIgniter\CodeIgniter->createController()
 3 SYSTEMPATH\CodeIgniter.php(361): CodeIgniter\CodeIgniter->handleRequest(null, Object(Config\Cache), false)
 4 FCPATH\index.php(79): CodeIgniter\CodeIgniter->run()
ERROR - 2024-03-05 15:20:29 --> mysqli_sql_exception: Operation impossible in C:\Users\user\xampp\htdocs\v4bis\system\Database\MySQLi\Connection.php:306
Stack trace:
#0 C:\Users\user\xampp\htdocs\v4bis\system\Database\MySQLi\Connection.php(306): mysqli->query('INSERT INTO `ut...', 0)
#1 C:\Users\user\xampp\htdocs\v4bis\system\Database\BaseConnection.php(693): CodeIgniter\Database\MySQLi\Connection->execute('INSERT INTO `ut...')
#2 C:\Users\user\xampp\htdocs\v4bis\system\Database\BaseConnection.php(607): CodeIgniter\Database\BaseConnection->simpleQuery('INSERT INTO `ut...')
#3 C:\Users\user\xampp\htdocs\v4bis\system\Database\BaseBuilder.php(2307): CodeIgniter\Database\BaseConnection->query('INSERT INTO `ut...', Array, false)
#4 C:\Users\user\xampp\htdocs\v4bis\system\Model.php(326): CodeIgniter\Database\BaseBuilder->insert()
#5 C:\Users\user\xampp\htdocs\v4bis\system\BaseModel.php(802): CodeIgniter\Model->doInsert(Array)
#6 C:\Users\user\xampp\htdocs\v4bis\system\Model.php(744): CodeIgniter\BaseModel->insert(Array, true)
#7 C:\Users\user\xampp\htdocs\v4bis\app\Models\SessionModel.php(15): CodeIgniter\Model->insert(Array)
#8 C:\Users\user\xampp\htdocs\v4bis\app\Controllers\Inscription.php(58): App\Models\SessionModel::insert_utilisateur(Array)
#9 C:\Users\user\xampp\htdocs\v4bis\system\CodeIgniter.php(941): App\Controllers\Inscription->enregistrement()
#10 C:\Users\user\xampp\htdocs\v4bis\system\CodeIgniter.php(502): CodeIgniter\CodeIgniter->runController(Object(App\Controllers\Inscription))
#11 C:\Users\user\xampp\htdocs\v4bis\system\CodeIgniter.php(361): CodeIgniter\CodeIgniter->handleRequest(NULL, Object(Config\Cache), false)
#12 C:\Users\user\xampp\htdocs\v4bis\index.php(79): CodeIgniter\CodeIgniter->run()
#13 {main}
CRITICAL - 2024-03-05 15:20:29 --> CodeIgniter\Database\Exceptions\DatabaseException: Operation impossible
in SYSTEMPATH\Database\BaseConnection.php on line 647.
 1 SYSTEMPATH\Database\BaseBuilder.php(2307): CodeIgniter\Database\BaseConnection->query('INSERT INTO `utilisateur` (`societe`, `mdp`, `id_user_societe`, `date_création`, `date_modification`) VALUES (:societe:, :mdp:, :id_user_societe:, :date_création:, :date_modification:)', [...], false)
 2 SYSTEMPATH\Model.php(326): CodeIgniter\Database\BaseBuilder->insert()
 3 SYSTEMPATH\BaseModel.php(802): CodeIgniter\Model->doInsert([...])
 4 SYSTEMPATH\Model.php(744): CodeIgniter\BaseModel->insert([...], true)
 5 APPPATH\Models\SessionModel.php(15): CodeIgniter\Model->insert([...])
 6 APPPATH\Controllers\Inscription.php(58): App\Models\SessionModel::insert_utilisateur([...])
 7 SYSTEMPATH\CodeIgniter.php(941): App\Controllers\Inscription->enregistrement()
 8 SYSTEMPATH\CodeIgniter.php(502): CodeIgniter\CodeIgniter->runController(Object(App\Controllers\Inscription))
 9 SYSTEMPATH\CodeIgniter.php(361): CodeIgniter\CodeIgniter->handleRequest(null, Object(Config\Cache), false)
10 FCPATH\index.php(79): CodeIgniter\CodeIgniter->run()
CRITICAL - 2024-03-05 15:20:29 --> [Caused by] CodeIgniter\Database\Exceptions\DatabaseException: Operation impossible
in SYSTEMPATH\Database\MySQLi\Connection.php on line 311.
 1 SYSTEMPATH\Database\BaseConnection.php(693): CodeIgniter\Database\MySQLi\Connection->execute('INSERT INTO `utilisateur` (`societe`, `mdp`, `id_user_societe`, `date_création`, `date_modification`) VALUES (\'asminfo\', \'$2y$10$inoXQ0Xnby4lPRZz3c505uEvnWs4xAN4t1i9dTWy8pSdtYfpHFqiW\', 1, \'2024-03-05 15:20:29\', \'2024-03-05 15:20:29\')')
 2 SYSTEMPATH\Database\BaseConnection.php(607): CodeIgniter\Database\BaseConnection->simpleQuery('INSERT INTO `utilisateur` (`societe`, `mdp`, `id_user_societe`, `date_création`, `date_modification`) VALUES (\'asminfo\', \'$2y$10$inoXQ0Xnby4lPRZz3c505uEvnWs4xAN4t1i9dTWy8pSdtYfpHFqiW\', 1, \'2024-03-05 15:20:29\', \'2024-03-05 15:20:29\')')
 3 SYSTEMPATH\Database\BaseBuilder.php(2307): CodeIgniter\Database\BaseConnection->query('INSERT INTO `utilisateur` (`societe`, `mdp`, `id_user_societe`, `date_création`, `date_modification`) VALUES (:societe:, :mdp:, :id_user_societe:, :date_création:, :date_modification:)', [...], false)
 4 SYSTEMPATH\Model.php(326): CodeIgniter\Database\BaseBuilder->insert()
 5 SYSTEMPATH\BaseModel.php(802): CodeIgniter\Model->doInsert([...])
 6 SYSTEMPATH\Model.php(744): CodeIgniter\BaseModel->insert([...], true)
 7 APPPATH\Models\SessionModel.php(15): CodeIgniter\Model->insert([...])
 8 APPPATH\Controllers\Inscription.php(58): App\Models\SessionModel::insert_utilisateur([...])
 9 SYSTEMPATH\CodeIgniter.php(941): App\Controllers\Inscription->enregistrement()
10 SYSTEMPATH\CodeIgniter.php(502): CodeIgniter\CodeIgniter->runController(Object(App\Controllers\Inscription))
11 SYSTEMPATH\CodeIgniter.php(361): CodeIgniter\CodeIgniter->handleRequest(null, Object(Config\Cache), false)
12 FCPATH\index.php(79): CodeIgniter\CodeIgniter->run()
CRITICAL - 2024-03-05 15:20:29 --> [Caused by] mysqli_sql_exception: Operation impossible
in SYSTEMPATH\Database\MySQLi\Connection.php on line 306.
 1 SYSTEMPATH\Database\MySQLi\Connection.php(306): mysqli->query('INSERT INTO `utilisateur` (`societe`, `mdp`, `id_user_societe`, `date_création`, `date_modification`) VALUES (\'asminfo\', \'$2y$10$inoXQ0Xnby4lPRZz3c505uEvnWs4xAN4t1i9dTWy8pSdtYfpHFqiW\', 1, \'2024-03-05 15:20:29\', \'2024-03-05 15:20:29\')', 0)
 2 SYSTEMPATH\Database\BaseConnection.php(693): CodeIgniter\Database\MySQLi\Connection->execute('INSERT INTO `utilisateur` (`societe`, `mdp`, `id_user_societe`, `date_création`, `date_modification`) VALUES (\'asminfo\', \'$2y$10$inoXQ0Xnby4lPRZz3c505uEvnWs4xAN4t1i9dTWy8pSdtYfpHFqiW\', 1, \'2024-03-05 15:20:29\', \'2024-03-05 15:20:29\')')
 3 SYSTEMPATH\Database\BaseConnection.php(607): CodeIgniter\Database\BaseConnection->simpleQuery('INSERT INTO `utilisateur` (`societe`, `mdp`, `id_user_societe`, `date_création`, `date_modification`) VALUES (\'asminfo\', \'$2y$10$inoXQ0Xnby4lPRZz3c505uEvnWs4xAN4t1i9dTWy8pSdtYfpHFqiW\', 1, \'2024-03-05 15:20:29\', \'2024-03-05 15:20:29\')')
 4 SYSTEMPATH\Database\BaseBuilder.php(2307): CodeIgniter\Database\BaseConnection->query('INSERT INTO `utilisateur` (`societe`, `mdp`, `id_user_societe`, `date_création`, `date_modification`) VALUES (:societe:, :mdp:, :id_user_societe:, :date_création:, :date_modification:)', [...], false)
 5 SYSTEMPATH\Model.php(326): CodeIgniter\Database\BaseBuilder->insert()
 6 SYSTEMPATH\BaseModel.php(802): CodeIgniter\Model->doInsert([...])
 7 SYSTEMPATH\Model.php(744): CodeIgniter\BaseModel->insert([...], true)
 8 APPPATH\Models\SessionModel.php(15): CodeIgniter\Model->insert([...])
 9 APPPATH\Controllers\Inscription.php(58): App\Models\SessionModel::insert_utilisateur([...])
10 SYSTEMPATH\CodeIgniter.php(941): App\Controllers\Inscription->enregistrement()
11 SYSTEMPATH\CodeIgniter.php(502): CodeIgniter\CodeIgniter->runController(Object(App\Controllers\Inscription))
12 SYSTEMPATH\CodeIgniter.php(361): CodeIgniter\CodeIgniter->handleRequest(null, Object(Config\Cache), false)
13 FCPATH\index.php(79): CodeIgniter\CodeIgniter->run()
INFO - 2024-03-05 15:22:08 --> Session: Class initialized using 'CodeIgniter\Session\Handlers\FileHandler' driver.
WARNING - 2024-03-05 15:22:08 --> [DEPRECATED] Creation of dynamic property App\Controllers\Inscription::$session is deprecated in APPPATH\Controllers\BaseController.php on line 56.
 1 SYSTEMPATH\CodeIgniter.php(914): App\Controllers\BaseController->initController(Object(CodeIgniter\HTTP\IncomingRequest), Object(CodeIgniter\HTTP\Response), Object(CodeIgniter\Log\Logger))
 2 SYSTEMPATH\CodeIgniter.php(493): CodeIgniter\CodeIgniter->createController()
 3 SYSTEMPATH\CodeIgniter.php(361): CodeIgniter\CodeIgniter->handleRequest(null, Object(Config\Cache), false)
 4 FCPATH\index.php(79): CodeIgniter\CodeIgniter->run()
INFO - 2024-03-05 15:22:23 --> Session: Class initialized using 'CodeIgniter\Session\Handlers\FileHandler' driver.
WARNING - 2024-03-05 15:22:23 --> [DEPRECATED] Creation of dynamic property App\Controllers\Inscription::$session is deprecated in APPPATH\Controllers\BaseController.php on line 56.
 1 SYSTEMPATH\CodeIgniter.php(914): App\Controllers\BaseController->initController(Object(CodeIgniter\HTTP\IncomingRequest), Object(CodeIgniter\HTTP\Response), Object(CodeIgniter\Log\Logger))
 2 SYSTEMPATH\CodeIgniter.php(493): CodeIgniter\CodeIgniter->createController()
 3 SYSTEMPATH\CodeIgniter.php(361): CodeIgniter\CodeIgniter->handleRequest(null, Object(Config\Cache), false)
 4 FCPATH\index.php(79): CodeIgniter\CodeIgniter->run()
ERROR - 2024-03-05 15:22:23 --> mysqli_sql_exception: Operation impossible in C:\Users\user\xampp\htdocs\v4bis\system\Database\MySQLi\Connection.php:306
Stack trace:
#0 C:\Users\user\xampp\htdocs\v4bis\system\Database\MySQLi\Connection.php(306): mysqli->query('INSERT INTO `ut...', 0)
#1 C:\Users\user\xampp\htdocs\v4bis\system\Database\BaseConnection.php(693): CodeIgniter\Database\MySQLi\Connection->execute('INSERT INTO `ut...')
#2 C:\Users\user\xampp\htdocs\v4bis\system\Database\BaseConnection.php(607): CodeIgniter\Database\BaseConnection->simpleQuery('INSERT INTO `ut...')
#3 C:\Users\user\xampp\htdocs\v4bis\system\Database\BaseBuilder.php(2307): CodeIgniter\Database\BaseConnection->query('INSERT INTO `ut...', Array, false)
#4 C:\Users\user\xampp\htdocs\v4bis\system\Model.php(326): CodeIgniter\Database\BaseBuilder->insert()
#5 C:\Users\user\xampp\htdocs\v4bis\system\BaseModel.php(802): CodeIgniter\Model->doInsert(Array)
#6 C:\Users\user\xampp\htdocs\v4bis\system\Model.php(744): CodeIgniter\BaseModel->insert(Array, true)
#7 C:\Users\user\xampp\htdocs\v4bis\app\Models\SessionModel.php(15): CodeIgniter\Model->insert(Array)
#8 C:\Users\user\xampp\htdocs\v4bis\app\Controllers\Inscription.php(58): App\Models\SessionModel::insert_utilisateur(Array)
#9 C:\Users\user\xampp\htdocs\v4bis\system\CodeIgniter.php(941): App\Controllers\Inscription->enregistrement()
#10 C:\Users\user\xampp\htdocs\v4bis\system\CodeIgniter.php(502): CodeIgniter\CodeIgniter->runController(Object(App\Controllers\Inscription))
#11 C:\Users\user\xampp\htdocs\v4bis\system\CodeIgniter.php(361): CodeIgniter\CodeIgniter->handleRequest(NULL, Object(Config\Cache), false)
#12 C:\Users\user\xampp\htdocs\v4bis\index.php(79): CodeIgniter\CodeIgniter->run()
#13 {main}
CRITICAL - 2024-03-05 15:22:23 --> CodeIgniter\Database\Exceptions\DatabaseException: Operation impossible
in SYSTEMPATH\Database\BaseConnection.php on line 647.
 1 SYSTEMPATH\Database\BaseBuilder.php(2307): CodeIgniter\Database\BaseConnection->query('INSERT INTO `utilisateur` (`societe`, `mdp`, `id_user_societe`, `date_création`, `date_modification`) VALUES (:societe:, :mdp:, :id_user_societe:, :date_création:, :date_modification:)', [...], false)
 2 SYSTEMPATH\Model.php(326): CodeIgniter\Database\BaseBuilder->insert()
 3 SYSTEMPATH\BaseModel.php(802): CodeIgniter\Model->doInsert([...])
 4 SYSTEMPATH\Model.php(744): CodeIgniter\BaseModel->insert([...], true)
 5 APPPATH\Models\SessionModel.php(15): CodeIgniter\Model->insert([...])
 6 APPPATH\Controllers\Inscription.php(58): App\Models\SessionModel::insert_utilisateur([...])
 7 SYSTEMPATH\CodeIgniter.php(941): App\Controllers\Inscription->enregistrement()
 8 SYSTEMPATH\CodeIgniter.php(502): CodeIgniter\CodeIgniter->runController(Object(App\Controllers\Inscription))
 9 SYSTEMPATH\CodeIgniter.php(361): CodeIgniter\CodeIgniter->handleRequest(null, Object(Config\Cache), false)
10 FCPATH\index.php(79): CodeIgniter\CodeIgniter->run()
CRITICAL - 2024-03-05 15:22:23 --> [Caused by] CodeIgniter\Database\Exceptions\DatabaseException: Operation impossible
in SYSTEMPATH\Database\MySQLi\Connection.php on line 311.
 1 SYSTEMPATH\Database\BaseConnection.php(693): CodeIgniter\Database\MySQLi\Connection->execute('INSERT INTO `utilisateur` (`societe`, `mdp`, `id_user_societe`, `date_création`, `date_modification`) VALUES (\'asminfo\', \'$2y$10$IgjPkBtn4LG2fwb7MdByTe2O9yj3hTxJCaz5gpv0AxJ9KqVmnSn4.\', 1, \'2024-03-05 15:22:23\', \'2024-03-05 15:22:23\')')
 2 SYSTEMPATH\Database\BaseConnection.php(607): CodeIgniter\Database\BaseConnection->simpleQuery('INSERT INTO `utilisateur` (`societe`, `mdp`, `id_user_societe`, `date_création`, `date_modification`) VALUES (\'asminfo\', \'$2y$10$IgjPkBtn4LG2fwb7MdByTe2O9yj3hTxJCaz5gpv0AxJ9KqVmnSn4.\', 1, \'2024-03-05 15:22:23\', \'2024-03-05 15:22:23\')')
 3 SYSTEMPATH\Database\BaseBuilder.php(2307): CodeIgniter\Database\BaseConnection->query('INSERT INTO `utilisateur` (`societe`, `mdp`, `id_user_societe`, `date_création`, `date_modification`) VALUES (:societe:, :mdp:, :id_user_societe:, :date_création:, :date_modification:)', [...], false)
 4 SYSTEMPATH\Model.php(326): CodeIgniter\Database\BaseBuilder->insert()
 5 SYSTEMPATH\BaseModel.php(802): CodeIgniter\Model->doInsert([...])
 6 SYSTEMPATH\Model.php(744): CodeIgniter\BaseModel->insert([...], true)
 7 APPPATH\Models\SessionModel.php(15): CodeIgniter\Model->insert([...])
 8 APPPATH\Controllers\Inscription.php(58): App\Models\SessionModel::insert_utilisateur([...])
 9 SYSTEMPATH\CodeIgniter.php(941): App\Controllers\Inscription->enregistrement()
10 SYSTEMPATH\CodeIgniter.php(502): CodeIgniter\CodeIgniter->runController(Object(App\Controllers\Inscription))
11 SYSTEMPATH\CodeIgniter.php(361): CodeIgniter\CodeIgniter->handleRequest(null, Object(Config\Cache), false)
12 FCPATH\index.php(79): CodeIgniter\CodeIgniter->run()
CRITICAL - 2024-03-05 15:22:23 --> [Caused by] mysqli_sql_exception: Operation impossible
in SYSTEMPATH\Database\MySQLi\Connection.php on line 306.
 1 SYSTEMPATH\Database\MySQLi\Connection.php(306): mysqli->query('INSERT INTO `utilisateur` (`societe`, `mdp`, `id_user_societe`, `date_création`, `date_modification`) VALUES (\'asminfo\', \'$2y$10$IgjPkBtn4LG2fwb7MdByTe2O9yj3hTxJCaz5gpv0AxJ9KqVmnSn4.\', 1, \'2024-03-05 15:22:23\', \'2024-03-05 15:22:23\')', 0)
 2 SYSTEMPATH\Database\BaseConnection.php(693): CodeIgniter\Database\MySQLi\Connection->execute('INSERT INTO `utilisateur` (`societe`, `mdp`, `id_user_societe`, `date_création`, `date_modification`) VALUES (\'asminfo\', \'$2y$10$IgjPkBtn4LG2fwb7MdByTe2O9yj3hTxJCaz5gpv0AxJ9KqVmnSn4.\', 1, \'2024-03-05 15:22:23\', \'2024-03-05 15:22:23\')')
 3 SYSTEMPATH\Database\BaseConnection.php(607): CodeIgniter\Database\BaseConnection->simpleQuery('INSERT INTO `utilisateur` (`societe`, `mdp`, `id_user_societe`, `date_création`, `date_modification`) VALUES (\'asminfo\', \'$2y$10$IgjPkBtn4LG2fwb7MdByTe2O9yj3hTxJCaz5gpv0AxJ9KqVmnSn4.\', 1, \'2024-03-05 15:22:23\', \'2024-03-05 15:22:23\')')
 4 SYSTEMPATH\Database\BaseBuilder.php(2307): CodeIgniter\Database\BaseConnection->query('INSERT INTO `utilisateur` (`societe`, `mdp`, `id_user_societe`, `date_création`, `date_modification`) VALUES (:societe:, :mdp:, :id_user_societe:, :date_création:, :date_modification:)', [...], false)
 5 SYSTEMPATH\Model.php(326): CodeIgniter\Database\BaseBuilder->insert()
 6 SYSTEMPATH\BaseModel.php(802): CodeIgniter\Model->doInsert([...])
 7 SYSTEMPATH\Model.php(744): CodeIgniter\BaseModel->insert([...], true)
 8 APPPATH\Models\SessionModel.php(15): CodeIgniter\Model->insert([...])
 9 APPPATH\Controllers\Inscription.php(58): App\Models\SessionModel::insert_utilisateur([...])
10 SYSTEMPATH\CodeIgniter.php(941): App\Controllers\Inscription->enregistrement()
11 SYSTEMPATH\CodeIgniter.php(502): CodeIgniter\CodeIgniter->runController(Object(App\Controllers\Inscription))
12 SYSTEMPATH\CodeIgniter.php(361): CodeIgniter\CodeIgniter->handleRequest(null, Object(Config\Cache), false)
13 FCPATH\index.php(79): CodeIgniter\CodeIgniter->run()
