CRITICAL - 2024-02-15 15:20:40 --> ErrorException: Undefined variable $route
in APPPATH\Config\Routes.php on line 50.
 1 APPPATH\Config\Routes.php(50): CodeIgniter\Debug\Exceptions->errorHandler(2, 'Undefined variable $route', 'C:\\Users\\user\\xampp\\htdocs\\v4bis\\app\\Config\\Routes.php', 50)
 2 SYSTEMPATH\Router\RouteCollection.php(344): require('C:\\Users\\user\\xampp\\htdocs\\v4bis\\app\\Config\\Routes.php')
 3 SYSTEMPATH\CodeIgniter.php(810): CodeIgniter\Router\RouteCollection->loadRoutes()
 4 SYSTEMPATH\CodeIgniter.php(450): CodeIgniter\CodeIgniter->tryToRouteIt(null)
 5 SYSTEMPATH\CodeIgniter.php(361): CodeIgniter\CodeIgniter->handleRequest(null, Object(Config\Cache), false)
 6 FCPATH\index.php(79): CodeIgniter\CodeIgniter->run()
CRITICAL - 2024-02-15 15:20:42 --> ErrorException: Undefined variable $route
in APPPATH\Config\Routes.php on line 50.
 1 APPPATH\Config\Routes.php(50): CodeIgniter\Debug\Exceptions->errorHandler(2, 'Undefined variable $route', 'C:\\Users\\user\\xampp\\htdocs\\v4bis\\app\\Config\\Routes.php', 50)
 2 SYSTEMPATH\Router\RouteCollection.php(344): require('C:\\Users\\user\\xampp\\htdocs\\v4bis\\app\\Config\\Routes.php')
 3 SYSTEMPATH\CodeIgniter.php(810): CodeIgniter\Router\RouteCollection->loadRoutes()
 4 SYSTEMPATH\CodeIgniter.php(450): CodeIgniter\CodeIgniter->tryToRouteIt(null)
 5 SYSTEMPATH\CodeIgniter.php(361): CodeIgniter\CodeIgniter->handleRequest(null, Object(Config\Cache), false)
 6 FCPATH\index.php(79): CodeIgniter\CodeIgniter->run()
CRITICAL - 2024-02-15 15:20:44 --> ErrorException: Undefined variable $route
in APPPATH\Config\Routes.php on line 50.
 1 APPPATH\Config\Routes.php(50): CodeIgniter\Debug\Exceptions->errorHandler(2, 'Undefined variable $route', 'C:\\Users\\user\\xampp\\htdocs\\v4bis\\app\\Config\\Routes.php', 50)
 2 SYSTEMPATH\Router\RouteCollection.php(344): require('C:\\Users\\user\\xampp\\htdocs\\v4bis\\app\\Config\\Routes.php')
 3 SYSTEMPATH\CodeIgniter.php(810): CodeIgniter\Router\RouteCollection->loadRoutes()
 4 SYSTEMPATH\CodeIgniter.php(450): CodeIgniter\CodeIgniter->tryToRouteIt(null)
 5 SYSTEMPATH\CodeIgniter.php(361): CodeIgniter\CodeIgniter->handleRequest(null, Object(Config\Cache), false)
 6 FCPATH\index.php(79): CodeIgniter\CodeIgniter->run()
CRITICAL - 2024-02-15 15:20:49 --> ErrorException: Undefined variable $route
in APPPATH\Config\Routes.php on line 50.
 1 APPPATH\Config\Routes.php(50): CodeIgniter\Debug\Exceptions->errorHandler(2, 'Undefined variable $route', 'C:\\Users\\user\\xampp\\htdocs\\v4bis\\app\\Config\\Routes.php', 50)
 2 SYSTEMPATH\Router\RouteCollection.php(344): require('C:\\Users\\user\\xampp\\htdocs\\v4bis\\app\\Config\\Routes.php')
 3 SYSTEMPATH\CodeIgniter.php(810): CodeIgniter\Router\RouteCollection->loadRoutes()
 4 SYSTEMPATH\CodeIgniter.php(450): CodeIgniter\CodeIgniter->tryToRouteIt(null)
 5 SYSTEMPATH\CodeIgniter.php(361): CodeIgniter\CodeIgniter->handleRequest(null, Object(Config\Cache), false)
 6 FCPATH\index.php(79): CodeIgniter\CodeIgniter->run()
CRITICAL - 2024-02-15 15:20:59 --> ErrorException: Undefined variable $route
in APPPATH\Config\Routes.php on line 50.
 1 APPPATH\Config\Routes.php(50): CodeIgniter\Debug\Exceptions->errorHandler(2, 'Undefined variable $route', 'C:\\Users\\user\\xampp\\htdocs\\v4bis\\app\\Config\\Routes.php', 50)
 2 SYSTEMPATH\Router\RouteCollection.php(344): require('C:\\Users\\user\\xampp\\htdocs\\v4bis\\app\\Config\\Routes.php')
 3 SYSTEMPATH\CodeIgniter.php(810): CodeIgniter\Router\RouteCollection->loadRoutes()
 4 SYSTEMPATH\CodeIgniter.php(450): CodeIgniter\CodeIgniter->tryToRouteIt(null)
 5 SYSTEMPATH\CodeIgniter.php(361): CodeIgniter\CodeIgniter->handleRequest(null, Object(Config\Cache), false)
 6 FCPATH\index.php(79): CodeIgniter\CodeIgniter->run()
CRITICAL - 2024-02-15 15:21:00 --> ErrorException: Undefined variable $route
in APPPATH\Config\Routes.php on line 50.
 1 APPPATH\Config\Routes.php(50): CodeIgniter\Debug\Exceptions->errorHandler(2, 'Undefined variable $route', 'C:\\Users\\user\\xampp\\htdocs\\v4bis\\app\\Config\\Routes.php', 50)
 2 SYSTEMPATH\Router\RouteCollection.php(344): require('C:\\Users\\user\\xampp\\htdocs\\v4bis\\app\\Config\\Routes.php')
 3 SYSTEMPATH\CodeIgniter.php(810): CodeIgniter\Router\RouteCollection->loadRoutes()
 4 SYSTEMPATH\CodeIgniter.php(450): CodeIgniter\CodeIgniter->tryToRouteIt(null)
 5 SYSTEMPATH\CodeIgniter.php(361): CodeIgniter\CodeIgniter->handleRequest(null, Object(Config\Cache), false)
 6 FCPATH\index.php(79): CodeIgniter\CodeIgniter->run()
CRITICAL - 2024-02-15 15:21:20 --> ErrorException: Undefined variable $route
in APPPATH\Config\Routes.php on line 50.
 1 APPPATH\Config\Routes.php(50): CodeIgniter\Debug\Exceptions->errorHandler(2, 'Undefined variable $route', 'C:\\Users\\user\\xampp\\htdocs\\v4bis\\app\\Config\\Routes.php', 50)
 2 SYSTEMPATH\Router\RouteCollection.php(344): require('C:\\Users\\user\\xampp\\htdocs\\v4bis\\app\\Config\\Routes.php')
 3 SYSTEMPATH\CodeIgniter.php(810): CodeIgniter\Router\RouteCollection->loadRoutes()
 4 SYSTEMPATH\CodeIgniter.php(450): CodeIgniter\CodeIgniter->tryToRouteIt(null)
 5 SYSTEMPATH\CodeIgniter.php(361): CodeIgniter\CodeIgniter->handleRequest(null, Object(Config\Cache), false)
 6 FCPATH\index.php(79): CodeIgniter\CodeIgniter->run()
CRITICAL - 2024-02-15 15:22:04 --> ErrorException: Undefined variable $route
in APPPATH\Config\Routes.php on line 50.
 1 APPPATH\Config\Routes.php(50): CodeIgniter\Debug\Exceptions->errorHandler(2, 'Undefined variable $route', 'C:\\Users\\user\\xampp\\htdocs\\v4bis\\app\\Config\\Routes.php', 50)
 2 SYSTEMPATH\Router\RouteCollection.php(344): require('C:\\Users\\user\\xampp\\htdocs\\v4bis\\app\\Config\\Routes.php')
 3 SYSTEMPATH\CodeIgniter.php(810): CodeIgniter\Router\RouteCollection->loadRoutes()
 4 SYSTEMPATH\CodeIgniter.php(450): CodeIgniter\CodeIgniter->tryToRouteIt(null)
 5 SYSTEMPATH\CodeIgniter.php(361): CodeIgniter\CodeIgniter->handleRequest(null, Object(Config\Cache), false)
 6 FCPATH\index.php(79): CodeIgniter\CodeIgniter->run()
CRITICAL - 2024-02-15 15:22:04 --> ErrorException: Undefined variable $route
in APPPATH\Config\Routes.php on line 50.
 1 APPPATH\Config\Routes.php(50): CodeIgniter\Debug\Exceptions->errorHandler(2, 'Undefined variable $route', 'C:\\Users\\user\\xampp\\htdocs\\v4bis\\app\\Config\\Routes.php', 50)
 2 SYSTEMPATH\Router\RouteCollection.php(344): require('C:\\Users\\user\\xampp\\htdocs\\v4bis\\app\\Config\\Routes.php')
 3 SYSTEMPATH\CodeIgniter.php(810): CodeIgniter\Router\RouteCollection->loadRoutes()
 4 SYSTEMPATH\CodeIgniter.php(450): CodeIgniter\CodeIgniter->tryToRouteIt(null)
 5 SYSTEMPATH\CodeIgniter.php(361): CodeIgniter\CodeIgniter->handleRequest(null, Object(Config\Cache), false)
 6 FCPATH\index.php(79): CodeIgniter\CodeIgniter->run()
CRITICAL - 2024-02-15 15:27:50 --> ErrorException: Undefined variable $route
in APPPATH\Config\Routes.php on line 50.
 1 APPPATH\Config\Routes.php(50): CodeIgniter\Debug\Exceptions->errorHandler(2, 'Undefined variable $route', 'C:\\Users\\user\\xampp\\htdocs\\v4bis\\app\\Config\\Routes.php', 50)
 2 SYSTEMPATH\Router\RouteCollection.php(344): require('C:\\Users\\user\\xampp\\htdocs\\v4bis\\app\\Config\\Routes.php')
 3 SYSTEMPATH\CodeIgniter.php(810): CodeIgniter\Router\RouteCollection->loadRoutes()
 4 SYSTEMPATH\CodeIgniter.php(450): CodeIgniter\CodeIgniter->tryToRouteIt(null)
 5 SYSTEMPATH\CodeIgniter.php(361): CodeIgniter\CodeIgniter->handleRequest(null, Object(Config\Cache), false)
 6 FCPATH\index.php(79): CodeIgniter\CodeIgniter->run()
CRITICAL - 2024-02-15 15:27:58 --> ErrorException: Undefined variable $route
in APPPATH\Config\Routes.php on line 50.
 1 APPPATH\Config\Routes.php(50): CodeIgniter\Debug\Exceptions->errorHandler(2, 'Undefined variable $route', 'C:\\Users\\user\\xampp\\htdocs\\v4bis\\app\\Config\\Routes.php', 50)
 2 SYSTEMPATH\Router\RouteCollection.php(344): require('C:\\Users\\user\\xampp\\htdocs\\v4bis\\app\\Config\\Routes.php')
 3 SYSTEMPATH\CodeIgniter.php(810): CodeIgniter\Router\RouteCollection->loadRoutes()
 4 SYSTEMPATH\CodeIgniter.php(450): CodeIgniter\CodeIgniter->tryToRouteIt(null)
 5 SYSTEMPATH\CodeIgniter.php(361): CodeIgniter\CodeIgniter->handleRequest(null, Object(Config\Cache), false)
 6 FCPATH\index.php(79): CodeIgniter\CodeIgniter->run()
CRITICAL - 2024-02-15 15:54:40 --> Error: Class "app\Models\UserModel" not found
in APPPATH\Controllers\Connexion.php on line 42.
 1 SYSTEMPATH\CodeIgniter.php(941): App\Controllers\Connexion->enregistrement()
 2 SYSTEMPATH\CodeIgniter.php(502): CodeIgniter\CodeIgniter->runController(Object(App\Controllers\Connexion))
 3 SYSTEMPATH\CodeIgniter.php(361): CodeIgniter\CodeIgniter->handleRequest(null, Object(Config\Cache), false)
 4 FCPATH\index.php(79): CodeIgniter\CodeIgniter->run()
