INFO - 2024-02-20 08:11:48 --> Session: Class initialized using 'CodeIgniter\Session\Handlers\FileHandler' driver.
CRITICAL - 2024-02-20 08:59:07 --> CodeIgniter\View\Exceptions\ViewException: Invalid file: "Pages/tableautab_article.php"
in SYSTEMPATH\Exceptions\FrameworkException.php on line 39.
 1 SYSTEMPATH\View\View.php(216): CodeIgniter\Exceptions\FrameworkException::forInvalidFile('Pages/tableautab_article.php')
 2 SYSTEMPATH\Common.php(1178): CodeIgniter\View\View->render('Pages/tableautab_article', [], true)
 3 APPPATH\Controllers\Article.php(18): view('Pages/tableautab_article')
 4 APPPATH\Controllers\Article.php(10): App\Controllers\Article->article()
 5 SYSTEMPATH\CodeIgniter.php(941): App\Controllers\Article->index()
 6 SYSTEMPATH\CodeIgniter.php(502): CodeIgniter\CodeIgniter->runController(Object(App\Controllers\Article))
 7 SYSTEMPATH\CodeIgniter.php(361): CodeIgniter\CodeIgniter->handleRequest(null, Object(Config\Cache), false)
 8 FCPATH\index.php(79): CodeIgniter\CodeIgniter->run()
INFO - 2024-02-20 11:19:40 --> Session: Class initialized using 'CodeIgniter\Session\Handlers\FileHandler' driver.
INFO - 2024-02-20 11:20:55 --> Session: Class initialized using 'CodeIgniter\Session\Handlers\FileHandler' driver.
INFO - 2024-02-20 13:52:50 --> Session: Class initialized using 'CodeIgniter\Session\Handlers\FileHandler' driver.
INFO - 2024-02-20 14:20:03 --> Session: Class initialized using 'CodeIgniter\Session\Handlers\FileHandler' driver.
ERROR - 2024-02-20 15:01:52 --> mysqli_sql_exception: Operation impossible in C:\Users\user\xampp\htdocs\v4bis\system\Database\MySQLi\Connection.php:306
Stack trace:
#0 C:\Users\user\xampp\htdocs\v4bis\system\Database\MySQLi\Connection.php(306): mysqli->query('INSERT INTO `ut...', 0)
#1 C:\Users\user\xampp\htdocs\v4bis\system\Database\BaseConnection.php(693): CodeIgniter\Database\MySQLi\Connection->execute('INSERT INTO `ut...')
#2 C:\Users\user\xampp\htdocs\v4bis\system\Database\BaseConnection.php(607): CodeIgniter\Database\BaseConnection->simpleQuery('INSERT INTO `ut...')
#3 C:\Users\user\xampp\htdocs\v4bis\system\Database\BaseBuilder.php(2307): CodeIgniter\Database\BaseConnection->query('INSERT INTO `ut...', Array, false)
#4 C:\Users\user\xampp\htdocs\v4bis\system\Model.php(326): CodeIgniter\Database\BaseBuilder->insert()
#5 C:\Users\user\xampp\htdocs\v4bis\system\BaseModel.php(802): CodeIgniter\Model->doInsert(Array)
#6 C:\Users\user\xampp\htdocs\v4bis\system\Model.php(744): CodeIgniter\BaseModel->insert(Array, true)
#7 C:\Users\user\xampp\htdocs\v4bis\app\Controllers\Inscription.php(47): CodeIgniter\Model->insert(Array)
#8 C:\Users\user\xampp\htdocs\v4bis\system\CodeIgniter.php(941): App\Controllers\Inscription->enregistrement()
#9 C:\Users\user\xampp\htdocs\v4bis\system\CodeIgniter.php(502): CodeIgniter\CodeIgniter->runController(Object(App\Controllers\Inscription))
#10 C:\Users\user\xampp\htdocs\v4bis\system\CodeIgniter.php(361): CodeIgniter\CodeIgniter->handleRequest(NULL, Object(Config\Cache), false)
#11 C:\Users\user\xampp\htdocs\v4bis\index.php(79): CodeIgniter\CodeIgniter->run()
#12 {main}
CRITICAL - 2024-02-20 15:01:52 --> CodeIgniter\Database\Exceptions\DatabaseException: Operation impossible
in SYSTEMPATH\Database\BaseConnection.php on line 647.
 1 SYSTEMPATH\Database\BaseBuilder.php(2307): CodeIgniter\Database\BaseConnection->query('INSERT INTO `utilisateur` (`societe`, `mdp`, `date_création`, `date_modification`) VALUES (:societe:, :mdp:, :date_création:, :date_modification:)', [...], false)
 2 SYSTEMPATH\Model.php(326): CodeIgniter\Database\BaseBuilder->insert()
 3 SYSTEMPATH\BaseModel.php(802): CodeIgniter\Model->doInsert([...])
 4 SYSTEMPATH\Model.php(744): CodeIgniter\BaseModel->insert([...], true)
 5 APPPATH\Controllers\Inscription.php(47): CodeIgniter\Model->insert([...])
 6 SYSTEMPATH\CodeIgniter.php(941): App\Controllers\Inscription->enregistrement()
 7 SYSTEMPATH\CodeIgniter.php(502): CodeIgniter\CodeIgniter->runController(Object(App\Controllers\Inscription))
 8 SYSTEMPATH\CodeIgniter.php(361): CodeIgniter\CodeIgniter->handleRequest(null, Object(Config\Cache), false)
 9 FCPATH\index.php(79): CodeIgniter\CodeIgniter->run()
CRITICAL - 2024-02-20 15:01:52 --> [Caused by] CodeIgniter\Database\Exceptions\DatabaseException: Operation impossible
in SYSTEMPATH\Database\MySQLi\Connection.php on line 311.
 1 SYSTEMPATH\Database\BaseConnection.php(693): CodeIgniter\Database\MySQLi\Connection->execute('INSERT INTO `utilisateur` (`societe`, `mdp`, `date_création`, `date_modification`) VALUES (\'asminfo\', \'$2y$10$ng3DSnzfN3K8hYhxxdyaWex2A76Ao1CL06X0NQQP16t12p4p19zGy\', \'2024-02-20 15:01:52\', \'2024-02-20 15:01:52\')')
 2 SYSTEMPATH\Database\BaseConnection.php(607): CodeIgniter\Database\BaseConnection->simpleQuery('INSERT INTO `utilisateur` (`societe`, `mdp`, `date_création`, `date_modification`) VALUES (\'asminfo\', \'$2y$10$ng3DSnzfN3K8hYhxxdyaWex2A76Ao1CL06X0NQQP16t12p4p19zGy\', \'2024-02-20 15:01:52\', \'2024-02-20 15:01:52\')')
 3 SYSTEMPATH\Database\BaseBuilder.php(2307): CodeIgniter\Database\BaseConnection->query('INSERT INTO `utilisateur` (`societe`, `mdp`, `date_création`, `date_modification`) VALUES (:societe:, :mdp:, :date_création:, :date_modification:)', [...], false)
 4 SYSTEMPATH\Model.php(326): CodeIgniter\Database\BaseBuilder->insert()
 5 SYSTEMPATH\BaseModel.php(802): CodeIgniter\Model->doInsert([...])
 6 SYSTEMPATH\Model.php(744): CodeIgniter\BaseModel->insert([...], true)
 7 APPPATH\Controllers\Inscription.php(47): CodeIgniter\Model->insert([...])
 8 SYSTEMPATH\CodeIgniter.php(941): App\Controllers\Inscription->enregistrement()
 9 SYSTEMPATH\CodeIgniter.php(502): CodeIgniter\CodeIgniter->runController(Object(App\Controllers\Inscription))
10 SYSTEMPATH\CodeIgniter.php(361): CodeIgniter\CodeIgniter->handleRequest(null, Object(Config\Cache), false)
11 FCPATH\index.php(79): CodeIgniter\CodeIgniter->run()
CRITICAL - 2024-02-20 15:01:52 --> [Caused by] mysqli_sql_exception: Operation impossible
in SYSTEMPATH\Database\MySQLi\Connection.php on line 306.
 1 SYSTEMPATH\Database\MySQLi\Connection.php(306): mysqli->query('INSERT INTO `utilisateur` (`societe`, `mdp`, `date_création`, `date_modification`) VALUES (\'asminfo\', \'$2y$10$ng3DSnzfN3K8hYhxxdyaWex2A76Ao1CL06X0NQQP16t12p4p19zGy\', \'2024-02-20 15:01:52\', \'2024-02-20 15:01:52\')', 0)
 2 SYSTEMPATH\Database\BaseConnection.php(693): CodeIgniter\Database\MySQLi\Connection->execute('INSERT INTO `utilisateur` (`societe`, `mdp`, `date_création`, `date_modification`) VALUES (\'asminfo\', \'$2y$10$ng3DSnzfN3K8hYhxxdyaWex2A76Ao1CL06X0NQQP16t12p4p19zGy\', \'2024-02-20 15:01:52\', \'2024-02-20 15:01:52\')')
 3 SYSTEMPATH\Database\BaseConnection.php(607): CodeIgniter\Database\BaseConnection->simpleQuery('INSERT INTO `utilisateur` (`societe`, `mdp`, `date_création`, `date_modification`) VALUES (\'asminfo\', \'$2y$10$ng3DSnzfN3K8hYhxxdyaWex2A76Ao1CL06X0NQQP16t12p4p19zGy\', \'2024-02-20 15:01:52\', \'2024-02-20 15:01:52\')')
 4 SYSTEMPATH\Database\BaseBuilder.php(2307): CodeIgniter\Database\BaseConnection->query('INSERT INTO `utilisateur` (`societe`, `mdp`, `date_création`, `date_modification`) VALUES (:societe:, :mdp:, :date_création:, :date_modification:)', [...], false)
 5 SYSTEMPATH\Model.php(326): CodeIgniter\Database\BaseBuilder->insert()
 6 SYSTEMPATH\BaseModel.php(802): CodeIgniter\Model->doInsert([...])
 7 SYSTEMPATH\Model.php(744): CodeIgniter\BaseModel->insert([...], true)
 8 APPPATH\Controllers\Inscription.php(47): CodeIgniter\Model->insert([...])
 9 SYSTEMPATH\CodeIgniter.php(941): App\Controllers\Inscription->enregistrement()
10 SYSTEMPATH\CodeIgniter.php(502): CodeIgniter\CodeIgniter->runController(Object(App\Controllers\Inscription))
11 SYSTEMPATH\CodeIgniter.php(361): CodeIgniter\CodeIgniter->handleRequest(null, Object(Config\Cache), false)
12 FCPATH\index.php(79): CodeIgniter\CodeIgniter->run()
ERROR - 2024-02-20 15:30:34 --> mysqli_sql_exception: Cannot add or update a child row: a foreign key constraint fails (`bdd_test`.`utilisateur`, CONSTRAINT `utilisateur_ibfk_1` FOREIGN KEY (`id_user_societe`) REFERENCES `societe` (`id_societe`)) in C:\Users\user\xampp\htdocs\v4bis\system\Database\MySQLi\Connection.php:306
Stack trace:
#0 C:\Users\user\xampp\htdocs\v4bis\system\Database\MySQLi\Connection.php(306): mysqli->query('INSERT INTO `ut...', 0)
#1 C:\Users\user\xampp\htdocs\v4bis\system\Database\BaseConnection.php(693): CodeIgniter\Database\MySQLi\Connection->execute('INSERT INTO `ut...')
#2 C:\Users\user\xampp\htdocs\v4bis\system\Database\BaseConnection.php(607): CodeIgniter\Database\BaseConnection->simpleQuery('INSERT INTO `ut...')
#3 C:\Users\user\xampp\htdocs\v4bis\system\Database\BaseBuilder.php(2307): CodeIgniter\Database\BaseConnection->query('INSERT INTO `ut...', Array, false)
#4 C:\Users\user\xampp\htdocs\v4bis\system\Model.php(326): CodeIgniter\Database\BaseBuilder->insert()
#5 C:\Users\user\xampp\htdocs\v4bis\system\BaseModel.php(802): CodeIgniter\Model->doInsert(Array)
#6 C:\Users\user\xampp\htdocs\v4bis\system\Model.php(744): CodeIgniter\BaseModel->insert(Array, true)
#7 C:\Users\user\xampp\htdocs\v4bis\app\Controllers\Inscription.php(47): CodeIgniter\Model->insert(Array)
#8 C:\Users\user\xampp\htdocs\v4bis\system\CodeIgniter.php(941): App\Controllers\Inscription->enregistrement()
#9 C:\Users\user\xampp\htdocs\v4bis\system\CodeIgniter.php(502): CodeIgniter\CodeIgniter->runController(Object(App\Controllers\Inscription))
#10 C:\Users\user\xampp\htdocs\v4bis\system\CodeIgniter.php(361): CodeIgniter\CodeIgniter->handleRequest(NULL, Object(Config\Cache), false)
#11 C:\Users\user\xampp\htdocs\v4bis\index.php(79): CodeIgniter\CodeIgniter->run()
#12 {main}
CRITICAL - 2024-02-20 15:30:34 --> CodeIgniter\Database\Exceptions\DatabaseException: Cannot add or update a child row: a foreign key constraint fails (`bdd_test`.`utilisateur`, CONSTRAINT `utilisateur_ibfk_1` FOREIGN KEY (`id_user_societe`) REFERENCES `societe` (`id_societe`))
in SYSTEMPATH\Database\BaseConnection.php on line 647.
 1 SYSTEMPATH\Database\BaseBuilder.php(2307): CodeIgniter\Database\BaseConnection->query('INSERT INTO `utilisateur` (`societe`, `mdp`, `date_création`, `date_modification`) VALUES (:societe:, :mdp:, :date_création:, :date_modification:)', [...], false)
 2 SYSTEMPATH\Model.php(326): CodeIgniter\Database\BaseBuilder->insert()
 3 SYSTEMPATH\BaseModel.php(802): CodeIgniter\Model->doInsert([...])
 4 SYSTEMPATH\Model.php(744): CodeIgniter\BaseModel->insert([...], true)
 5 APPPATH\Controllers\Inscription.php(47): CodeIgniter\Model->insert([...])
 6 SYSTEMPATH\CodeIgniter.php(941): App\Controllers\Inscription->enregistrement()
 7 SYSTEMPATH\CodeIgniter.php(502): CodeIgniter\CodeIgniter->runController(Object(App\Controllers\Inscription))
 8 SYSTEMPATH\CodeIgniter.php(361): CodeIgniter\CodeIgniter->handleRequest(null, Object(Config\Cache), false)
 9 FCPATH\index.php(79): CodeIgniter\CodeIgniter->run()
CRITICAL - 2024-02-20 15:30:34 --> [Caused by] CodeIgniter\Database\Exceptions\DatabaseException: Cannot add or update a child row: a foreign key constraint fails (`bdd_test`.`utilisateur`, CONSTRAINT `utilisateur_ibfk_1` FOREIGN KEY (`id_user_societe`) REFERENCES `societe` (`id_societe`))
in SYSTEMPATH\Database\MySQLi\Connection.php on line 311.
 1 SYSTEMPATH\Database\BaseConnection.php(693): CodeIgniter\Database\MySQLi\Connection->execute('INSERT INTO `utilisateur` (`societe`, `mdp`, `date_création`, `date_modification`) VALUES (\'asminfo\', \'$2y$10$f9d/d.5sU6HqHGxN8lbguORNUttw3eMUTfzXgffs3Wk7iXiEyjYoe\', \'2024-02-20 15:30:34\', \'2024-02-20 15:30:34\')')
 2 SYSTEMPATH\Database\BaseConnection.php(607): CodeIgniter\Database\BaseConnection->simpleQuery('INSERT INTO `utilisateur` (`societe`, `mdp`, `date_création`, `date_modification`) VALUES (\'asminfo\', \'$2y$10$f9d/d.5sU6HqHGxN8lbguORNUttw3eMUTfzXgffs3Wk7iXiEyjYoe\', \'2024-02-20 15:30:34\', \'2024-02-20 15:30:34\')')
 3 SYSTEMPATH\Database\BaseBuilder.php(2307): CodeIgniter\Database\BaseConnection->query('INSERT INTO `utilisateur` (`societe`, `mdp`, `date_création`, `date_modification`) VALUES (:societe:, :mdp:, :date_création:, :date_modification:)', [...], false)
 4 SYSTEMPATH\Model.php(326): CodeIgniter\Database\BaseBuilder->insert()
 5 SYSTEMPATH\BaseModel.php(802): CodeIgniter\Model->doInsert([...])
 6 SYSTEMPATH\Model.php(744): CodeIgniter\BaseModel->insert([...], true)
 7 APPPATH\Controllers\Inscription.php(47): CodeIgniter\Model->insert([...])
 8 SYSTEMPATH\CodeIgniter.php(941): App\Controllers\Inscription->enregistrement()
 9 SYSTEMPATH\CodeIgniter.php(502): CodeIgniter\CodeIgniter->runController(Object(App\Controllers\Inscription))
10 SYSTEMPATH\CodeIgniter.php(361): CodeIgniter\CodeIgniter->handleRequest(null, Object(Config\Cache), false)
11 FCPATH\index.php(79): CodeIgniter\CodeIgniter->run()
CRITICAL - 2024-02-20 15:30:34 --> [Caused by] mysqli_sql_exception: Cannot add or update a child row: a foreign key constraint fails (`bdd_test`.`utilisateur`, CONSTRAINT `utilisateur_ibfk_1` FOREIGN KEY (`id_user_societe`) REFERENCES `societe` (`id_societe`))
in SYSTEMPATH\Database\MySQLi\Connection.php on line 306.
 1 SYSTEMPATH\Database\MySQLi\Connection.php(306): mysqli->query('INSERT INTO `utilisateur` (`societe`, `mdp`, `date_création`, `date_modification`) VALUES (\'asminfo\', \'$2y$10$f9d/d.5sU6HqHGxN8lbguORNUttw3eMUTfzXgffs3Wk7iXiEyjYoe\', \'2024-02-20 15:30:34\', \'2024-02-20 15:30:34\')', 0)
 2 SYSTEMPATH\Database\BaseConnection.php(693): CodeIgniter\Database\MySQLi\Connection->execute('INSERT INTO `utilisateur` (`societe`, `mdp`, `date_création`, `date_modification`) VALUES (\'asminfo\', \'$2y$10$f9d/d.5sU6HqHGxN8lbguORNUttw3eMUTfzXgffs3Wk7iXiEyjYoe\', \'2024-02-20 15:30:34\', \'2024-02-20 15:30:34\')')
 3 SYSTEMPATH\Database\BaseConnection.php(607): CodeIgniter\Database\BaseConnection->simpleQuery('INSERT INTO `utilisateur` (`societe`, `mdp`, `date_création`, `date_modification`) VALUES (\'asminfo\', \'$2y$10$f9d/d.5sU6HqHGxN8lbguORNUttw3eMUTfzXgffs3Wk7iXiEyjYoe\', \'2024-02-20 15:30:34\', \'2024-02-20 15:30:34\')')
 4 SYSTEMPATH\Database\BaseBuilder.php(2307): CodeIgniter\Database\BaseConnection->query('INSERT INTO `utilisateur` (`societe`, `mdp`, `date_création`, `date_modification`) VALUES (:societe:, :mdp:, :date_création:, :date_modification:)', [...], false)
 5 SYSTEMPATH\Model.php(326): CodeIgniter\Database\BaseBuilder->insert()
 6 SYSTEMPATH\BaseModel.php(802): CodeIgniter\Model->doInsert([...])
 7 SYSTEMPATH\Model.php(744): CodeIgniter\BaseModel->insert([...], true)
 8 APPPATH\Controllers\Inscription.php(47): CodeIgniter\Model->insert([...])
 9 SYSTEMPATH\CodeIgniter.php(941): App\Controllers\Inscription->enregistrement()
10 SYSTEMPATH\CodeIgniter.php(502): CodeIgniter\CodeIgniter->runController(Object(App\Controllers\Inscription))
11 SYSTEMPATH\CodeIgniter.php(361): CodeIgniter\CodeIgniter->handleRequest(null, Object(Config\Cache), false)
12 FCPATH\index.php(79): CodeIgniter\CodeIgniter->run()
ERROR - 2024-02-20 15:40:48 --> mysqli_sql_exception: Cannot add or update a child row: a foreign key constraint fails (`bdd_test`.`utilisateur`, CONSTRAINT `utilisateur_ibfk_1` FOREIGN KEY (`id_user_societe`) REFERENCES `societe` (`id_societe`)) in C:\Users\user\xampp\htdocs\v4bis\system\Database\MySQLi\Connection.php:306
Stack trace:
#0 C:\Users\user\xampp\htdocs\v4bis\system\Database\MySQLi\Connection.php(306): mysqli->query('INSERT INTO `ut...', 0)
#1 C:\Users\user\xampp\htdocs\v4bis\system\Database\BaseConnection.php(693): CodeIgniter\Database\MySQLi\Connection->execute('INSERT INTO `ut...')
#2 C:\Users\user\xampp\htdocs\v4bis\system\Database\BaseConnection.php(607): CodeIgniter\Database\BaseConnection->simpleQuery('INSERT INTO `ut...')
#3 C:\Users\user\xampp\htdocs\v4bis\system\Database\BaseBuilder.php(2307): CodeIgniter\Database\BaseConnection->query('INSERT INTO `ut...', Array, false)
#4 C:\Users\user\xampp\htdocs\v4bis\system\Model.php(326): CodeIgniter\Database\BaseBuilder->insert()
#5 C:\Users\user\xampp\htdocs\v4bis\system\BaseModel.php(802): CodeIgniter\Model->doInsert(Array)
#6 C:\Users\user\xampp\htdocs\v4bis\system\Model.php(744): CodeIgniter\BaseModel->insert(Array, true)
#7 C:\Users\user\xampp\htdocs\v4bis\app\Controllers\Inscription.php(47): CodeIgniter\Model->insert(Array)
#8 C:\Users\user\xampp\htdocs\v4bis\system\CodeIgniter.php(941): App\Controllers\Inscription->enregistrement()
#9 C:\Users\user\xampp\htdocs\v4bis\system\CodeIgniter.php(502): CodeIgniter\CodeIgniter->runController(Object(App\Controllers\Inscription))
#10 C:\Users\user\xampp\htdocs\v4bis\system\CodeIgniter.php(361): CodeIgniter\CodeIgniter->handleRequest(NULL, Object(Config\Cache), false)
#11 C:\Users\user\xampp\htdocs\v4bis\index.php(79): CodeIgniter\CodeIgniter->run()
#12 {main}
CRITICAL - 2024-02-20 15:40:48 --> CodeIgniter\Database\Exceptions\DatabaseException: Cannot add or update a child row: a foreign key constraint fails (`bdd_test`.`utilisateur`, CONSTRAINT `utilisateur_ibfk_1` FOREIGN KEY (`id_user_societe`) REFERENCES `societe` (`id_societe`))
in SYSTEMPATH\Database\BaseConnection.php on line 647.
 1 SYSTEMPATH\Database\BaseBuilder.php(2307): CodeIgniter\Database\BaseConnection->query('INSERT INTO `utilisateur` (`societe`, `mdp`, `date_création`, `date_modification`) VALUES (:societe:, :mdp:, :date_création:, :date_modification:)', [...], false)
 2 SYSTEMPATH\Model.php(326): CodeIgniter\Database\BaseBuilder->insert()
 3 SYSTEMPATH\BaseModel.php(802): CodeIgniter\Model->doInsert([...])
 4 SYSTEMPATH\Model.php(744): CodeIgniter\BaseModel->insert([...], true)
 5 APPPATH\Controllers\Inscription.php(47): CodeIgniter\Model->insert([...])
 6 SYSTEMPATH\CodeIgniter.php(941): App\Controllers\Inscription->enregistrement()
 7 SYSTEMPATH\CodeIgniter.php(502): CodeIgniter\CodeIgniter->runController(Object(App\Controllers\Inscription))
 8 SYSTEMPATH\CodeIgniter.php(361): CodeIgniter\CodeIgniter->handleRequest(null, Object(Config\Cache), false)
 9 FCPATH\index.php(79): CodeIgniter\CodeIgniter->run()
CRITICAL - 2024-02-20 15:40:48 --> [Caused by] CodeIgniter\Database\Exceptions\DatabaseException: Cannot add or update a child row: a foreign key constraint fails (`bdd_test`.`utilisateur`, CONSTRAINT `utilisateur_ibfk_1` FOREIGN KEY (`id_user_societe`) REFERENCES `societe` (`id_societe`))
in SYSTEMPATH\Database\MySQLi\Connection.php on line 311.
 1 SYSTEMPATH\Database\BaseConnection.php(693): CodeIgniter\Database\MySQLi\Connection->execute('INSERT INTO `utilisateur` (`societe`, `mdp`, `date_création`, `date_modification`) VALUES (\'asminfo\', \'$2y$10$UE8oiuVS14Tx5k94oU6VBurrIA4kXnHMDwspEAX0nfRw2V7.8Eusy\', \'2024-02-20 15:40:48\', \'2024-02-20 15:40:48\')')
 2 SYSTEMPATH\Database\BaseConnection.php(607): CodeIgniter\Database\BaseConnection->simpleQuery('INSERT INTO `utilisateur` (`societe`, `mdp`, `date_création`, `date_modification`) VALUES (\'asminfo\', \'$2y$10$UE8oiuVS14Tx5k94oU6VBurrIA4kXnHMDwspEAX0nfRw2V7.8Eusy\', \'2024-02-20 15:40:48\', \'2024-02-20 15:40:48\')')
 3 SYSTEMPATH\Database\BaseBuilder.php(2307): CodeIgniter\Database\BaseConnection->query('INSERT INTO `utilisateur` (`societe`, `mdp`, `date_création`, `date_modification`) VALUES (:societe:, :mdp:, :date_création:, :date_modification:)', [...], false)
 4 SYSTEMPATH\Model.php(326): CodeIgniter\Database\BaseBuilder->insert()
 5 SYSTEMPATH\BaseModel.php(802): CodeIgniter\Model->doInsert([...])
 6 SYSTEMPATH\Model.php(744): CodeIgniter\BaseModel->insert([...], true)
 7 APPPATH\Controllers\Inscription.php(47): CodeIgniter\Model->insert([...])
 8 SYSTEMPATH\CodeIgniter.php(941): App\Controllers\Inscription->enregistrement()
 9 SYSTEMPATH\CodeIgniter.php(502): CodeIgniter\CodeIgniter->runController(Object(App\Controllers\Inscription))
10 SYSTEMPATH\CodeIgniter.php(361): CodeIgniter\CodeIgniter->handleRequest(null, Object(Config\Cache), false)
11 FCPATH\index.php(79): CodeIgniter\CodeIgniter->run()
CRITICAL - 2024-02-20 15:40:48 --> [Caused by] mysqli_sql_exception: Cannot add or update a child row: a foreign key constraint fails (`bdd_test`.`utilisateur`, CONSTRAINT `utilisateur_ibfk_1` FOREIGN KEY (`id_user_societe`) REFERENCES `societe` (`id_societe`))
in SYSTEMPATH\Database\MySQLi\Connection.php on line 306.
 1 SYSTEMPATH\Database\MySQLi\Connection.php(306): mysqli->query('INSERT INTO `utilisateur` (`societe`, `mdp`, `date_création`, `date_modification`) VALUES (\'asminfo\', \'$2y$10$UE8oiuVS14Tx5k94oU6VBurrIA4kXnHMDwspEAX0nfRw2V7.8Eusy\', \'2024-02-20 15:40:48\', \'2024-02-20 15:40:48\')', 0)
 2 SYSTEMPATH\Database\BaseConnection.php(693): CodeIgniter\Database\MySQLi\Connection->execute('INSERT INTO `utilisateur` (`societe`, `mdp`, `date_création`, `date_modification`) VALUES (\'asminfo\', \'$2y$10$UE8oiuVS14Tx5k94oU6VBurrIA4kXnHMDwspEAX0nfRw2V7.8Eusy\', \'2024-02-20 15:40:48\', \'2024-02-20 15:40:48\')')
 3 SYSTEMPATH\Database\BaseConnection.php(607): CodeIgniter\Database\BaseConnection->simpleQuery('INSERT INTO `utilisateur` (`societe`, `mdp`, `date_création`, `date_modification`) VALUES (\'asminfo\', \'$2y$10$UE8oiuVS14Tx5k94oU6VBurrIA4kXnHMDwspEAX0nfRw2V7.8Eusy\', \'2024-02-20 15:40:48\', \'2024-02-20 15:40:48\')')
 4 SYSTEMPATH\Database\BaseBuilder.php(2307): CodeIgniter\Database\BaseConnection->query('INSERT INTO `utilisateur` (`societe`, `mdp`, `date_création`, `date_modification`) VALUES (:societe:, :mdp:, :date_création:, :date_modification:)', [...], false)
 5 SYSTEMPATH\Model.php(326): CodeIgniter\Database\BaseBuilder->insert()
 6 SYSTEMPATH\BaseModel.php(802): CodeIgniter\Model->doInsert([...])
 7 SYSTEMPATH\Model.php(744): CodeIgniter\BaseModel->insert([...], true)
 8 APPPATH\Controllers\Inscription.php(47): CodeIgniter\Model->insert([...])
 9 SYSTEMPATH\CodeIgniter.php(941): App\Controllers\Inscription->enregistrement()
10 SYSTEMPATH\CodeIgniter.php(502): CodeIgniter\CodeIgniter->runController(Object(App\Controllers\Inscription))
11 SYSTEMPATH\CodeIgniter.php(361): CodeIgniter\CodeIgniter->handleRequest(null, Object(Config\Cache), false)
12 FCPATH\index.php(79): CodeIgniter\CodeIgniter->run()
ERROR - 2024-02-20 15:49:48 --> mysqli_sql_exception: Cannot add or update a child row: a foreign key constraint fails (`bdd_test`.`utilisateur`, CONSTRAINT `utilisateur_ibfk_1` FOREIGN KEY (`id_user_societe`) REFERENCES `societe` (`id_societe`)) in C:\Users\user\xampp\htdocs\v4bis\system\Database\MySQLi\Connection.php:306
Stack trace:
#0 C:\Users\user\xampp\htdocs\v4bis\system\Database\MySQLi\Connection.php(306): mysqli->query('INSERT INTO `ut...', 0)
#1 C:\Users\user\xampp\htdocs\v4bis\system\Database\BaseConnection.php(693): CodeIgniter\Database\MySQLi\Connection->execute('INSERT INTO `ut...')
#2 C:\Users\user\xampp\htdocs\v4bis\system\Database\BaseConnection.php(607): CodeIgniter\Database\BaseConnection->simpleQuery('INSERT INTO `ut...')
#3 C:\Users\user\xampp\htdocs\v4bis\system\Database\BaseBuilder.php(2307): CodeIgniter\Database\BaseConnection->query('INSERT INTO `ut...', Array, false)
#4 C:\Users\user\xampp\htdocs\v4bis\system\Model.php(326): CodeIgniter\Database\BaseBuilder->insert()
#5 C:\Users\user\xampp\htdocs\v4bis\system\BaseModel.php(802): CodeIgniter\Model->doInsert(Array)
#6 C:\Users\user\xampp\htdocs\v4bis\system\Model.php(744): CodeIgniter\BaseModel->insert(Array, true)
#7 C:\Users\user\xampp\htdocs\v4bis\app\Controllers\Inscription.php(47): CodeIgniter\Model->insert(Array)
#8 C:\Users\user\xampp\htdocs\v4bis\system\CodeIgniter.php(941): App\Controllers\Inscription->enregistrement()
#9 C:\Users\user\xampp\htdocs\v4bis\system\CodeIgniter.php(502): CodeIgniter\CodeIgniter->runController(Object(App\Controllers\Inscription))
#10 C:\Users\user\xampp\htdocs\v4bis\system\CodeIgniter.php(361): CodeIgniter\CodeIgniter->handleRequest(NULL, Object(Config\Cache), false)
#11 C:\Users\user\xampp\htdocs\v4bis\index.php(79): CodeIgniter\CodeIgniter->run()
#12 {main}
CRITICAL - 2024-02-20 15:49:48 --> CodeIgniter\Database\Exceptions\DatabaseException: Cannot add or update a child row: a foreign key constraint fails (`bdd_test`.`utilisateur`, CONSTRAINT `utilisateur_ibfk_1` FOREIGN KEY (`id_user_societe`) REFERENCES `societe` (`id_societe`))
in SYSTEMPATH\Database\BaseConnection.php on line 647.
 1 SYSTEMPATH\Database\BaseBuilder.php(2307): CodeIgniter\Database\BaseConnection->query('INSERT INTO `utilisateur` (`societe`, `mdp`, `date_création`, `date_modification`) VALUES (:societe:, :mdp:, :date_création:, :date_modification:)', [...], false)
 2 SYSTEMPATH\Model.php(326): CodeIgniter\Database\BaseBuilder->insert()
 3 SYSTEMPATH\BaseModel.php(802): CodeIgniter\Model->doInsert([...])
 4 SYSTEMPATH\Model.php(744): CodeIgniter\BaseModel->insert([...], true)
 5 APPPATH\Controllers\Inscription.php(47): CodeIgniter\Model->insert([...])
 6 SYSTEMPATH\CodeIgniter.php(941): App\Controllers\Inscription->enregistrement()
 7 SYSTEMPATH\CodeIgniter.php(502): CodeIgniter\CodeIgniter->runController(Object(App\Controllers\Inscription))
 8 SYSTEMPATH\CodeIgniter.php(361): CodeIgniter\CodeIgniter->handleRequest(null, Object(Config\Cache), false)
 9 FCPATH\index.php(79): CodeIgniter\CodeIgniter->run()
CRITICAL - 2024-02-20 15:49:48 --> [Caused by] CodeIgniter\Database\Exceptions\DatabaseException: Cannot add or update a child row: a foreign key constraint fails (`bdd_test`.`utilisateur`, CONSTRAINT `utilisateur_ibfk_1` FOREIGN KEY (`id_user_societe`) REFERENCES `societe` (`id_societe`))
in SYSTEMPATH\Database\MySQLi\Connection.php on line 311.
 1 SYSTEMPATH\Database\BaseConnection.php(693): CodeIgniter\Database\MySQLi\Connection->execute('INSERT INTO `utilisateur` (`societe`, `mdp`, `date_création`, `date_modification`) VALUES (\'asminfo\', \'$2y$10$mD7HY/kWQWLujyMP3vggX.hKQTfYUZYYPCaR.NFrt3uYMfsovoyZ2\', \'2024-02-20 15:49:48\', \'2024-02-20 15:49:48\')')
 2 SYSTEMPATH\Database\BaseConnection.php(607): CodeIgniter\Database\BaseConnection->simpleQuery('INSERT INTO `utilisateur` (`societe`, `mdp`, `date_création`, `date_modification`) VALUES (\'asminfo\', \'$2y$10$mD7HY/kWQWLujyMP3vggX.hKQTfYUZYYPCaR.NFrt3uYMfsovoyZ2\', \'2024-02-20 15:49:48\', \'2024-02-20 15:49:48\')')
 3 SYSTEMPATH\Database\BaseBuilder.php(2307): CodeIgniter\Database\BaseConnection->query('INSERT INTO `utilisateur` (`societe`, `mdp`, `date_création`, `date_modification`) VALUES (:societe:, :mdp:, :date_création:, :date_modification:)', [...], false)
 4 SYSTEMPATH\Model.php(326): CodeIgniter\Database\BaseBuilder->insert()
 5 SYSTEMPATH\BaseModel.php(802): CodeIgniter\Model->doInsert([...])
 6 SYSTEMPATH\Model.php(744): CodeIgniter\BaseModel->insert([...], true)
 7 APPPATH\Controllers\Inscription.php(47): CodeIgniter\Model->insert([...])
 8 SYSTEMPATH\CodeIgniter.php(941): App\Controllers\Inscription->enregistrement()
 9 SYSTEMPATH\CodeIgniter.php(502): CodeIgniter\CodeIgniter->runController(Object(App\Controllers\Inscription))
10 SYSTEMPATH\CodeIgniter.php(361): CodeIgniter\CodeIgniter->handleRequest(null, Object(Config\Cache), false)
11 FCPATH\index.php(79): CodeIgniter\CodeIgniter->run()
CRITICAL - 2024-02-20 15:49:48 --> [Caused by] mysqli_sql_exception: Cannot add or update a child row: a foreign key constraint fails (`bdd_test`.`utilisateur`, CONSTRAINT `utilisateur_ibfk_1` FOREIGN KEY (`id_user_societe`) REFERENCES `societe` (`id_societe`))
in SYSTEMPATH\Database\MySQLi\Connection.php on line 306.
 1 SYSTEMPATH\Database\MySQLi\Connection.php(306): mysqli->query('INSERT INTO `utilisateur` (`societe`, `mdp`, `date_création`, `date_modification`) VALUES (\'asminfo\', \'$2y$10$mD7HY/kWQWLujyMP3vggX.hKQTfYUZYYPCaR.NFrt3uYMfsovoyZ2\', \'2024-02-20 15:49:48\', \'2024-02-20 15:49:48\')', 0)
 2 SYSTEMPATH\Database\BaseConnection.php(693): CodeIgniter\Database\MySQLi\Connection->execute('INSERT INTO `utilisateur` (`societe`, `mdp`, `date_création`, `date_modification`) VALUES (\'asminfo\', \'$2y$10$mD7HY/kWQWLujyMP3vggX.hKQTfYUZYYPCaR.NFrt3uYMfsovoyZ2\', \'2024-02-20 15:49:48\', \'2024-02-20 15:49:48\')')
 3 SYSTEMPATH\Database\BaseConnection.php(607): CodeIgniter\Database\BaseConnection->simpleQuery('INSERT INTO `utilisateur` (`societe`, `mdp`, `date_création`, `date_modification`) VALUES (\'asminfo\', \'$2y$10$mD7HY/kWQWLujyMP3vggX.hKQTfYUZYYPCaR.NFrt3uYMfsovoyZ2\', \'2024-02-20 15:49:48\', \'2024-02-20 15:49:48\')')
 4 SYSTEMPATH\Database\BaseBuilder.php(2307): CodeIgniter\Database\BaseConnection->query('INSERT INTO `utilisateur` (`societe`, `mdp`, `date_création`, `date_modification`) VALUES (:societe:, :mdp:, :date_création:, :date_modification:)', [...], false)
 5 SYSTEMPATH\Model.php(326): CodeIgniter\Database\BaseBuilder->insert()
 6 SYSTEMPATH\BaseModel.php(802): CodeIgniter\Model->doInsert([...])
 7 SYSTEMPATH\Model.php(744): CodeIgniter\BaseModel->insert([...], true)
 8 APPPATH\Controllers\Inscription.php(47): CodeIgniter\Model->insert([...])
 9 SYSTEMPATH\CodeIgniter.php(941): App\Controllers\Inscription->enregistrement()
10 SYSTEMPATH\CodeIgniter.php(502): CodeIgniter\CodeIgniter->runController(Object(App\Controllers\Inscription))
11 SYSTEMPATH\CodeIgniter.php(361): CodeIgniter\CodeIgniter->handleRequest(null, Object(Config\Cache), false)
12 FCPATH\index.php(79): CodeIgniter\CodeIgniter->run()
ERROR - 2024-02-20 16:01:04 --> mysqli_sql_exception: Cannot add or update a child row: a foreign key constraint fails (`bdd_test`.`utilisateur`, CONSTRAINT `utilisateur_ibfk_1` FOREIGN KEY (`id_user_societe`) REFERENCES `societe` (`id_societe`)) in C:\Users\user\xampp\htdocs\v4bis\system\Database\MySQLi\Connection.php:306
Stack trace:
#0 C:\Users\user\xampp\htdocs\v4bis\system\Database\MySQLi\Connection.php(306): mysqli->query('INSERT INTO `ut...', 0)
#1 C:\Users\user\xampp\htdocs\v4bis\system\Database\BaseConnection.php(693): CodeIgniter\Database\MySQLi\Connection->execute('INSERT INTO `ut...')
#2 C:\Users\user\xampp\htdocs\v4bis\system\Database\BaseConnection.php(607): CodeIgniter\Database\BaseConnection->simpleQuery('INSERT INTO `ut...')
#3 C:\Users\user\xampp\htdocs\v4bis\system\Database\BaseBuilder.php(2307): CodeIgniter\Database\BaseConnection->query('INSERT INTO `ut...', Array, false)
#4 C:\Users\user\xampp\htdocs\v4bis\system\Model.php(326): CodeIgniter\Database\BaseBuilder->insert()
#5 C:\Users\user\xampp\htdocs\v4bis\system\BaseModel.php(802): CodeIgniter\Model->doInsert(Array)
#6 C:\Users\user\xampp\htdocs\v4bis\system\Model.php(744): CodeIgniter\BaseModel->insert(Array, true)
#7 C:\Users\user\xampp\htdocs\v4bis\app\Controllers\Inscription.php(50): CodeIgniter\Model->insert(Array)
#8 C:\Users\user\xampp\htdocs\v4bis\system\CodeIgniter.php(941): App\Controllers\Inscription->enregistrement()
#9 C:\Users\user\xampp\htdocs\v4bis\system\CodeIgniter.php(502): CodeIgniter\CodeIgniter->runController(Object(App\Controllers\Inscription))
#10 C:\Users\user\xampp\htdocs\v4bis\system\CodeIgniter.php(361): CodeIgniter\CodeIgniter->handleRequest(NULL, Object(Config\Cache), false)
#11 C:\Users\user\xampp\htdocs\v4bis\index.php(79): CodeIgniter\CodeIgniter->run()
#12 {main}
CRITICAL - 2024-02-20 16:01:04 --> CodeIgniter\Database\Exceptions\DatabaseException: Cannot add or update a child row: a foreign key constraint fails (`bdd_test`.`utilisateur`, CONSTRAINT `utilisateur_ibfk_1` FOREIGN KEY (`id_user_societe`) REFERENCES `societe` (`id_societe`))
in SYSTEMPATH\Database\BaseConnection.php on line 647.
 1 SYSTEMPATH\Database\BaseBuilder.php(2307): CodeIgniter\Database\BaseConnection->query('INSERT INTO `utilisateur` (`societe`, `mdp`, `date_création`, `date_modification`) VALUES (:societe:, :mdp:, :date_création:, :date_modification:)', [...], false)
 2 SYSTEMPATH\Model.php(326): CodeIgniter\Database\BaseBuilder->insert()
 3 SYSTEMPATH\BaseModel.php(802): CodeIgniter\Model->doInsert([...])
 4 SYSTEMPATH\Model.php(744): CodeIgniter\BaseModel->insert([...], true)
 5 APPPATH\Controllers\Inscription.php(50): CodeIgniter\Model->insert([...])
 6 SYSTEMPATH\CodeIgniter.php(941): App\Controllers\Inscription->enregistrement()
 7 SYSTEMPATH\CodeIgniter.php(502): CodeIgniter\CodeIgniter->runController(Object(App\Controllers\Inscription))
 8 SYSTEMPATH\CodeIgniter.php(361): CodeIgniter\CodeIgniter->handleRequest(null, Object(Config\Cache), false)
 9 FCPATH\index.php(79): CodeIgniter\CodeIgniter->run()
CRITICAL - 2024-02-20 16:01:04 --> [Caused by] CodeIgniter\Database\Exceptions\DatabaseException: Cannot add or update a child row: a foreign key constraint fails (`bdd_test`.`utilisateur`, CONSTRAINT `utilisateur_ibfk_1` FOREIGN KEY (`id_user_societe`) REFERENCES `societe` (`id_societe`))
in SYSTEMPATH\Database\MySQLi\Connection.php on line 311.
 1 SYSTEMPATH\Database\BaseConnection.php(693): CodeIgniter\Database\MySQLi\Connection->execute('INSERT INTO `utilisateur` (`societe`, `mdp`, `date_création`, `date_modification`) VALUES (\'asminfo\', \'$2y$10$kFvxYI2pBOCAb4VRVTbmc.1Qr/xSSUA4jpA/tizqGdSSGpBxiRFXa\', \'2024-02-20 16:01:04\', \'2024-02-20 16:01:04\')')
 2 SYSTEMPATH\Database\BaseConnection.php(607): CodeIgniter\Database\BaseConnection->simpleQuery('INSERT INTO `utilisateur` (`societe`, `mdp`, `date_création`, `date_modification`) VALUES (\'asminfo\', \'$2y$10$kFvxYI2pBOCAb4VRVTbmc.1Qr/xSSUA4jpA/tizqGdSSGpBxiRFXa\', \'2024-02-20 16:01:04\', \'2024-02-20 16:01:04\')')
 3 SYSTEMPATH\Database\BaseBuilder.php(2307): CodeIgniter\Database\BaseConnection->query('INSERT INTO `utilisateur` (`societe`, `mdp`, `date_création`, `date_modification`) VALUES (:societe:, :mdp:, :date_création:, :date_modification:)', [...], false)
 4 SYSTEMPATH\Model.php(326): CodeIgniter\Database\BaseBuilder->insert()
 5 SYSTEMPATH\BaseModel.php(802): CodeIgniter\Model->doInsert([...])
 6 SYSTEMPATH\Model.php(744): CodeIgniter\BaseModel->insert([...], true)
 7 APPPATH\Controllers\Inscription.php(50): CodeIgniter\Model->insert([...])
 8 SYSTEMPATH\CodeIgniter.php(941): App\Controllers\Inscription->enregistrement()
 9 SYSTEMPATH\CodeIgniter.php(502): CodeIgniter\CodeIgniter->runController(Object(App\Controllers\Inscription))
10 SYSTEMPATH\CodeIgniter.php(361): CodeIgniter\CodeIgniter->handleRequest(null, Object(Config\Cache), false)
11 FCPATH\index.php(79): CodeIgniter\CodeIgniter->run()
CRITICAL - 2024-02-20 16:01:04 --> [Caused by] mysqli_sql_exception: Cannot add or update a child row: a foreign key constraint fails (`bdd_test`.`utilisateur`, CONSTRAINT `utilisateur_ibfk_1` FOREIGN KEY (`id_user_societe`) REFERENCES `societe` (`id_societe`))
in SYSTEMPATH\Database\MySQLi\Connection.php on line 306.
 1 SYSTEMPATH\Database\MySQLi\Connection.php(306): mysqli->query('INSERT INTO `utilisateur` (`societe`, `mdp`, `date_création`, `date_modification`) VALUES (\'asminfo\', \'$2y$10$kFvxYI2pBOCAb4VRVTbmc.1Qr/xSSUA4jpA/tizqGdSSGpBxiRFXa\', \'2024-02-20 16:01:04\', \'2024-02-20 16:01:04\')', 0)
 2 SYSTEMPATH\Database\BaseConnection.php(693): CodeIgniter\Database\MySQLi\Connection->execute('INSERT INTO `utilisateur` (`societe`, `mdp`, `date_création`, `date_modification`) VALUES (\'asminfo\', \'$2y$10$kFvxYI2pBOCAb4VRVTbmc.1Qr/xSSUA4jpA/tizqGdSSGpBxiRFXa\', \'2024-02-20 16:01:04\', \'2024-02-20 16:01:04\')')
 3 SYSTEMPATH\Database\BaseConnection.php(607): CodeIgniter\Database\BaseConnection->simpleQuery('INSERT INTO `utilisateur` (`societe`, `mdp`, `date_création`, `date_modification`) VALUES (\'asminfo\', \'$2y$10$kFvxYI2pBOCAb4VRVTbmc.1Qr/xSSUA4jpA/tizqGdSSGpBxiRFXa\', \'2024-02-20 16:01:04\', \'2024-02-20 16:01:04\')')
 4 SYSTEMPATH\Database\BaseBuilder.php(2307): CodeIgniter\Database\BaseConnection->query('INSERT INTO `utilisateur` (`societe`, `mdp`, `date_création`, `date_modification`) VALUES (:societe:, :mdp:, :date_création:, :date_modification:)', [...], false)
 5 SYSTEMPATH\Model.php(326): CodeIgniter\Database\BaseBuilder->insert()
 6 SYSTEMPATH\BaseModel.php(802): CodeIgniter\Model->doInsert([...])
 7 SYSTEMPATH\Model.php(744): CodeIgniter\BaseModel->insert([...], true)
 8 APPPATH\Controllers\Inscription.php(50): CodeIgniter\Model->insert([...])
 9 SYSTEMPATH\CodeIgniter.php(941): App\Controllers\Inscription->enregistrement()
10 SYSTEMPATH\CodeIgniter.php(502): CodeIgniter\CodeIgniter->runController(Object(App\Controllers\Inscription))
11 SYSTEMPATH\CodeIgniter.php(361): CodeIgniter\CodeIgniter->handleRequest(null, Object(Config\Cache), false)
12 FCPATH\index.php(79): CodeIgniter\CodeIgniter->run()
ERROR - 2024-02-20 16:01:24 --> mysqli_sql_exception: Cannot add or update a child row: a foreign key constraint fails (`bdd_test`.`utilisateur`, CONSTRAINT `utilisateur_ibfk_1` FOREIGN KEY (`id_user_societe`) REFERENCES `societe` (`id_societe`)) in C:\Users\user\xampp\htdocs\v4bis\system\Database\MySQLi\Connection.php:306
Stack trace:
#0 C:\Users\user\xampp\htdocs\v4bis\system\Database\MySQLi\Connection.php(306): mysqli->query('INSERT INTO `ut...', 0)
#1 C:\Users\user\xampp\htdocs\v4bis\system\Database\BaseConnection.php(693): CodeIgniter\Database\MySQLi\Connection->execute('INSERT INTO `ut...')
#2 C:\Users\user\xampp\htdocs\v4bis\system\Database\BaseConnection.php(607): CodeIgniter\Database\BaseConnection->simpleQuery('INSERT INTO `ut...')
#3 C:\Users\user\xampp\htdocs\v4bis\system\Database\BaseBuilder.php(2307): CodeIgniter\Database\BaseConnection->query('INSERT INTO `ut...', Array, false)
#4 C:\Users\user\xampp\htdocs\v4bis\system\Model.php(326): CodeIgniter\Database\BaseBuilder->insert()
#5 C:\Users\user\xampp\htdocs\v4bis\system\BaseModel.php(802): CodeIgniter\Model->doInsert(Array)
#6 C:\Users\user\xampp\htdocs\v4bis\system\Model.php(744): CodeIgniter\BaseModel->insert(Array, true)
#7 C:\Users\user\xampp\htdocs\v4bis\app\Controllers\Inscription.php(50): CodeIgniter\Model->insert(Array)
#8 C:\Users\user\xampp\htdocs\v4bis\system\CodeIgniter.php(941): App\Controllers\Inscription->enregistrement()
#9 C:\Users\user\xampp\htdocs\v4bis\system\CodeIgniter.php(502): CodeIgniter\CodeIgniter->runController(Object(App\Controllers\Inscription))
#10 C:\Users\user\xampp\htdocs\v4bis\system\CodeIgniter.php(361): CodeIgniter\CodeIgniter->handleRequest(NULL, Object(Config\Cache), false)
#11 C:\Users\user\xampp\htdocs\v4bis\index.php(79): CodeIgniter\CodeIgniter->run()
#12 {main}
CRITICAL - 2024-02-20 16:01:24 --> CodeIgniter\Database\Exceptions\DatabaseException: Cannot add or update a child row: a foreign key constraint fails (`bdd_test`.`utilisateur`, CONSTRAINT `utilisateur_ibfk_1` FOREIGN KEY (`id_user_societe`) REFERENCES `societe` (`id_societe`))
in SYSTEMPATH\Database\BaseConnection.php on line 647.
 1 SYSTEMPATH\Database\BaseBuilder.php(2307): CodeIgniter\Database\BaseConnection->query('INSERT INTO `utilisateur` (`societe`, `mdp`, `date_création`, `date_modification`) VALUES (:societe:, :mdp:, :date_création:, :date_modification:)', [...], false)
 2 SYSTEMPATH\Model.php(326): CodeIgniter\Database\BaseBuilder->insert()
 3 SYSTEMPATH\BaseModel.php(802): CodeIgniter\Model->doInsert([...])
 4 SYSTEMPATH\Model.php(744): CodeIgniter\BaseModel->insert([...], true)
 5 APPPATH\Controllers\Inscription.php(50): CodeIgniter\Model->insert([...])
 6 SYSTEMPATH\CodeIgniter.php(941): App\Controllers\Inscription->enregistrement()
 7 SYSTEMPATH\CodeIgniter.php(502): CodeIgniter\CodeIgniter->runController(Object(App\Controllers\Inscription))
 8 SYSTEMPATH\CodeIgniter.php(361): CodeIgniter\CodeIgniter->handleRequest(null, Object(Config\Cache), false)
 9 FCPATH\index.php(79): CodeIgniter\CodeIgniter->run()
CRITICAL - 2024-02-20 16:01:24 --> [Caused by] CodeIgniter\Database\Exceptions\DatabaseException: Cannot add or update a child row: a foreign key constraint fails (`bdd_test`.`utilisateur`, CONSTRAINT `utilisateur_ibfk_1` FOREIGN KEY (`id_user_societe`) REFERENCES `societe` (`id_societe`))
in SYSTEMPATH\Database\MySQLi\Connection.php on line 311.
 1 SYSTEMPATH\Database\BaseConnection.php(693): CodeIgniter\Database\MySQLi\Connection->execute('INSERT INTO `utilisateur` (`societe`, `mdp`, `date_création`, `date_modification`) VALUES (\'yanis\', \'$2y$10$y5zs9tG/IiwnW5f.bzVYQuldZrpE59pfM9vOcpSPtqfEp0x2qyFh.\', \'2024-02-20 16:01:24\', \'2024-02-20 16:01:24\')')
 2 SYSTEMPATH\Database\BaseConnection.php(607): CodeIgniter\Database\BaseConnection->simpleQuery('INSERT INTO `utilisateur` (`societe`, `mdp`, `date_création`, `date_modification`) VALUES (\'yanis\', \'$2y$10$y5zs9tG/IiwnW5f.bzVYQuldZrpE59pfM9vOcpSPtqfEp0x2qyFh.\', \'2024-02-20 16:01:24\', \'2024-02-20 16:01:24\')')
 3 SYSTEMPATH\Database\BaseBuilder.php(2307): CodeIgniter\Database\BaseConnection->query('INSERT INTO `utilisateur` (`societe`, `mdp`, `date_création`, `date_modification`) VALUES (:societe:, :mdp:, :date_création:, :date_modification:)', [...], false)
 4 SYSTEMPATH\Model.php(326): CodeIgniter\Database\BaseBuilder->insert()
 5 SYSTEMPATH\BaseModel.php(802): CodeIgniter\Model->doInsert([...])
 6 SYSTEMPATH\Model.php(744): CodeIgniter\BaseModel->insert([...], true)
 7 APPPATH\Controllers\Inscription.php(50): CodeIgniter\Model->insert([...])
 8 SYSTEMPATH\CodeIgniter.php(941): App\Controllers\Inscription->enregistrement()
 9 SYSTEMPATH\CodeIgniter.php(502): CodeIgniter\CodeIgniter->runController(Object(App\Controllers\Inscription))
10 SYSTEMPATH\CodeIgniter.php(361): CodeIgniter\CodeIgniter->handleRequest(null, Object(Config\Cache), false)
11 FCPATH\index.php(79): CodeIgniter\CodeIgniter->run()
CRITICAL - 2024-02-20 16:01:24 --> [Caused by] mysqli_sql_exception: Cannot add or update a child row: a foreign key constraint fails (`bdd_test`.`utilisateur`, CONSTRAINT `utilisateur_ibfk_1` FOREIGN KEY (`id_user_societe`) REFERENCES `societe` (`id_societe`))
in SYSTEMPATH\Database\MySQLi\Connection.php on line 306.
 1 SYSTEMPATH\Database\MySQLi\Connection.php(306): mysqli->query('INSERT INTO `utilisateur` (`societe`, `mdp`, `date_création`, `date_modification`) VALUES (\'yanis\', \'$2y$10$y5zs9tG/IiwnW5f.bzVYQuldZrpE59pfM9vOcpSPtqfEp0x2qyFh.\', \'2024-02-20 16:01:24\', \'2024-02-20 16:01:24\')', 0)
 2 SYSTEMPATH\Database\BaseConnection.php(693): CodeIgniter\Database\MySQLi\Connection->execute('INSERT INTO `utilisateur` (`societe`, `mdp`, `date_création`, `date_modification`) VALUES (\'yanis\', \'$2y$10$y5zs9tG/IiwnW5f.bzVYQuldZrpE59pfM9vOcpSPtqfEp0x2qyFh.\', \'2024-02-20 16:01:24\', \'2024-02-20 16:01:24\')')
 3 SYSTEMPATH\Database\BaseConnection.php(607): CodeIgniter\Database\BaseConnection->simpleQuery('INSERT INTO `utilisateur` (`societe`, `mdp`, `date_création`, `date_modification`) VALUES (\'yanis\', \'$2y$10$y5zs9tG/IiwnW5f.bzVYQuldZrpE59pfM9vOcpSPtqfEp0x2qyFh.\', \'2024-02-20 16:01:24\', \'2024-02-20 16:01:24\')')
 4 SYSTEMPATH\Database\BaseBuilder.php(2307): CodeIgniter\Database\BaseConnection->query('INSERT INTO `utilisateur` (`societe`, `mdp`, `date_création`, `date_modification`) VALUES (:societe:, :mdp:, :date_création:, :date_modification:)', [...], false)
 5 SYSTEMPATH\Model.php(326): CodeIgniter\Database\BaseBuilder->insert()
 6 SYSTEMPATH\BaseModel.php(802): CodeIgniter\Model->doInsert([...])
 7 SYSTEMPATH\Model.php(744): CodeIgniter\BaseModel->insert([...], true)
 8 APPPATH\Controllers\Inscription.php(50): CodeIgniter\Model->insert([...])
 9 SYSTEMPATH\CodeIgniter.php(941): App\Controllers\Inscription->enregistrement()
10 SYSTEMPATH\CodeIgniter.php(502): CodeIgniter\CodeIgniter->runController(Object(App\Controllers\Inscription))
11 SYSTEMPATH\CodeIgniter.php(361): CodeIgniter\CodeIgniter->handleRequest(null, Object(Config\Cache), false)
12 FCPATH\index.php(79): CodeIgniter\CodeIgniter->run()
ERROR - 2024-02-20 16:01:59 --> mysqli_sql_exception: Cannot add or update a child row: a foreign key constraint fails (`bdd_test`.`utilisateur`, CONSTRAINT `utilisateur_ibfk_1` FOREIGN KEY (`id_user_societe`) REFERENCES `societe` (`id_societe`)) in C:\Users\user\xampp\htdocs\v4bis\system\Database\MySQLi\Connection.php:306
Stack trace:
#0 C:\Users\user\xampp\htdocs\v4bis\system\Database\MySQLi\Connection.php(306): mysqli->query('INSERT INTO `ut...', 0)
#1 C:\Users\user\xampp\htdocs\v4bis\system\Database\BaseConnection.php(693): CodeIgniter\Database\MySQLi\Connection->execute('INSERT INTO `ut...')
#2 C:\Users\user\xampp\htdocs\v4bis\system\Database\BaseConnection.php(607): CodeIgniter\Database\BaseConnection->simpleQuery('INSERT INTO `ut...')
#3 C:\Users\user\xampp\htdocs\v4bis\system\Database\BaseBuilder.php(2307): CodeIgniter\Database\BaseConnection->query('INSERT INTO `ut...', Array, false)
#4 C:\Users\user\xampp\htdocs\v4bis\system\Model.php(326): CodeIgniter\Database\BaseBuilder->insert()
#5 C:\Users\user\xampp\htdocs\v4bis\system\BaseModel.php(802): CodeIgniter\Model->doInsert(Array)
#6 C:\Users\user\xampp\htdocs\v4bis\system\Model.php(744): CodeIgniter\BaseModel->insert(Array, true)
#7 C:\Users\user\xampp\htdocs\v4bis\app\Controllers\Inscription.php(50): CodeIgniter\Model->insert(Array)
#8 C:\Users\user\xampp\htdocs\v4bis\system\CodeIgniter.php(941): App\Controllers\Inscription->enregistrement()
#9 C:\Users\user\xampp\htdocs\v4bis\system\CodeIgniter.php(502): CodeIgniter\CodeIgniter->runController(Object(App\Controllers\Inscription))
#10 C:\Users\user\xampp\htdocs\v4bis\system\CodeIgniter.php(361): CodeIgniter\CodeIgniter->handleRequest(NULL, Object(Config\Cache), false)
#11 C:\Users\user\xampp\htdocs\v4bis\index.php(79): CodeIgniter\CodeIgniter->run()
#12 {main}
CRITICAL - 2024-02-20 16:01:59 --> CodeIgniter\Database\Exceptions\DatabaseException: Cannot add or update a child row: a foreign key constraint fails (`bdd_test`.`utilisateur`, CONSTRAINT `utilisateur_ibfk_1` FOREIGN KEY (`id_user_societe`) REFERENCES `societe` (`id_societe`))
in SYSTEMPATH\Database\BaseConnection.php on line 647.
 1 SYSTEMPATH\Database\BaseBuilder.php(2307): CodeIgniter\Database\BaseConnection->query('INSERT INTO `utilisateur` (`societe`, `mdp`, `date_création`, `date_modification`) VALUES (:societe:, :mdp:, :date_création:, :date_modification:)', [...], false)
 2 SYSTEMPATH\Model.php(326): CodeIgniter\Database\BaseBuilder->insert()
 3 SYSTEMPATH\BaseModel.php(802): CodeIgniter\Model->doInsert([...])
 4 SYSTEMPATH\Model.php(744): CodeIgniter\BaseModel->insert([...], true)
 5 APPPATH\Controllers\Inscription.php(50): CodeIgniter\Model->insert([...])
 6 SYSTEMPATH\CodeIgniter.php(941): App\Controllers\Inscription->enregistrement()
 7 SYSTEMPATH\CodeIgniter.php(502): CodeIgniter\CodeIgniter->runController(Object(App\Controllers\Inscription))
 8 SYSTEMPATH\CodeIgniter.php(361): CodeIgniter\CodeIgniter->handleRequest(null, Object(Config\Cache), false)
 9 FCPATH\index.php(79): CodeIgniter\CodeIgniter->run()
CRITICAL - 2024-02-20 16:01:59 --> [Caused by] CodeIgniter\Database\Exceptions\DatabaseException: Cannot add or update a child row: a foreign key constraint fails (`bdd_test`.`utilisateur`, CONSTRAINT `utilisateur_ibfk_1` FOREIGN KEY (`id_user_societe`) REFERENCES `societe` (`id_societe`))
in SYSTEMPATH\Database\MySQLi\Connection.php on line 311.
 1 SYSTEMPATH\Database\BaseConnection.php(693): CodeIgniter\Database\MySQLi\Connection->execute('INSERT INTO `utilisateur` (`societe`, `mdp`, `date_création`, `date_modification`) VALUES (\'yanis\', \'$2y$10$9orP2HSDJcQfEzWMgk/kW.tnzWWPTvPrpNje5ITQE75UFx1Es6cZm\', \'2024-02-20 16:01:59\', \'2024-02-20 16:01:59\')')
 2 SYSTEMPATH\Database\BaseConnection.php(607): CodeIgniter\Database\BaseConnection->simpleQuery('INSERT INTO `utilisateur` (`societe`, `mdp`, `date_création`, `date_modification`) VALUES (\'yanis\', \'$2y$10$9orP2HSDJcQfEzWMgk/kW.tnzWWPTvPrpNje5ITQE75UFx1Es6cZm\', \'2024-02-20 16:01:59\', \'2024-02-20 16:01:59\')')
 3 SYSTEMPATH\Database\BaseBuilder.php(2307): CodeIgniter\Database\BaseConnection->query('INSERT INTO `utilisateur` (`societe`, `mdp`, `date_création`, `date_modification`) VALUES (:societe:, :mdp:, :date_création:, :date_modification:)', [...], false)
 4 SYSTEMPATH\Model.php(326): CodeIgniter\Database\BaseBuilder->insert()
 5 SYSTEMPATH\BaseModel.php(802): CodeIgniter\Model->doInsert([...])
 6 SYSTEMPATH\Model.php(744): CodeIgniter\BaseModel->insert([...], true)
 7 APPPATH\Controllers\Inscription.php(50): CodeIgniter\Model->insert([...])
 8 SYSTEMPATH\CodeIgniter.php(941): App\Controllers\Inscription->enregistrement()
 9 SYSTEMPATH\CodeIgniter.php(502): CodeIgniter\CodeIgniter->runController(Object(App\Controllers\Inscription))
10 SYSTEMPATH\CodeIgniter.php(361): CodeIgniter\CodeIgniter->handleRequest(null, Object(Config\Cache), false)
11 FCPATH\index.php(79): CodeIgniter\CodeIgniter->run()
CRITICAL - 2024-02-20 16:01:59 --> [Caused by] mysqli_sql_exception: Cannot add or update a child row: a foreign key constraint fails (`bdd_test`.`utilisateur`, CONSTRAINT `utilisateur_ibfk_1` FOREIGN KEY (`id_user_societe`) REFERENCES `societe` (`id_societe`))
in SYSTEMPATH\Database\MySQLi\Connection.php on line 306.
 1 SYSTEMPATH\Database\MySQLi\Connection.php(306): mysqli->query('INSERT INTO `utilisateur` (`societe`, `mdp`, `date_création`, `date_modification`) VALUES (\'yanis\', \'$2y$10$9orP2HSDJcQfEzWMgk/kW.tnzWWPTvPrpNje5ITQE75UFx1Es6cZm\', \'2024-02-20 16:01:59\', \'2024-02-20 16:01:59\')', 0)
 2 SYSTEMPATH\Database\BaseConnection.php(693): CodeIgniter\Database\MySQLi\Connection->execute('INSERT INTO `utilisateur` (`societe`, `mdp`, `date_création`, `date_modification`) VALUES (\'yanis\', \'$2y$10$9orP2HSDJcQfEzWMgk/kW.tnzWWPTvPrpNje5ITQE75UFx1Es6cZm\', \'2024-02-20 16:01:59\', \'2024-02-20 16:01:59\')')
 3 SYSTEMPATH\Database\BaseConnection.php(607): CodeIgniter\Database\BaseConnection->simpleQuery('INSERT INTO `utilisateur` (`societe`, `mdp`, `date_création`, `date_modification`) VALUES (\'yanis\', \'$2y$10$9orP2HSDJcQfEzWMgk/kW.tnzWWPTvPrpNje5ITQE75UFx1Es6cZm\', \'2024-02-20 16:01:59\', \'2024-02-20 16:01:59\')')
 4 SYSTEMPATH\Database\BaseBuilder.php(2307): CodeIgniter\Database\BaseConnection->query('INSERT INTO `utilisateur` (`societe`, `mdp`, `date_création`, `date_modification`) VALUES (:societe:, :mdp:, :date_création:, :date_modification:)', [...], false)
 5 SYSTEMPATH\Model.php(326): CodeIgniter\Database\BaseBuilder->insert()
 6 SYSTEMPATH\BaseModel.php(802): CodeIgniter\Model->doInsert([...])
 7 SYSTEMPATH\Model.php(744): CodeIgniter\BaseModel->insert([...], true)
 8 APPPATH\Controllers\Inscription.php(50): CodeIgniter\Model->insert([...])
 9 SYSTEMPATH\CodeIgniter.php(941): App\Controllers\Inscription->enregistrement()
10 SYSTEMPATH\CodeIgniter.php(502): CodeIgniter\CodeIgniter->runController(Object(App\Controllers\Inscription))
11 SYSTEMPATH\CodeIgniter.php(361): CodeIgniter\CodeIgniter->handleRequest(null, Object(Config\Cache), false)
12 FCPATH\index.php(79): CodeIgniter\CodeIgniter->run()
ERROR - 2024-02-20 16:03:42 --> mysqli_sql_exception: Cannot add or update a child row: a foreign key constraint fails (`bdd_test`.`utilisateur`, CONSTRAINT `utilisateur_ibfk_1` FOREIGN KEY (`id_user_societe`) REFERENCES `societe` (`id_societe`)) in C:\Users\user\xampp\htdocs\v4bis\system\Database\MySQLi\Connection.php:306
Stack trace:
#0 C:\Users\user\xampp\htdocs\v4bis\system\Database\MySQLi\Connection.php(306): mysqli->query('INSERT INTO `ut...', 0)
#1 C:\Users\user\xampp\htdocs\v4bis\system\Database\BaseConnection.php(693): CodeIgniter\Database\MySQLi\Connection->execute('INSERT INTO `ut...')
#2 C:\Users\user\xampp\htdocs\v4bis\system\Database\BaseConnection.php(607): CodeIgniter\Database\BaseConnection->simpleQuery('INSERT INTO `ut...')
#3 C:\Users\user\xampp\htdocs\v4bis\system\Database\BaseBuilder.php(2307): CodeIgniter\Database\BaseConnection->query('INSERT INTO `ut...', Array, false)
#4 C:\Users\user\xampp\htdocs\v4bis\system\Model.php(326): CodeIgniter\Database\BaseBuilder->insert()
#5 C:\Users\user\xampp\htdocs\v4bis\system\BaseModel.php(802): CodeIgniter\Model->doInsert(Array)
#6 C:\Users\user\xampp\htdocs\v4bis\system\Model.php(744): CodeIgniter\BaseModel->insert(Array, true)
#7 C:\Users\user\xampp\htdocs\v4bis\app\Controllers\Inscription.php(50): CodeIgniter\Model->insert(Array)
#8 C:\Users\user\xampp\htdocs\v4bis\system\CodeIgniter.php(941): App\Controllers\Inscription->enregistrement()
#9 C:\Users\user\xampp\htdocs\v4bis\system\CodeIgniter.php(502): CodeIgniter\CodeIgniter->runController(Object(App\Controllers\Inscription))
#10 C:\Users\user\xampp\htdocs\v4bis\system\CodeIgniter.php(361): CodeIgniter\CodeIgniter->handleRequest(NULL, Object(Config\Cache), false)
#11 C:\Users\user\xampp\htdocs\v4bis\index.php(79): CodeIgniter\CodeIgniter->run()
#12 {main}
CRITICAL - 2024-02-20 16:03:42 --> CodeIgniter\Database\Exceptions\DatabaseException: Cannot add or update a child row: a foreign key constraint fails (`bdd_test`.`utilisateur`, CONSTRAINT `utilisateur_ibfk_1` FOREIGN KEY (`id_user_societe`) REFERENCES `societe` (`id_societe`))
in SYSTEMPATH\Database\BaseConnection.php on line 647.
 1 SYSTEMPATH\Database\BaseBuilder.php(2307): CodeIgniter\Database\BaseConnection->query('INSERT INTO `utilisateur` (`societe`, `mdp`, `date_création`, `date_modification`) VALUES (:societe:, :mdp:, :date_création:, :date_modification:)', [...], false)
 2 SYSTEMPATH\Model.php(326): CodeIgniter\Database\BaseBuilder->insert()
 3 SYSTEMPATH\BaseModel.php(802): CodeIgniter\Model->doInsert([...])
 4 SYSTEMPATH\Model.php(744): CodeIgniter\BaseModel->insert([...], true)
 5 APPPATH\Controllers\Inscription.php(50): CodeIgniter\Model->insert([...])
 6 SYSTEMPATH\CodeIgniter.php(941): App\Controllers\Inscription->enregistrement()
 7 SYSTEMPATH\CodeIgniter.php(502): CodeIgniter\CodeIgniter->runController(Object(App\Controllers\Inscription))
 8 SYSTEMPATH\CodeIgniter.php(361): CodeIgniter\CodeIgniter->handleRequest(null, Object(Config\Cache), false)
 9 FCPATH\index.php(79): CodeIgniter\CodeIgniter->run()
CRITICAL - 2024-02-20 16:03:42 --> [Caused by] CodeIgniter\Database\Exceptions\DatabaseException: Cannot add or update a child row: a foreign key constraint fails (`bdd_test`.`utilisateur`, CONSTRAINT `utilisateur_ibfk_1` FOREIGN KEY (`id_user_societe`) REFERENCES `societe` (`id_societe`))
in SYSTEMPATH\Database\MySQLi\Connection.php on line 311.
 1 SYSTEMPATH\Database\BaseConnection.php(693): CodeIgniter\Database\MySQLi\Connection->execute('INSERT INTO `utilisateur` (`societe`, `mdp`, `date_création`, `date_modification`) VALUES (\'asminfo\', \'$2y$10$KUnYfNVha4reFA.j8iCt4eLrl6cJTQcJlvXhMRKhhwRWoZU1Z3T9W\', \'2024-02-20 16:03:42\', \'2024-02-20 16:03:42\')')
 2 SYSTEMPATH\Database\BaseConnection.php(607): CodeIgniter\Database\BaseConnection->simpleQuery('INSERT INTO `utilisateur` (`societe`, `mdp`, `date_création`, `date_modification`) VALUES (\'asminfo\', \'$2y$10$KUnYfNVha4reFA.j8iCt4eLrl6cJTQcJlvXhMRKhhwRWoZU1Z3T9W\', \'2024-02-20 16:03:42\', \'2024-02-20 16:03:42\')')
 3 SYSTEMPATH\Database\BaseBuilder.php(2307): CodeIgniter\Database\BaseConnection->query('INSERT INTO `utilisateur` (`societe`, `mdp`, `date_création`, `date_modification`) VALUES (:societe:, :mdp:, :date_création:, :date_modification:)', [...], false)
 4 SYSTEMPATH\Model.php(326): CodeIgniter\Database\BaseBuilder->insert()
 5 SYSTEMPATH\BaseModel.php(802): CodeIgniter\Model->doInsert([...])
 6 SYSTEMPATH\Model.php(744): CodeIgniter\BaseModel->insert([...], true)
 7 APPPATH\Controllers\Inscription.php(50): CodeIgniter\Model->insert([...])
 8 SYSTEMPATH\CodeIgniter.php(941): App\Controllers\Inscription->enregistrement()
 9 SYSTEMPATH\CodeIgniter.php(502): CodeIgniter\CodeIgniter->runController(Object(App\Controllers\Inscription))
10 SYSTEMPATH\CodeIgniter.php(361): CodeIgniter\CodeIgniter->handleRequest(null, Object(Config\Cache), false)
11 FCPATH\index.php(79): CodeIgniter\CodeIgniter->run()
CRITICAL - 2024-02-20 16:03:42 --> [Caused by] mysqli_sql_exception: Cannot add or update a child row: a foreign key constraint fails (`bdd_test`.`utilisateur`, CONSTRAINT `utilisateur_ibfk_1` FOREIGN KEY (`id_user_societe`) REFERENCES `societe` (`id_societe`))
in SYSTEMPATH\Database\MySQLi\Connection.php on line 306.
 1 SYSTEMPATH\Database\MySQLi\Connection.php(306): mysqli->query('INSERT INTO `utilisateur` (`societe`, `mdp`, `date_création`, `date_modification`) VALUES (\'asminfo\', \'$2y$10$KUnYfNVha4reFA.j8iCt4eLrl6cJTQcJlvXhMRKhhwRWoZU1Z3T9W\', \'2024-02-20 16:03:42\', \'2024-02-20 16:03:42\')', 0)
 2 SYSTEMPATH\Database\BaseConnection.php(693): CodeIgniter\Database\MySQLi\Connection->execute('INSERT INTO `utilisateur` (`societe`, `mdp`, `date_création`, `date_modification`) VALUES (\'asminfo\', \'$2y$10$KUnYfNVha4reFA.j8iCt4eLrl6cJTQcJlvXhMRKhhwRWoZU1Z3T9W\', \'2024-02-20 16:03:42\', \'2024-02-20 16:03:42\')')
 3 SYSTEMPATH\Database\BaseConnection.php(607): CodeIgniter\Database\BaseConnection->simpleQuery('INSERT INTO `utilisateur` (`societe`, `mdp`, `date_création`, `date_modification`) VALUES (\'asminfo\', \'$2y$10$KUnYfNVha4reFA.j8iCt4eLrl6cJTQcJlvXhMRKhhwRWoZU1Z3T9W\', \'2024-02-20 16:03:42\', \'2024-02-20 16:03:42\')')
 4 SYSTEMPATH\Database\BaseBuilder.php(2307): CodeIgniter\Database\BaseConnection->query('INSERT INTO `utilisateur` (`societe`, `mdp`, `date_création`, `date_modification`) VALUES (:societe:, :mdp:, :date_création:, :date_modification:)', [...], false)
 5 SYSTEMPATH\Model.php(326): CodeIgniter\Database\BaseBuilder->insert()
 6 SYSTEMPATH\BaseModel.php(802): CodeIgniter\Model->doInsert([...])
 7 SYSTEMPATH\Model.php(744): CodeIgniter\BaseModel->insert([...], true)
 8 APPPATH\Controllers\Inscription.php(50): CodeIgniter\Model->insert([...])
 9 SYSTEMPATH\CodeIgniter.php(941): App\Controllers\Inscription->enregistrement()
10 SYSTEMPATH\CodeIgniter.php(502): CodeIgniter\CodeIgniter->runController(Object(App\Controllers\Inscription))
11 SYSTEMPATH\CodeIgniter.php(361): CodeIgniter\CodeIgniter->handleRequest(null, Object(Config\Cache), false)
12 FCPATH\index.php(79): CodeIgniter\CodeIgniter->run()
ERROR - 2024-02-20 16:12:01 --> mysqli_sql_exception: Cannot add or update a child row: a foreign key constraint fails (`bdd_test`.`utilisateur`, CONSTRAINT `utilisateur_ibfk_1` FOREIGN KEY (`id_user_societe`) REFERENCES `societe` (`id_societe`)) in C:\Users\user\xampp\htdocs\v4bis\system\Database\MySQLi\Connection.php:306
Stack trace:
#0 C:\Users\user\xampp\htdocs\v4bis\system\Database\MySQLi\Connection.php(306): mysqli->query('INSERT INTO `ut...', 0)
#1 C:\Users\user\xampp\htdocs\v4bis\system\Database\BaseConnection.php(693): CodeIgniter\Database\MySQLi\Connection->execute('INSERT INTO `ut...')
#2 C:\Users\user\xampp\htdocs\v4bis\system\Database\BaseConnection.php(607): CodeIgniter\Database\BaseConnection->simpleQuery('INSERT INTO `ut...')
#3 C:\Users\user\xampp\htdocs\v4bis\system\Database\BaseBuilder.php(2307): CodeIgniter\Database\BaseConnection->query('INSERT INTO `ut...', Array, false)
#4 C:\Users\user\xampp\htdocs\v4bis\system\Model.php(326): CodeIgniter\Database\BaseBuilder->insert()
#5 C:\Users\user\xampp\htdocs\v4bis\system\BaseModel.php(802): CodeIgniter\Model->doInsert(Array)
#6 C:\Users\user\xampp\htdocs\v4bis\system\Model.php(744): CodeIgniter\BaseModel->insert(Array, true)
#7 C:\Users\user\xampp\htdocs\v4bis\app\Controllers\Inscription.php(52): CodeIgniter\Model->insert(Array)
#8 C:\Users\user\xampp\htdocs\v4bis\system\CodeIgniter.php(941): App\Controllers\Inscription->enregistrement()
#9 C:\Users\user\xampp\htdocs\v4bis\system\CodeIgniter.php(502): CodeIgniter\CodeIgniter->runController(Object(App\Controllers\Inscription))
#10 C:\Users\user\xampp\htdocs\v4bis\system\CodeIgniter.php(361): CodeIgniter\CodeIgniter->handleRequest(NULL, Object(Config\Cache), false)
#11 C:\Users\user\xampp\htdocs\v4bis\index.php(79): CodeIgniter\CodeIgniter->run()
#12 {main}
CRITICAL - 2024-02-20 16:12:01 --> CodeIgniter\Database\Exceptions\DatabaseException: Cannot add or update a child row: a foreign key constraint fails (`bdd_test`.`utilisateur`, CONSTRAINT `utilisateur_ibfk_1` FOREIGN KEY (`id_user_societe`) REFERENCES `societe` (`id_societe`))
in SYSTEMPATH\Database\BaseConnection.php on line 647.
 1 SYSTEMPATH\Database\BaseBuilder.php(2307): CodeIgniter\Database\BaseConnection->query('INSERT INTO `utilisateur` (`societe`, `mdp`, `date_création`, `date_modification`) VALUES (:societe:, :mdp:, :date_création:, :date_modification:)', [...], false)
 2 SYSTEMPATH\Model.php(326): CodeIgniter\Database\BaseBuilder->insert()
 3 SYSTEMPATH\BaseModel.php(802): CodeIgniter\Model->doInsert([...])
 4 SYSTEMPATH\Model.php(744): CodeIgniter\BaseModel->insert([...], true)
 5 APPPATH\Controllers\Inscription.php(52): CodeIgniter\Model->insert([...])
 6 SYSTEMPATH\CodeIgniter.php(941): App\Controllers\Inscription->enregistrement()
 7 SYSTEMPATH\CodeIgniter.php(502): CodeIgniter\CodeIgniter->runController(Object(App\Controllers\Inscription))
 8 SYSTEMPATH\CodeIgniter.php(361): CodeIgniter\CodeIgniter->handleRequest(null, Object(Config\Cache), false)
 9 FCPATH\index.php(79): CodeIgniter\CodeIgniter->run()
CRITICAL - 2024-02-20 16:12:01 --> [Caused by] CodeIgniter\Database\Exceptions\DatabaseException: Cannot add or update a child row: a foreign key constraint fails (`bdd_test`.`utilisateur`, CONSTRAINT `utilisateur_ibfk_1` FOREIGN KEY (`id_user_societe`) REFERENCES `societe` (`id_societe`))
in SYSTEMPATH\Database\MySQLi\Connection.php on line 311.
 1 SYSTEMPATH\Database\BaseConnection.php(693): CodeIgniter\Database\MySQLi\Connection->execute('INSERT INTO `utilisateur` (`societe`, `mdp`, `date_création`, `date_modification`) VALUES (\'asminfo\', \'$2y$10$yQwGNlEjo66.2Tpeb/zDV.7cYmEaIkuwkSOq2fUknXPhvYBIjBdfW\', \'2024-02-20 16:12:01\', \'2024-02-20 16:12:01\')')
 2 SYSTEMPATH\Database\BaseConnection.php(607): CodeIgniter\Database\BaseConnection->simpleQuery('INSERT INTO `utilisateur` (`societe`, `mdp`, `date_création`, `date_modification`) VALUES (\'asminfo\', \'$2y$10$yQwGNlEjo66.2Tpeb/zDV.7cYmEaIkuwkSOq2fUknXPhvYBIjBdfW\', \'2024-02-20 16:12:01\', \'2024-02-20 16:12:01\')')
 3 SYSTEMPATH\Database\BaseBuilder.php(2307): CodeIgniter\Database\BaseConnection->query('INSERT INTO `utilisateur` (`societe`, `mdp`, `date_création`, `date_modification`) VALUES (:societe:, :mdp:, :date_création:, :date_modification:)', [...], false)
 4 SYSTEMPATH\Model.php(326): CodeIgniter\Database\BaseBuilder->insert()
 5 SYSTEMPATH\BaseModel.php(802): CodeIgniter\Model->doInsert([...])
 6 SYSTEMPATH\Model.php(744): CodeIgniter\BaseModel->insert([...], true)
 7 APPPATH\Controllers\Inscription.php(52): CodeIgniter\Model->insert([...])
 8 SYSTEMPATH\CodeIgniter.php(941): App\Controllers\Inscription->enregistrement()
 9 SYSTEMPATH\CodeIgniter.php(502): CodeIgniter\CodeIgniter->runController(Object(App\Controllers\Inscription))
10 SYSTEMPATH\CodeIgniter.php(361): CodeIgniter\CodeIgniter->handleRequest(null, Object(Config\Cache), false)
11 FCPATH\index.php(79): CodeIgniter\CodeIgniter->run()
CRITICAL - 2024-02-20 16:12:01 --> [Caused by] mysqli_sql_exception: Cannot add or update a child row: a foreign key constraint fails (`bdd_test`.`utilisateur`, CONSTRAINT `utilisateur_ibfk_1` FOREIGN KEY (`id_user_societe`) REFERENCES `societe` (`id_societe`))
in SYSTEMPATH\Database\MySQLi\Connection.php on line 306.
 1 SYSTEMPATH\Database\MySQLi\Connection.php(306): mysqli->query('INSERT INTO `utilisateur` (`societe`, `mdp`, `date_création`, `date_modification`) VALUES (\'asminfo\', \'$2y$10$yQwGNlEjo66.2Tpeb/zDV.7cYmEaIkuwkSOq2fUknXPhvYBIjBdfW\', \'2024-02-20 16:12:01\', \'2024-02-20 16:12:01\')', 0)
 2 SYSTEMPATH\Database\BaseConnection.php(693): CodeIgniter\Database\MySQLi\Connection->execute('INSERT INTO `utilisateur` (`societe`, `mdp`, `date_création`, `date_modification`) VALUES (\'asminfo\', \'$2y$10$yQwGNlEjo66.2Tpeb/zDV.7cYmEaIkuwkSOq2fUknXPhvYBIjBdfW\', \'2024-02-20 16:12:01\', \'2024-02-20 16:12:01\')')
 3 SYSTEMPATH\Database\BaseConnection.php(607): CodeIgniter\Database\BaseConnection->simpleQuery('INSERT INTO `utilisateur` (`societe`, `mdp`, `date_création`, `date_modification`) VALUES (\'asminfo\', \'$2y$10$yQwGNlEjo66.2Tpeb/zDV.7cYmEaIkuwkSOq2fUknXPhvYBIjBdfW\', \'2024-02-20 16:12:01\', \'2024-02-20 16:12:01\')')
 4 SYSTEMPATH\Database\BaseBuilder.php(2307): CodeIgniter\Database\BaseConnection->query('INSERT INTO `utilisateur` (`societe`, `mdp`, `date_création`, `date_modification`) VALUES (:societe:, :mdp:, :date_création:, :date_modification:)', [...], false)
 5 SYSTEMPATH\Model.php(326): CodeIgniter\Database\BaseBuilder->insert()
 6 SYSTEMPATH\BaseModel.php(802): CodeIgniter\Model->doInsert([...])
 7 SYSTEMPATH\Model.php(744): CodeIgniter\BaseModel->insert([...], true)
 8 APPPATH\Controllers\Inscription.php(52): CodeIgniter\Model->insert([...])
 9 SYSTEMPATH\CodeIgniter.php(941): App\Controllers\Inscription->enregistrement()
10 SYSTEMPATH\CodeIgniter.php(502): CodeIgniter\CodeIgniter->runController(Object(App\Controllers\Inscription))
11 SYSTEMPATH\CodeIgniter.php(361): CodeIgniter\CodeIgniter->handleRequest(null, Object(Config\Cache), false)
12 FCPATH\index.php(79): CodeIgniter\CodeIgniter->run()
ERROR - 2024-02-20 16:12:30 --> mysqli_sql_exception: Cannot add or update a child row: a foreign key constraint fails (`bdd_test`.`utilisateur`, CONSTRAINT `utilisateur_ibfk_1` FOREIGN KEY (`id_user_societe`) REFERENCES `societe` (`id_societe`)) in C:\Users\user\xampp\htdocs\v4bis\system\Database\MySQLi\Connection.php:306
Stack trace:
#0 C:\Users\user\xampp\htdocs\v4bis\system\Database\MySQLi\Connection.php(306): mysqli->query('INSERT INTO `ut...', 0)
#1 C:\Users\user\xampp\htdocs\v4bis\system\Database\BaseConnection.php(693): CodeIgniter\Database\MySQLi\Connection->execute('INSERT INTO `ut...')
#2 C:\Users\user\xampp\htdocs\v4bis\system\Database\BaseConnection.php(607): CodeIgniter\Database\BaseConnection->simpleQuery('INSERT INTO `ut...')
#3 C:\Users\user\xampp\htdocs\v4bis\system\Database\BaseBuilder.php(2307): CodeIgniter\Database\BaseConnection->query('INSERT INTO `ut...', Array, false)
#4 C:\Users\user\xampp\htdocs\v4bis\system\Model.php(326): CodeIgniter\Database\BaseBuilder->insert()
#5 C:\Users\user\xampp\htdocs\v4bis\system\BaseModel.php(802): CodeIgniter\Model->doInsert(Array)
#6 C:\Users\user\xampp\htdocs\v4bis\system\Model.php(744): CodeIgniter\BaseModel->insert(Array, true)
#7 C:\Users\user\xampp\htdocs\v4bis\app\Controllers\Inscription.php(45): CodeIgniter\Model->insert(Array)
#8 C:\Users\user\xampp\htdocs\v4bis\system\CodeIgniter.php(941): App\Controllers\Inscription->enregistrement()
#9 C:\Users\user\xampp\htdocs\v4bis\system\CodeIgniter.php(502): CodeIgniter\CodeIgniter->runController(Object(App\Controllers\Inscription))
#10 C:\Users\user\xampp\htdocs\v4bis\system\CodeIgniter.php(361): CodeIgniter\CodeIgniter->handleRequest(NULL, Object(Config\Cache), false)
#11 C:\Users\user\xampp\htdocs\v4bis\index.php(79): CodeIgniter\CodeIgniter->run()
#12 {main}
CRITICAL - 2024-02-20 16:12:30 --> CodeIgniter\Database\Exceptions\DatabaseException: Cannot add or update a child row: a foreign key constraint fails (`bdd_test`.`utilisateur`, CONSTRAINT `utilisateur_ibfk_1` FOREIGN KEY (`id_user_societe`) REFERENCES `societe` (`id_societe`))
in SYSTEMPATH\Database\BaseConnection.php on line 647.
 1 SYSTEMPATH\Database\BaseBuilder.php(2307): CodeIgniter\Database\BaseConnection->query('INSERT INTO `utilisateur` (`societe`, `mdp`, `date_création`, `date_modification`) VALUES (:societe:, :mdp:, :date_création:, :date_modification:)', [...], false)
 2 SYSTEMPATH\Model.php(326): CodeIgniter\Database\BaseBuilder->insert()
 3 SYSTEMPATH\BaseModel.php(802): CodeIgniter\Model->doInsert([...])
 4 SYSTEMPATH\Model.php(744): CodeIgniter\BaseModel->insert([...], true)
 5 APPPATH\Controllers\Inscription.php(45): CodeIgniter\Model->insert([...])
 6 SYSTEMPATH\CodeIgniter.php(941): App\Controllers\Inscription->enregistrement()
 7 SYSTEMPATH\CodeIgniter.php(502): CodeIgniter\CodeIgniter->runController(Object(App\Controllers\Inscription))
 8 SYSTEMPATH\CodeIgniter.php(361): CodeIgniter\CodeIgniter->handleRequest(null, Object(Config\Cache), false)
 9 FCPATH\index.php(79): CodeIgniter\CodeIgniter->run()
CRITICAL - 2024-02-20 16:12:30 --> [Caused by] CodeIgniter\Database\Exceptions\DatabaseException: Cannot add or update a child row: a foreign key constraint fails (`bdd_test`.`utilisateur`, CONSTRAINT `utilisateur_ibfk_1` FOREIGN KEY (`id_user_societe`) REFERENCES `societe` (`id_societe`))
in SYSTEMPATH\Database\MySQLi\Connection.php on line 311.
 1 SYSTEMPATH\Database\BaseConnection.php(693): CodeIgniter\Database\MySQLi\Connection->execute('INSERT INTO `utilisateur` (`societe`, `mdp`, `date_création`, `date_modification`) VALUES (\'asminfo\', \'$2y$10$ttvb2/Rn0pVKu.m3.OK70eaLux75Q.I/I397ooTqGIpt/QRh4s2/.\', \'2024-02-20 16:12:30\', \'2024-02-20 16:12:30\')')
 2 SYSTEMPATH\Database\BaseConnection.php(607): CodeIgniter\Database\BaseConnection->simpleQuery('INSERT INTO `utilisateur` (`societe`, `mdp`, `date_création`, `date_modification`) VALUES (\'asminfo\', \'$2y$10$ttvb2/Rn0pVKu.m3.OK70eaLux75Q.I/I397ooTqGIpt/QRh4s2/.\', \'2024-02-20 16:12:30\', \'2024-02-20 16:12:30\')')
 3 SYSTEMPATH\Database\BaseBuilder.php(2307): CodeIgniter\Database\BaseConnection->query('INSERT INTO `utilisateur` (`societe`, `mdp`, `date_création`, `date_modification`) VALUES (:societe:, :mdp:, :date_création:, :date_modification:)', [...], false)
 4 SYSTEMPATH\Model.php(326): CodeIgniter\Database\BaseBuilder->insert()
 5 SYSTEMPATH\BaseModel.php(802): CodeIgniter\Model->doInsert([...])
 6 SYSTEMPATH\Model.php(744): CodeIgniter\BaseModel->insert([...], true)
 7 APPPATH\Controllers\Inscription.php(45): CodeIgniter\Model->insert([...])
 8 SYSTEMPATH\CodeIgniter.php(941): App\Controllers\Inscription->enregistrement()
 9 SYSTEMPATH\CodeIgniter.php(502): CodeIgniter\CodeIgniter->runController(Object(App\Controllers\Inscription))
10 SYSTEMPATH\CodeIgniter.php(361): CodeIgniter\CodeIgniter->handleRequest(null, Object(Config\Cache), false)
11 FCPATH\index.php(79): CodeIgniter\CodeIgniter->run()
CRITICAL - 2024-02-20 16:12:30 --> [Caused by] mysqli_sql_exception: Cannot add or update a child row: a foreign key constraint fails (`bdd_test`.`utilisateur`, CONSTRAINT `utilisateur_ibfk_1` FOREIGN KEY (`id_user_societe`) REFERENCES `societe` (`id_societe`))
in SYSTEMPATH\Database\MySQLi\Connection.php on line 306.
 1 SYSTEMPATH\Database\MySQLi\Connection.php(306): mysqli->query('INSERT INTO `utilisateur` (`societe`, `mdp`, `date_création`, `date_modification`) VALUES (\'asminfo\', \'$2y$10$ttvb2/Rn0pVKu.m3.OK70eaLux75Q.I/I397ooTqGIpt/QRh4s2/.\', \'2024-02-20 16:12:30\', \'2024-02-20 16:12:30\')', 0)
 2 SYSTEMPATH\Database\BaseConnection.php(693): CodeIgniter\Database\MySQLi\Connection->execute('INSERT INTO `utilisateur` (`societe`, `mdp`, `date_création`, `date_modification`) VALUES (\'asminfo\', \'$2y$10$ttvb2/Rn0pVKu.m3.OK70eaLux75Q.I/I397ooTqGIpt/QRh4s2/.\', \'2024-02-20 16:12:30\', \'2024-02-20 16:12:30\')')
 3 SYSTEMPATH\Database\BaseConnection.php(607): CodeIgniter\Database\BaseConnection->simpleQuery('INSERT INTO `utilisateur` (`societe`, `mdp`, `date_création`, `date_modification`) VALUES (\'asminfo\', \'$2y$10$ttvb2/Rn0pVKu.m3.OK70eaLux75Q.I/I397ooTqGIpt/QRh4s2/.\', \'2024-02-20 16:12:30\', \'2024-02-20 16:12:30\')')
 4 SYSTEMPATH\Database\BaseBuilder.php(2307): CodeIgniter\Database\BaseConnection->query('INSERT INTO `utilisateur` (`societe`, `mdp`, `date_création`, `date_modification`) VALUES (:societe:, :mdp:, :date_création:, :date_modification:)', [...], false)
 5 SYSTEMPATH\Model.php(326): CodeIgniter\Database\BaseBuilder->insert()
 6 SYSTEMPATH\BaseModel.php(802): CodeIgniter\Model->doInsert([...])
 7 SYSTEMPATH\Model.php(744): CodeIgniter\BaseModel->insert([...], true)
 8 APPPATH\Controllers\Inscription.php(45): CodeIgniter\Model->insert([...])
 9 SYSTEMPATH\CodeIgniter.php(941): App\Controllers\Inscription->enregistrement()
10 SYSTEMPATH\CodeIgniter.php(502): CodeIgniter\CodeIgniter->runController(Object(App\Controllers\Inscription))
11 SYSTEMPATH\CodeIgniter.php(361): CodeIgniter\CodeIgniter->handleRequest(null, Object(Config\Cache), false)
12 FCPATH\index.php(79): CodeIgniter\CodeIgniter->run()
ERROR - 2024-02-20 16:13:40 --> mysqli_sql_exception: Cannot add or update a child row: a foreign key constraint fails (`bdd_test`.`utilisateur`, CONSTRAINT `utilisateur_ibfk_1` FOREIGN KEY (`id_user_societe`) REFERENCES `societe` (`id_societe`)) in C:\Users\user\xampp\htdocs\v4bis\system\Database\MySQLi\Connection.php:306
Stack trace:
#0 C:\Users\user\xampp\htdocs\v4bis\system\Database\MySQLi\Connection.php(306): mysqli->query('INSERT INTO `ut...', 0)
#1 C:\Users\user\xampp\htdocs\v4bis\system\Database\BaseConnection.php(693): CodeIgniter\Database\MySQLi\Connection->execute('INSERT INTO `ut...')
#2 C:\Users\user\xampp\htdocs\v4bis\system\Database\BaseConnection.php(607): CodeIgniter\Database\BaseConnection->simpleQuery('INSERT INTO `ut...')
#3 C:\Users\user\xampp\htdocs\v4bis\system\Database\BaseBuilder.php(2307): CodeIgniter\Database\BaseConnection->query('INSERT INTO `ut...', Array, false)
#4 C:\Users\user\xampp\htdocs\v4bis\system\Model.php(326): CodeIgniter\Database\BaseBuilder->insert()
#5 C:\Users\user\xampp\htdocs\v4bis\system\BaseModel.php(802): CodeIgniter\Model->doInsert(Array)
#6 C:\Users\user\xampp\htdocs\v4bis\system\Model.php(744): CodeIgniter\BaseModel->insert(Array, true)
#7 C:\Users\user\xampp\htdocs\v4bis\app\Controllers\Inscription.php(50): CodeIgniter\Model->insert(Array)
#8 C:\Users\user\xampp\htdocs\v4bis\system\CodeIgniter.php(941): App\Controllers\Inscription->enregistrement()
#9 C:\Users\user\xampp\htdocs\v4bis\system\CodeIgniter.php(502): CodeIgniter\CodeIgniter->runController(Object(App\Controllers\Inscription))
#10 C:\Users\user\xampp\htdocs\v4bis\system\CodeIgniter.php(361): CodeIgniter\CodeIgniter->handleRequest(NULL, Object(Config\Cache), false)
#11 C:\Users\user\xampp\htdocs\v4bis\index.php(79): CodeIgniter\CodeIgniter->run()
#12 {main}
CRITICAL - 2024-02-20 16:13:40 --> CodeIgniter\Database\Exceptions\DatabaseException: Cannot add or update a child row: a foreign key constraint fails (`bdd_test`.`utilisateur`, CONSTRAINT `utilisateur_ibfk_1` FOREIGN KEY (`id_user_societe`) REFERENCES `societe` (`id_societe`))
in SYSTEMPATH\Database\BaseConnection.php on line 647.
 1 SYSTEMPATH\Database\BaseBuilder.php(2307): CodeIgniter\Database\BaseConnection->query('INSERT INTO `utilisateur` (`societe`, `mdp`, `date_création`, `date_modification`) VALUES (:societe:, :mdp:, :date_création:, :date_modification:)', [...], false)
 2 SYSTEMPATH\Model.php(326): CodeIgniter\Database\BaseBuilder->insert()
 3 SYSTEMPATH\BaseModel.php(802): CodeIgniter\Model->doInsert([...])
 4 SYSTEMPATH\Model.php(744): CodeIgniter\BaseModel->insert([...], true)
 5 APPPATH\Controllers\Inscription.php(50): CodeIgniter\Model->insert([...])
 6 SYSTEMPATH\CodeIgniter.php(941): App\Controllers\Inscription->enregistrement()
 7 SYSTEMPATH\CodeIgniter.php(502): CodeIgniter\CodeIgniter->runController(Object(App\Controllers\Inscription))
 8 SYSTEMPATH\CodeIgniter.php(361): CodeIgniter\CodeIgniter->handleRequest(null, Object(Config\Cache), false)
 9 FCPATH\index.php(79): CodeIgniter\CodeIgniter->run()
CRITICAL - 2024-02-20 16:13:40 --> [Caused by] CodeIgniter\Database\Exceptions\DatabaseException: Cannot add or update a child row: a foreign key constraint fails (`bdd_test`.`utilisateur`, CONSTRAINT `utilisateur_ibfk_1` FOREIGN KEY (`id_user_societe`) REFERENCES `societe` (`id_societe`))
in SYSTEMPATH\Database\MySQLi\Connection.php on line 311.
 1 SYSTEMPATH\Database\BaseConnection.php(693): CodeIgniter\Database\MySQLi\Connection->execute('INSERT INTO `utilisateur` (`societe`, `mdp`, `date_création`, `date_modification`) VALUES (\'asminfo\', \'$2y$10$KfmIPv2Dm47iGU6Iu.m13OwIR7rKCiVmI5OlbEOePd2taqjcBiF5y\', \'2024-02-20 16:13:40\', \'2024-02-20 16:13:40\')')
 2 SYSTEMPATH\Database\BaseConnection.php(607): CodeIgniter\Database\BaseConnection->simpleQuery('INSERT INTO `utilisateur` (`societe`, `mdp`, `date_création`, `date_modification`) VALUES (\'asminfo\', \'$2y$10$KfmIPv2Dm47iGU6Iu.m13OwIR7rKCiVmI5OlbEOePd2taqjcBiF5y\', \'2024-02-20 16:13:40\', \'2024-02-20 16:13:40\')')
 3 SYSTEMPATH\Database\BaseBuilder.php(2307): CodeIgniter\Database\BaseConnection->query('INSERT INTO `utilisateur` (`societe`, `mdp`, `date_création`, `date_modification`) VALUES (:societe:, :mdp:, :date_création:, :date_modification:)', [...], false)
 4 SYSTEMPATH\Model.php(326): CodeIgniter\Database\BaseBuilder->insert()
 5 SYSTEMPATH\BaseModel.php(802): CodeIgniter\Model->doInsert([...])
 6 SYSTEMPATH\Model.php(744): CodeIgniter\BaseModel->insert([...], true)
 7 APPPATH\Controllers\Inscription.php(50): CodeIgniter\Model->insert([...])
 8 SYSTEMPATH\CodeIgniter.php(941): App\Controllers\Inscription->enregistrement()
 9 SYSTEMPATH\CodeIgniter.php(502): CodeIgniter\CodeIgniter->runController(Object(App\Controllers\Inscription))
10 SYSTEMPATH\CodeIgniter.php(361): CodeIgniter\CodeIgniter->handleRequest(null, Object(Config\Cache), false)
11 FCPATH\index.php(79): CodeIgniter\CodeIgniter->run()
CRITICAL - 2024-02-20 16:13:40 --> [Caused by] mysqli_sql_exception: Cannot add or update a child row: a foreign key constraint fails (`bdd_test`.`utilisateur`, CONSTRAINT `utilisateur_ibfk_1` FOREIGN KEY (`id_user_societe`) REFERENCES `societe` (`id_societe`))
in SYSTEMPATH\Database\MySQLi\Connection.php on line 306.
 1 SYSTEMPATH\Database\MySQLi\Connection.php(306): mysqli->query('INSERT INTO `utilisateur` (`societe`, `mdp`, `date_création`, `date_modification`) VALUES (\'asminfo\', \'$2y$10$KfmIPv2Dm47iGU6Iu.m13OwIR7rKCiVmI5OlbEOePd2taqjcBiF5y\', \'2024-02-20 16:13:40\', \'2024-02-20 16:13:40\')', 0)
 2 SYSTEMPATH\Database\BaseConnection.php(693): CodeIgniter\Database\MySQLi\Connection->execute('INSERT INTO `utilisateur` (`societe`, `mdp`, `date_création`, `date_modification`) VALUES (\'asminfo\', \'$2y$10$KfmIPv2Dm47iGU6Iu.m13OwIR7rKCiVmI5OlbEOePd2taqjcBiF5y\', \'2024-02-20 16:13:40\', \'2024-02-20 16:13:40\')')
 3 SYSTEMPATH\Database\BaseConnection.php(607): CodeIgniter\Database\BaseConnection->simpleQuery('INSERT INTO `utilisateur` (`societe`, `mdp`, `date_création`, `date_modification`) VALUES (\'asminfo\', \'$2y$10$KfmIPv2Dm47iGU6Iu.m13OwIR7rKCiVmI5OlbEOePd2taqjcBiF5y\', \'2024-02-20 16:13:40\', \'2024-02-20 16:13:40\')')
 4 SYSTEMPATH\Database\BaseBuilder.php(2307): CodeIgniter\Database\BaseConnection->query('INSERT INTO `utilisateur` (`societe`, `mdp`, `date_création`, `date_modification`) VALUES (:societe:, :mdp:, :date_création:, :date_modification:)', [...], false)
 5 SYSTEMPATH\Model.php(326): CodeIgniter\Database\BaseBuilder->insert()
 6 SYSTEMPATH\BaseModel.php(802): CodeIgniter\Model->doInsert([...])
 7 SYSTEMPATH\Model.php(744): CodeIgniter\BaseModel->insert([...], true)
 8 APPPATH\Controllers\Inscription.php(50): CodeIgniter\Model->insert([...])
 9 SYSTEMPATH\CodeIgniter.php(941): App\Controllers\Inscription->enregistrement()
10 SYSTEMPATH\CodeIgniter.php(502): CodeIgniter\CodeIgniter->runController(Object(App\Controllers\Inscription))
11 SYSTEMPATH\CodeIgniter.php(361): CodeIgniter\CodeIgniter->handleRequest(null, Object(Config\Cache), false)
12 FCPATH\index.php(79): CodeIgniter\CodeIgniter->run()
CRITICAL - 2024-02-20 16:19:08 --> Error: Cannot use object of type App\Models\UserModel as array
in APPPATH\Controllers\Inscription.php on line 43.
 1 SYSTEMPATH\CodeIgniter.php(941): App\Controllers\Inscription->enregistrement()
 2 SYSTEMPATH\CodeIgniter.php(502): CodeIgniter\CodeIgniter->runController(Object(App\Controllers\Inscription))
 3 SYSTEMPATH\CodeIgniter.php(361): CodeIgniter\CodeIgniter->handleRequest(null, Object(Config\Cache), false)
 4 FCPATH\index.php(79): CodeIgniter\CodeIgniter->run()
ERROR - 2024-02-20 16:25:49 --> mysqli_sql_exception: Cannot add or update a child row: a foreign key constraint fails (`bdd_test`.`utilisateur`, CONSTRAINT `utilisateur_ibfk_1` FOREIGN KEY (`id_user_societe`) REFERENCES `societe` (`id_societe`)) in C:\Users\user\xampp\htdocs\v4bis\system\Database\MySQLi\Connection.php:306
Stack trace:
#0 C:\Users\user\xampp\htdocs\v4bis\system\Database\MySQLi\Connection.php(306): mysqli->query('INSERT INTO `ut...', 0)
#1 C:\Users\user\xampp\htdocs\v4bis\system\Database\BaseConnection.php(693): CodeIgniter\Database\MySQLi\Connection->execute('INSERT INTO `ut...')
#2 C:\Users\user\xampp\htdocs\v4bis\system\Database\BaseConnection.php(607): CodeIgniter\Database\BaseConnection->simpleQuery('INSERT INTO `ut...')
#3 C:\Users\user\xampp\htdocs\v4bis\system\Database\BaseBuilder.php(2307): CodeIgniter\Database\BaseConnection->query('INSERT INTO `ut...', Array, false)
#4 C:\Users\user\xampp\htdocs\v4bis\system\Model.php(326): CodeIgniter\Database\BaseBuilder->insert()
#5 C:\Users\user\xampp\htdocs\v4bis\system\BaseModel.php(802): CodeIgniter\Model->doInsert(Array)
#6 C:\Users\user\xampp\htdocs\v4bis\system\Model.php(744): CodeIgniter\BaseModel->insert(Array, true)
#7 C:\Users\user\xampp\htdocs\v4bis\app\Controllers\Inscription.php(51): CodeIgniter\Model->insert(Array)
#8 C:\Users\user\xampp\htdocs\v4bis\system\CodeIgniter.php(941): App\Controllers\Inscription->enregistrement()
#9 C:\Users\user\xampp\htdocs\v4bis\system\CodeIgniter.php(502): CodeIgniter\CodeIgniter->runController(Object(App\Controllers\Inscription))
#10 C:\Users\user\xampp\htdocs\v4bis\system\CodeIgniter.php(361): CodeIgniter\CodeIgniter->handleRequest(NULL, Object(Config\Cache), false)
#11 C:\Users\user\xampp\htdocs\v4bis\index.php(79): CodeIgniter\CodeIgniter->run()
#12 {main}
CRITICAL - 2024-02-20 16:25:49 --> CodeIgniter\Database\Exceptions\DatabaseException: Cannot add or update a child row: a foreign key constraint fails (`bdd_test`.`utilisateur`, CONSTRAINT `utilisateur_ibfk_1` FOREIGN KEY (`id_user_societe`) REFERENCES `societe` (`id_societe`))
in SYSTEMPATH\Database\BaseConnection.php on line 647.
 1 SYSTEMPATH\Database\BaseBuilder.php(2307): CodeIgniter\Database\BaseConnection->query('INSERT INTO `utilisateur` (`societe`, `mdp`, `date_création`, `date_modification`) VALUES (:societe:, :mdp:, :date_création:, :date_modification:)', [...], false)
 2 SYSTEMPATH\Model.php(326): CodeIgniter\Database\BaseBuilder->insert()
 3 SYSTEMPATH\BaseModel.php(802): CodeIgniter\Model->doInsert([...])
 4 SYSTEMPATH\Model.php(744): CodeIgniter\BaseModel->insert([...], true)
 5 APPPATH\Controllers\Inscription.php(51): CodeIgniter\Model->insert([...])
 6 SYSTEMPATH\CodeIgniter.php(941): App\Controllers\Inscription->enregistrement()
 7 SYSTEMPATH\CodeIgniter.php(502): CodeIgniter\CodeIgniter->runController(Object(App\Controllers\Inscription))
 8 SYSTEMPATH\CodeIgniter.php(361): CodeIgniter\CodeIgniter->handleRequest(null, Object(Config\Cache), false)
 9 FCPATH\index.php(79): CodeIgniter\CodeIgniter->run()
CRITICAL - 2024-02-20 16:25:49 --> [Caused by] CodeIgniter\Database\Exceptions\DatabaseException: Cannot add or update a child row: a foreign key constraint fails (`bdd_test`.`utilisateur`, CONSTRAINT `utilisateur_ibfk_1` FOREIGN KEY (`id_user_societe`) REFERENCES `societe` (`id_societe`))
in SYSTEMPATH\Database\MySQLi\Connection.php on line 311.
 1 SYSTEMPATH\Database\BaseConnection.php(693): CodeIgniter\Database\MySQLi\Connection->execute('INSERT INTO `utilisateur` (`societe`, `mdp`, `date_création`, `date_modification`) VALUES (\'asminfo\', \'$2y$10$zOcOcAzhUprd1oKL89BKW.dJm750efHEPBjqjpvFUTeSzrexJdM6O\', \'2024-02-20 16:25:49\', \'2024-02-20 16:25:49\')')
 2 SYSTEMPATH\Database\BaseConnection.php(607): CodeIgniter\Database\BaseConnection->simpleQuery('INSERT INTO `utilisateur` (`societe`, `mdp`, `date_création`, `date_modification`) VALUES (\'asminfo\', \'$2y$10$zOcOcAzhUprd1oKL89BKW.dJm750efHEPBjqjpvFUTeSzrexJdM6O\', \'2024-02-20 16:25:49\', \'2024-02-20 16:25:49\')')
 3 SYSTEMPATH\Database\BaseBuilder.php(2307): CodeIgniter\Database\BaseConnection->query('INSERT INTO `utilisateur` (`societe`, `mdp`, `date_création`, `date_modification`) VALUES (:societe:, :mdp:, :date_création:, :date_modification:)', [...], false)
 4 SYSTEMPATH\Model.php(326): CodeIgniter\Database\BaseBuilder->insert()
 5 SYSTEMPATH\BaseModel.php(802): CodeIgniter\Model->doInsert([...])
 6 SYSTEMPATH\Model.php(744): CodeIgniter\BaseModel->insert([...], true)
 7 APPPATH\Controllers\Inscription.php(51): CodeIgniter\Model->insert([...])
 8 SYSTEMPATH\CodeIgniter.php(941): App\Controllers\Inscription->enregistrement()
 9 SYSTEMPATH\CodeIgniter.php(502): CodeIgniter\CodeIgniter->runController(Object(App\Controllers\Inscription))
10 SYSTEMPATH\CodeIgniter.php(361): CodeIgniter\CodeIgniter->handleRequest(null, Object(Config\Cache), false)
11 FCPATH\index.php(79): CodeIgniter\CodeIgniter->run()
CRITICAL - 2024-02-20 16:25:49 --> [Caused by] mysqli_sql_exception: Cannot add or update a child row: a foreign key constraint fails (`bdd_test`.`utilisateur`, CONSTRAINT `utilisateur_ibfk_1` FOREIGN KEY (`id_user_societe`) REFERENCES `societe` (`id_societe`))
in SYSTEMPATH\Database\MySQLi\Connection.php on line 306.
 1 SYSTEMPATH\Database\MySQLi\Connection.php(306): mysqli->query('INSERT INTO `utilisateur` (`societe`, `mdp`, `date_création`, `date_modification`) VALUES (\'asminfo\', \'$2y$10$zOcOcAzhUprd1oKL89BKW.dJm750efHEPBjqjpvFUTeSzrexJdM6O\', \'2024-02-20 16:25:49\', \'2024-02-20 16:25:49\')', 0)
 2 SYSTEMPATH\Database\BaseConnection.php(693): CodeIgniter\Database\MySQLi\Connection->execute('INSERT INTO `utilisateur` (`societe`, `mdp`, `date_création`, `date_modification`) VALUES (\'asminfo\', \'$2y$10$zOcOcAzhUprd1oKL89BKW.dJm750efHEPBjqjpvFUTeSzrexJdM6O\', \'2024-02-20 16:25:49\', \'2024-02-20 16:25:49\')')
 3 SYSTEMPATH\Database\BaseConnection.php(607): CodeIgniter\Database\BaseConnection->simpleQuery('INSERT INTO `utilisateur` (`societe`, `mdp`, `date_création`, `date_modification`) VALUES (\'asminfo\', \'$2y$10$zOcOcAzhUprd1oKL89BKW.dJm750efHEPBjqjpvFUTeSzrexJdM6O\', \'2024-02-20 16:25:49\', \'2024-02-20 16:25:49\')')
 4 SYSTEMPATH\Database\BaseBuilder.php(2307): CodeIgniter\Database\BaseConnection->query('INSERT INTO `utilisateur` (`societe`, `mdp`, `date_création`, `date_modification`) VALUES (:societe:, :mdp:, :date_création:, :date_modification:)', [...], false)
 5 SYSTEMPATH\Model.php(326): CodeIgniter\Database\BaseBuilder->insert()
 6 SYSTEMPATH\BaseModel.php(802): CodeIgniter\Model->doInsert([...])
 7 SYSTEMPATH\Model.php(744): CodeIgniter\BaseModel->insert([...], true)
 8 APPPATH\Controllers\Inscription.php(51): CodeIgniter\Model->insert([...])
 9 SYSTEMPATH\CodeIgniter.php(941): App\Controllers\Inscription->enregistrement()
10 SYSTEMPATH\CodeIgniter.php(502): CodeIgniter\CodeIgniter->runController(Object(App\Controllers\Inscription))
11 SYSTEMPATH\CodeIgniter.php(361): CodeIgniter\CodeIgniter->handleRequest(null, Object(Config\Cache), false)
12 FCPATH\index.php(79): CodeIgniter\CodeIgniter->run()
